<?xml version="1.0" encoding="utf-8"?>
<TestRun id="8606d718-83da-4ac4-9fe9-28f54d6f7eba" name="@Ladislavs-MacBook-Air 2026-01-18 00:13:55" xmlns="http://microsoft.com/schemas/VisualStudio/TeamTest/2010">
  <Times creation="2026-01-18T00:13:55.1982190+01:00" queuing="2026-01-18T00:13:55.1982190+01:00" start="2026-01-18T00:13:53.3628680+01:00" finish="2026-01-18T00:13:58.7476440+01:00" />
  <TestSettings name="default" id="307480b4-c882-42f7-87b0-68f2289bd02e">
    <Deployment runDeploymentRoot="_Ladislavs-MacBook-Air_2026-01-18_00_13_55" />
  </TestSettings>
  <Results>
    <UnitTestResult executionId="c0cad645-3592-4f62-92f4-f72590de429b" testId="515a3110-5bec-f6f3-5bd9-bc0f9e207156" testName="BeDemo.Api.Tests.PerformanceEdgeCaseTests.Register_ShouldRespondWithinReasonableTime" computerName="Ladislavs-MacBook-Air" duration="00:00:00.1217338" startTime="2026-01-18T00:13:55.5370040+01:00" endTime="2026-01-18T00:13:55.6588100+01:00" testType="13cdc9d9-ddb5-4fa4-a97d-d965ccfc6d4b" outcome="Passed" testListId="8c84fa94-04c1-424b-9868-57a2d4851a1d" relativeResultsDirectory="c0cad645-3592-4f62-92f4-f72590de429b" />
    <UnitTestResult executionId="17668e0d-ead8-4d0b-97e8-41e03af32e5e" testId="a8838bf9-86bd-72b3-2418-cc6218d45eb3" testName="BeDemo.Api.Tests.PageTypesControllerTests.GetPageTypes_ShouldReturnUnauthorized_WhenNoToken" computerName="Ladislavs-MacBook-Air" duration="00:00:00.0015004" startTime="2026-01-18T00:13:57.5698750+01:00" endTime="2026-01-18T00:13:57.5710770+01:00" testType="13cdc9d9-ddb5-4fa4-a97d-d965ccfc6d4b" outcome="Passed" testListId="8c84fa94-04c1-424b-9868-57a2d4851a1d" relativeResultsDirectory="17668e0d-ead8-4d0b-97e8-41e03af32e5e" />
    <UnitTestResult executionId="535a01c6-0871-41e4-955b-4e423bfbd9a8" testId="248ac77b-2240-aa8d-c818-d2d5401345d1" testName="BeDemo.Api.Tests.OAuth2EdgeCaseTests.Token_ShouldFail_WhenUsingPut" computerName="Ladislavs-MacBook-Air" duration="00:00:00.0008063" startTime="2026-01-18T00:13:58.0435780+01:00" endTime="2026-01-18T00:13:58.0443720+01:00" testType="13cdc9d9-ddb5-4fa4-a97d-d965ccfc6d4b" outcome="Passed" testListId="8c84fa94-04c1-424b-9868-57a2d4851a1d" relativeResultsDirectory="535a01c6-0871-41e4-955b-4e423bfbd9a8" />
    <UnitTestResult executionId="abea6ffc-ead3-491c-8771-bbc3ac89351e" testId="9f6e31ae-4326-4644-4004-9a56b262b461" testName="BeDemo.Api.Tests.OAuth2EdgeCaseTests.Register_ShouldFail_WhenEmailIsEmpty" computerName="Ladislavs-MacBook-Air" duration="00:00:00.0374919" startTime="2026-01-18T00:13:56.8672980+01:00" endTime="2026-01-18T00:13:56.9044110+01:00" testType="13cdc9d9-ddb5-4fa4-a97d-d965ccfc6d4b" outcome="Passed" testListId="8c84fa94-04c1-424b-9868-57a2d4851a1d" relativeResultsDirectory="abea6ffc-ead3-491c-8771-bbc3ac89351e" />
    <UnitTestResult executionId="5cbf0b81-6dd1-4e9d-81b1-cda8978508b3" testId="eb5336b9-2965-01b3-95b0-0a1c601372f4" testName="BeDemo.Api.Tests.OAuth2EdgeCaseTests.Register_ShouldFail_WhenUsingGet" computerName="Ladislavs-MacBook-Air" duration="00:00:00.0004836" startTime="2026-01-18T00:13:56.9146500+01:00" endTime="2026-01-18T00:13:56.9151880+01:00" testType="13cdc9d9-ddb5-4fa4-a97d-d965ccfc6d4b" outcome="Passed" testListId="8c84fa94-04c1-424b-9868-57a2d4851a1d" relativeResultsDirectory="5cbf0b81-6dd1-4e9d-81b1-cda8978508b3" />
    <UnitTestResult executionId="db0b036e-43a5-4971-9b3b-bd1f597ec7ba" testId="9e6c249b-cb7a-9694-c72d-099bade9e42f" testName="BeDemo.Api.Tests.BoundaryValueTests.Register_ShouldHandleNullLastName" computerName="Ladislavs-MacBook-Air" duration="00:00:00.0706748" startTime="2026-01-18T00:13:56.7617450+01:00" endTime="2026-01-18T00:13:56.8314400+01:00" testType="13cdc9d9-ddb5-4fa4-a97d-d965ccfc6d4b" outcome="Passed" testListId="8c84fa94-04c1-424b-9868-57a2d4851a1d" relativeResultsDirectory="db0b036e-43a5-4971-9b3b-bd1f597ec7ba" />
    <UnitTestResult executionId="4feb1caa-416f-4595-82da-a64fdccc51fb" testId="632500c7-7bd7-e718-df01-0d87d623318b" testName="BeDemo.Api.Tests.SecurityEdgeCaseTests.Token_ShouldFail_WhenUnicodeNullInUsername" computerName="Ladislavs-MacBook-Air" duration="00:00:00.0044885" startTime="2026-01-18T00:13:55.4129310+01:00" endTime="2026-01-18T00:13:55.4174990+01:00" testType="13cdc9d9-ddb5-4fa4-a97d-d965ccfc6d4b" outcome="Passed" testListId="8c84fa94-04c1-424b-9868-57a2d4851a1d" relativeResultsDirectory="4feb1caa-416f-4595-82da-a64fdccc51fb" />
    <UnitTestResult executionId="4f7ac208-bf03-432b-a961-89bab11c6e12" testId="3a06076e-d129-1335-439f-dc4774144b90" testName="BeDemo.Api.Tests.OAuth2EdgeCaseTests.Token_ShouldFail_WhenUsernameIsMissing" computerName="Ladislavs-MacBook-Air" duration="00:00:00.0062958" startTime="2026-01-18T00:13:56.7018500+01:00" endTime="2026-01-18T00:13:56.7081260+01:00" testType="13cdc9d9-ddb5-4fa4-a97d-d965ccfc6d4b" outcome="Passed" testListId="8c84fa94-04c1-424b-9868-57a2d4851a1d" relativeResultsDirectory="4f7ac208-bf03-432b-a961-89bab11c6e12" />
    <UnitTestResult executionId="8d603af9-bdab-4178-866c-b99032ecfea7" testId="394b1a28-7f9a-aeb0-e17d-9dcdd5327c59" testName="BeDemo.Api.Tests.OAuth2EdgeCaseTests.Register_ShouldSucceed_WithSpecialCharactersInEmail" computerName="Ladislavs-MacBook-Air" duration="00:00:00.0569883" startTime="2026-01-18T00:13:56.7943330+01:00" endTime="2026-01-18T00:13:56.8515240+01:00" testType="13cdc9d9-ddb5-4fa4-a97d-d965ccfc6d4b" outcome="Passed" testListId="8c84fa94-04c1-424b-9868-57a2d4851a1d" relativeResultsDirectory="8d603af9-bdab-4178-866c-b99032ecfea7" />
    <UnitTestResult executionId="1ffb7743-9425-4320-9c36-94a46b9537cb" testId="5ef5866e-cc31-a396-73fe-699306420890" testName="BeDemo.Api.Tests.OAuth2EdgeCaseTests.Register_ShouldFail_WhenPasswordNoDigit" computerName="Ladislavs-MacBook-Air" duration="00:00:00.0018419" startTime="2026-01-18T00:13:56.6466860+01:00" endTime="2026-01-18T00:13:56.6484320+01:00" testType="13cdc9d9-ddb5-4fa4-a97d-d965ccfc6d4b" outcome="Passed" testListId="8c84fa94-04c1-424b-9868-57a2d4851a1d" relativeResultsDirectory="1ffb7743-9425-4320-9c36-94a46b9537cb" />
    <UnitTestResult executionId="a47e7c70-83bc-475a-ad80-15e00b658ca3" testId="8bc44620-28d9-a63c-3a71-6a529d4f487c" testName="BeDemo.Api.Tests.LoginTests.Login_ShouldReturnBadRequest_WhenGrantTypeIsMissing" computerName="Ladislavs-MacBook-Air" duration="00:00:00.0083411" startTime="2026-01-18T00:13:55.2965000+01:00" endTime="2026-01-18T00:13:55.3042470+01:00" testType="13cdc9d9-ddb5-4fa4-a97d-d965ccfc6d4b" outcome="Passed" testListId="8c84fa94-04c1-424b-9868-57a2d4851a1d" relativeResultsDirectory="a47e7c70-83bc-475a-ad80-15e00b658ca3" />
    <UnitTestResult executionId="4b5c0276-6a37-48e7-9e6d-c239a1a94376" testId="b2afa9ee-f3e1-284f-902e-471aa3cf5364" testName="BeDemo.Api.Tests.FacesControllerTests.GetFaces_ShouldReturnFacesList_WhenAuthenticated" computerName="Ladislavs-MacBook-Air" duration="00:00:00.2500101" startTime="2026-01-18T00:13:57.3320610+01:00" endTime="2026-01-18T00:13:57.5819120+01:00" testType="13cdc9d9-ddb5-4fa4-a97d-d965ccfc6d4b" outcome="Passed" testListId="8c84fa94-04c1-424b-9868-57a2d4851a1d" relativeResultsDirectory="4b5c0276-6a37-48e7-9e6d-c239a1a94376" />
    <UnitTestResult executionId="96d4304e-f923-4d15-8be0-b8c6aefcc824" testId="f3855a03-888f-d695-5d68-90c0b4869293" testName="BeDemo.Api.Tests.BoundaryValueTests.Token_ShouldHandleWhitespaceOnlyInPassword" computerName="Ladislavs-MacBook-Air" duration="00:00:00.0094107" startTime="2026-01-18T00:13:56.5373050+01:00" endTime="2026-01-18T00:13:56.5471250+01:00" testType="13cdc9d9-ddb5-4fa4-a97d-d965ccfc6d4b" outcome="Passed" testListId="8c84fa94-04c1-424b-9868-57a2d4851a1d" relativeResultsDirectory="96d4304e-f923-4d15-8be0-b8c6aefcc824" />
    <UnitTestResult executionId="6d27e612-9cba-45c1-9f03-678242b1b5b2" testId="df49578d-0bbc-e323-36d0-32f24b63052f" testName="BeDemo.Api.Tests.BoundaryValueTests.Register_ShouldHandleVeryLongFirstName" computerName="Ladislavs-MacBook-Air" duration="00:00:00.0434449" startTime="2026-01-18T00:13:56.5515120+01:00" endTime="2026-01-18T00:13:56.5950250+01:00" testType="13cdc9d9-ddb5-4fa4-a97d-d965ccfc6d4b" outcome="Passed" testListId="8c84fa94-04c1-424b-9868-57a2d4851a1d" relativeResultsDirectory="6d27e612-9cba-45c1-9f03-678242b1b5b2" />
    <UnitTestResult executionId="381bd8ef-7174-47d4-8355-3435d4b3dee5" testId="a4f9ebeb-eadd-cd94-3d81-eb54e712fe1d" testName="BeDemo.Api.Tests.BoundaryValueTests.Register_ShouldSucceed_WhenEmailIsMinLength" computerName="Ladislavs-MacBook-Air" duration="00:00:00.0465351" startTime="2026-01-18T00:13:55.4804450+01:00" endTime="2026-01-18T00:13:55.5278190+01:00" testType="13cdc9d9-ddb5-4fa4-a97d-d965ccfc6d4b" outcome="Passed" testListId="8c84fa94-04c1-424b-9868-57a2d4851a1d" relativeResultsDirectory="381bd8ef-7174-47d4-8355-3435d4b3dee5" />
    <UnitTestResult executionId="e67446af-455d-4ac4-a3d7-cc870556dc11" testId="90447842-1df4-9018-0fb7-60da9e679047" testName="BeDemo.Api.Tests.OAuth2ControllerTests.Token_ShouldReturnUnauthorized_WhenInvalidCredentials" computerName="Ladislavs-MacBook-Air" duration="00:00:01.2878746" startTime="2026-01-18T00:13:53.8775530+01:00" endTime="2026-01-18T00:13:55.1695700+01:00" testType="13cdc9d9-ddb5-4fa4-a97d-d965ccfc6d4b" outcome="Passed" testListId="8c84fa94-04c1-424b-9868-57a2d4851a1d" relativeResultsDirectory="e67446af-455d-4ac4-a3d7-cc870556dc11" />
    <UnitTestResult executionId="d28523f1-79c5-46ba-8e99-212dda87f66b" testId="a77d4cec-7ddf-eff3-f1be-591f94465637" testName="BeDemo.Api.Tests.OAuth2EdgeCaseTests.Token_ShouldFail_WhenUsingDelete" computerName="Ladislavs-MacBook-Air" duration="00:00:00.0015705" startTime="2026-01-18T00:13:56.7002400+01:00" endTime="2026-01-18T00:13:56.7016430+01:00" testType="13cdc9d9-ddb5-4fa4-a97d-d965ccfc6d4b" outcome="Passed" testListId="8c84fa94-04c1-424b-9868-57a2d4851a1d" relativeResultsDirectory="d28523f1-79c5-46ba-8e99-212dda87f66b" />
    <UnitTestResult executionId="1ed74feb-f20a-44a1-b14d-f56533b9d74a" testId="bd8c9bbc-a250-742a-a15c-fa4b145aee2a" testName="BeDemo.Api.Tests.PageTypesControllerTests.CreatePageType_ShouldReturnCreated_WhenValidData" computerName="Ladislavs-MacBook-Air" duration="00:00:01.0793055" startTime="2026-01-18T00:13:55.4064310+01:00" endTime="2026-01-18T00:13:56.4863010+01:00" testType="13cdc9d9-ddb5-4fa4-a97d-d965ccfc6d4b" outcome="Failed" testListId="8c84fa94-04c1-424b-9868-57a2d4851a1d" relativeResultsDirectory="1ed74feb-f20a-44a1-b14d-f56533b9d74a">
      <Output>
        <ErrorInfo>
          <Message>Microsoft.CSharp.RuntimeBinder.RuntimeBinderException : 'System.Text.Json.JsonElement' does not contain a definition for 'Should'</Message>
          <StackTrace>   at CallSite.Target(Closure, CallSite, Object)
   at System.Dynamic.UpdateDelegates.UpdateAndExecute1[T0,TRet](CallSite site, T0 arg0)
   at BeDemo.Api.Tests.PageTypesControllerTests.CreatePageType_ShouldReturnCreated_WhenValidData() in /Users/ladislavkostolny/Soft/_mfai_demo/be_demo/BeDemo.Api.Tests/PageTypesControllerTests.cs:line 153
--- End of stack trace from previous location ---</StackTrace>
        </ErrorInfo>
      </Output>
    </UnitTestResult>
    <UnitTestResult executionId="086a5ffa-6dc0-4209-ae25-bdf47918b260" testId="dfe061b0-6773-792c-29c4-5438b32c76e5" testName="BeDemo.Api.Tests.SecurityEdgeCaseTests.Token_ShouldFail_WhenSignatureIsEmpty" computerName="Ladislavs-MacBook-Air" duration="00:00:00.0986056" startTime="2026-01-18T00:13:55.1695500+01:00" endTime="2026-01-18T00:13:55.2670860+01:00" testType="13cdc9d9-ddb5-4fa4-a97d-d965ccfc6d4b" outcome="Passed" testListId="8c84fa94-04c1-424b-9868-57a2d4851a1d" relativeResultsDirectory="086a5ffa-6dc0-4209-ae25-bdf47918b260" />
    <UnitTestResult executionId="74095116-ee5b-4004-a769-d62ab5a64600" testId="941c1740-bc3b-b22f-245d-91c5ab870317" testName="BeDemo.Api.Tests.SecurityEdgeCaseTests.Register_ShouldFail_WhenEmailContainsNullByte" computerName="Ladislavs-MacBook-Air" duration="00:00:00.0029849" startTime="2026-01-18T00:13:55.4810770+01:00" endTime="2026-01-18T00:13:55.4840750+01:00" testType="13cdc9d9-ddb5-4fa4-a97d-d965ccfc6d4b" outcome="Passed" testListId="8c84fa94-04c1-424b-9868-57a2d4851a1d" relativeResultsDirectory="74095116-ee5b-4004-a769-d62ab5a64600" />
    <UnitTestResult executionId="9032b1e4-9fa5-46be-9ede-01d3d26d7c20" testId="8c0b67b7-70d8-7378-f869-29d862a04dad" testName="BeDemo.Api.Tests.LoginTests.Login_ShouldReturnToken_WhenEmailIsCaseInsensitive" computerName="Ladislavs-MacBook-Air" duration="00:00:00.9200035" startTime="2026-01-18T00:13:55.5559370+01:00" endTime="2026-01-18T00:13:56.4761590+01:00" testType="13cdc9d9-ddb5-4fa4-a97d-d965ccfc6d4b" outcome="Passed" testListId="8c84fa94-04c1-424b-9868-57a2d4851a1d" relativeResultsDirectory="9032b1e4-9fa5-46be-9ede-01d3d26d7c20" />
    <UnitTestResult executionId="61141451-1835-4ceb-92f3-a14f26e11613" testId="3ad4d443-7e7a-3d14-279b-a8d44bd87cdb" testName="BeDemo.Api.Tests.OAuth2EdgeCaseTests.Token_ShouldFail_WhenPasswordIsEmpty" computerName="Ladislavs-MacBook-Air" duration="00:00:00.0008024" startTime="2026-01-18T00:13:58.2400170+01:00" endTime="2026-01-18T00:13:58.2408460+01:00" testType="13cdc9d9-ddb5-4fa4-a97d-d965ccfc6d4b" outcome="Passed" testListId="8c84fa94-04c1-424b-9868-57a2d4851a1d" relativeResultsDirectory="61141451-1835-4ceb-92f3-a14f26e11613" />
    <UnitTestResult executionId="b9b7b895-9aa7-490d-99da-7487c0c354e1" testId="22faf87f-1aca-03fb-cca0-c2469fb1d633" testName="BeDemo.Api.Tests.OAuth2ServiceTests.ValidateClientAsync_ShouldReturnFalse_WhenClientSecretIsInvalid" computerName="Ladislavs-MacBook-Air" duration="00:00:00.0005307" startTime="2026-01-18T00:13:55.5505520+01:00" endTime="2026-01-18T00:13:55.5509970+01:00" testType="13cdc9d9-ddb5-4fa4-a97d-d965ccfc6d4b" outcome="Passed" testListId="8c84fa94-04c1-424b-9868-57a2d4851a1d" relativeResultsDirectory="b9b7b895-9aa7-490d-99da-7487c0c354e1" />
    <UnitTestResult executionId="ab30fe09-28cc-4f22-99e5-4ae9d6f69932" testId="20d16c56-9721-f0ae-cf67-c72bcda857d9" testName="BeDemo.Api.Tests.SecurityEdgeCaseTests.Token_ShouldFail_WhenOnlyWhitespaceInPassword" computerName="Ladislavs-MacBook-Air" duration="00:00:00.0043735" startTime="2026-01-18T00:13:55.3562720+01:00" endTime="2026-01-18T00:13:55.3603910+01:00" testType="13cdc9d9-ddb5-4fa4-a97d-d965ccfc6d4b" outcome="Passed" testListId="8c84fa94-04c1-424b-9868-57a2d4851a1d" relativeResultsDirectory="ab30fe09-28cc-4f22-99e5-4ae9d6f69932" />
    <UnitTestResult executionId="59fb98d9-5ef9-4112-a1e6-4914f3f98c06" testId="1bc00c01-41d4-133a-05ad-e810a510269b" testName="BeDemo.Api.Tests.FacesControllerTests.CreateFace_ShouldReturnBadRequest_WhenIndexExists" computerName="Ladislavs-MacBook-Air" duration="00:00:00.2864389" startTime="2026-01-18T00:13:56.5245870+01:00" endTime="2026-01-18T00:13:56.8118140+01:00" testType="13cdc9d9-ddb5-4fa4-a97d-d965ccfc6d4b" outcome="Passed" testListId="8c84fa94-04c1-424b-9868-57a2d4851a1d" relativeResultsDirectory="59fb98d9-5ef9-4112-a1e6-4914f3f98c06" />
    <UnitTestResult executionId="d26a5e76-7725-4ae3-ba6c-712acc23373b" testId="7b0870b3-ab8f-74f6-2bd2-de07a4e6f178" testName="BeDemo.Api.Tests.OAuth2EdgeCaseTests.Token_ShouldFail_WhenGrantTypeIsInvalid" computerName="Ladislavs-MacBook-Air" duration="00:00:00.0015169" startTime="2026-01-18T00:13:56.8638040+01:00" endTime="2026-01-18T00:13:56.8652400+01:00" testType="13cdc9d9-ddb5-4fa4-a97d-d965ccfc6d4b" outcome="Passed" testListId="8c84fa94-04c1-424b-9868-57a2d4851a1d" relativeResultsDirectory="d26a5e76-7725-4ae3-ba6c-712acc23373b" />
    <UnitTestResult executionId="435fe402-9b9c-476c-b530-7ff7a8d11153" testId="bd45ccd1-fb42-a5d5-21f4-42b292172a3c" testName="BeDemo.Api.Tests.SignalRHubTests.SignalRHub_ShouldRejectConnection_WhenNoToken" computerName="Ladislavs-MacBook-Air" duration="00:00:01.0842373" startTime="2026-01-18T00:13:53.8783750+01:00" endTime="2026-01-18T00:13:54.9684510+01:00" testType="13cdc9d9-ddb5-4fa4-a97d-d965ccfc6d4b" outcome="Passed" testListId="8c84fa94-04c1-424b-9868-57a2d4851a1d" relativeResultsDirectory="435fe402-9b9c-476c-b530-7ff7a8d11153" />
    <UnitTestResult executionId="fb7f0c9a-8f84-4af2-8f80-0ed004d17b64" testId="8851343f-4a90-52b5-bbd9-318f97377cb0" testName="BeDemo.Api.Tests.RefreshTokenEdgeCaseTests.Token_ShouldFail_WhenRefreshTokenIsRandomString" computerName="Ladislavs-MacBook-Air" duration="00:00:01.2733391" startTime="2026-01-18T00:13:53.8783310+01:00" endTime="2026-01-18T00:13:55.1535140+01:00" testType="13cdc9d9-ddb5-4fa4-a97d-d965ccfc6d4b" outcome="Passed" testListId="8c84fa94-04c1-424b-9868-57a2d4851a1d" relativeResultsDirectory="fb7f0c9a-8f84-4af2-8f80-0ed004d17b64" />
    <UnitTestResult executionId="63e8664c-e484-48eb-87b4-3ce8c6b70503" testId="4ad509c9-3108-aedd-3781-7273c6a0b73d" testName="BeDemo.Api.Tests.SecurityEdgeCaseTests.Token_ShouldFail_WhenTabInUsername" computerName="Ladislavs-MacBook-Air" duration="00:00:00.0046508" startTime="2026-01-18T00:13:55.3328570+01:00" endTime="2026-01-18T00:13:55.3380740+01:00" testType="13cdc9d9-ddb5-4fa4-a97d-d965ccfc6d4b" outcome="Passed" testListId="8c84fa94-04c1-424b-9868-57a2d4851a1d" relativeResultsDirectory="63e8664c-e484-48eb-87b4-3ce8c6b70503" />
    <UnitTestResult executionId="2a23dfd8-0d64-4cb7-a8cf-eb0edf0cc77d" testId="e697fdeb-60b4-e588-9b06-8b2da3bb1f21" testName="BeDemo.Api.Tests.OAuth2EdgeCaseTests.Register_ShouldFail_WhenEmailIsNull" computerName="Ladislavs-MacBook-Air" duration="00:00:00.0367348" startTime="2026-01-18T00:13:58.0887660+01:00" endTime="2026-01-18T00:13:58.1255440+01:00" testType="13cdc9d9-ddb5-4fa4-a97d-d965ccfc6d4b" outcome="Passed" testListId="8c84fa94-04c1-424b-9868-57a2d4851a1d" relativeResultsDirectory="2a23dfd8-0d64-4cb7-a8cf-eb0edf0cc77d" />
    <UnitTestResult executionId="60ca0e06-3a41-4595-8896-84458928f7b2" testId="ca6861d5-5c7a-ab22-0fa0-c2e95e472f17" testName="BeDemo.Api.Tests.BoundaryValueTests.Token_ShouldHandleWhitespaceOnlyInUsername" computerName="Ladislavs-MacBook-Air" duration="00:00:00.0053307" startTime="2026-01-18T00:13:55.4748310+01:00" endTime="2026-01-18T00:13:55.4802650+01:00" testType="13cdc9d9-ddb5-4fa4-a97d-d965ccfc6d4b" outcome="Passed" testListId="8c84fa94-04c1-424b-9868-57a2d4851a1d" relativeResultsDirectory="60ca0e06-3a41-4595-8896-84458928f7b2" />
    <UnitTestResult executionId="d2feb1dc-7fc0-4cf3-9b4b-0f0ca50ba060" testId="f64d640c-0979-54c1-b903-40c87034cd3d" testName="BeDemo.Api.Tests.LoginTests.Login_ShouldReturnUnauthorized_WhenInvalidEmail" computerName="Ladislavs-MacBook-Air" duration="00:00:00.0065781" startTime="2026-01-18T00:13:55.2891000+01:00" endTime="2026-01-18T00:13:55.2957280+01:00" testType="13cdc9d9-ddb5-4fa4-a97d-d965ccfc6d4b" outcome="Passed" testListId="8c84fa94-04c1-424b-9868-57a2d4851a1d" relativeResultsDirectory="d2feb1dc-7fc0-4cf3-9b4b-0f0ca50ba060" />
    <UnitTestResult executionId="91a781f4-ee79-463d-a044-d1c049b42005" testId="9ae2d10a-adc5-532b-ed5d-391feee7b482" testName="BeDemo.Api.Tests.OAuth2EdgeCaseTests.Register_ShouldFail_WhenEmailInvalidFormat" computerName="Ladislavs-MacBook-Air" duration="00:00:00.0510534" startTime="2026-01-18T00:13:56.6485880+01:00" endTime="2026-01-18T00:13:56.7000540+01:00" testType="13cdc9d9-ddb5-4fa4-a97d-d965ccfc6d4b" outcome="Passed" testListId="8c84fa94-04c1-424b-9868-57a2d4851a1d" relativeResultsDirectory="91a781f4-ee79-463d-a044-d1c049b42005" />
    <UnitTestResult executionId="270eee60-9d85-4e5f-b029-48d5b5ed04f0" testId="af4eaedc-02a2-ebc2-3a4e-3f5879ccc678" testName="BeDemo.Api.Tests.OAuth2EdgeCaseTests.Register_ShouldFail_WhenEmailAlreadyExists" computerName="Ladislavs-MacBook-Air" duration="00:00:01.0822601" startTime="2026-01-18T00:13:56.9612570+01:00" endTime="2026-01-18T00:13:58.0434620+01:00" testType="13cdc9d9-ddb5-4fa4-a97d-d965ccfc6d4b" outcome="Passed" testListId="8c84fa94-04c1-424b-9868-57a2d4851a1d" relativeResultsDirectory="270eee60-9d85-4e5f-b029-48d5b5ed04f0" />
    <UnitTestResult executionId="fc52d365-c345-4bf9-8654-04ee7280874d" testId="4d63093f-5051-0201-fe2b-4dee3037a761" testName="BeDemo.Api.Tests.SecurityEdgeCaseTests.Token_ShouldFail_WhenSignatureAlgorithmIsInvalid" computerName="Ladislavs-MacBook-Air" duration="00:00:00.0480104" startTime="2026-01-18T00:13:55.4232410+01:00" endTime="2026-01-18T00:13:55.4715580+01:00" testType="13cdc9d9-ddb5-4fa4-a97d-d965ccfc6d4b" outcome="Passed" testListId="8c84fa94-04c1-424b-9868-57a2d4851a1d" relativeResultsDirectory="fc52d365-c345-4bf9-8654-04ee7280874d" />
    <UnitTestResult executionId="658516a3-85fd-412d-8281-8dc5231a6f84" testId="206bf364-a51c-202d-de8d-3453257deb32" testName="BeDemo.Api.Tests.SecurityEdgeCaseTests.Token_ShouldFail_WhenRefreshTokenContainsXSS" computerName="Ladislavs-MacBook-Air" duration="00:00:00.0106858" startTime="2026-01-18T00:13:55.3461900+01:00" endTime="2026-01-18T00:13:55.3526170+01:00" testType="13cdc9d9-ddb5-4fa4-a97d-d965ccfc6d4b" outcome="Passed" testListId="8c84fa94-04c1-424b-9868-57a2d4851a1d" relativeResultsDirectory="658516a3-85fd-412d-8281-8dc5231a6f84" />
    <UnitTestResult executionId="897f39b6-ac4b-45af-ae6c-817708ecd553" testId="92b4023b-4a7c-a6f0-f9dc-a911170638ac" testName="BeDemo.Api.Tests.SecurityEdgeCaseTests.Register_ShouldFail_WhenXSSInEmail" computerName="Ladislavs-MacBook-Air" duration="00:00:00.0487143" startTime="2026-01-18T00:13:55.4885370+01:00" endTime="2026-01-18T00:13:55.5364310+01:00" testType="13cdc9d9-ddb5-4fa4-a97d-d965ccfc6d4b" outcome="Passed" testListId="8c84fa94-04c1-424b-9868-57a2d4851a1d" relativeResultsDirectory="897f39b6-ac4b-45af-ae6c-817708ecd553" />
    <UnitTestResult executionId="2eb94a69-e947-4d58-81c4-f6da69205e22" testId="a258fe32-1643-858e-afd2-25e921f14b86" testName="BeDemo.Api.Tests.SecurityEdgeCaseTests.Token_ShouldFail_WhenGrantTypeContainsSQLInjection" computerName="Ladislavs-MacBook-Air" duration="00:00:00.0040199" startTime="2026-01-18T00:13:55.3382410+01:00" endTime="2026-01-18T00:13:55.3415620+01:00" testType="13cdc9d9-ddb5-4fa4-a97d-d965ccfc6d4b" outcome="Passed" testListId="8c84fa94-04c1-424b-9868-57a2d4851a1d" relativeResultsDirectory="2eb94a69-e947-4d58-81c4-f6da69205e22" />
    <UnitTestResult executionId="72c13969-6027-48dc-91cb-d25dca6b97c9" testId="ca1c3cc8-4f47-c3c6-dd57-a405850a04ea" testName="BeDemo.Api.Tests.SecurityEdgeCaseTests.Token_ShouldFail_WhenCommandInjectionInUsername" computerName="Ladislavs-MacBook-Air" duration="00:00:00.0048534" startTime="2026-01-18T00:13:55.2783500+01:00" endTime="2026-01-18T00:13:55.2819240+01:00" testType="13cdc9d9-ddb5-4fa4-a97d-d965ccfc6d4b" outcome="Passed" testListId="8c84fa94-04c1-424b-9868-57a2d4851a1d" relativeResultsDirectory="72c13969-6027-48dc-91cb-d25dca6b97c9" />
    <UnitTestResult executionId="5623a67f-ffe9-482c-ab39-1fae11655b83" testId="d783165e-ba7a-2cb1-788e-dce62da3c639" testName="BeDemo.Api.Tests.SecurityEdgeCaseTests.Token_ShouldFail_WhenVeryLongGrantType" computerName="Ladislavs-MacBook-Air" duration="00:00:00.0031651" startTime="2026-01-18T00:13:55.4843860+01:00" endTime="2026-01-18T00:13:55.4876090+01:00" testType="13cdc9d9-ddb5-4fa4-a97d-d965ccfc6d4b" outcome="Passed" testListId="8c84fa94-04c1-424b-9868-57a2d4851a1d" relativeResultsDirectory="5623a67f-ffe9-482c-ab39-1fae11655b83" />
    <UnitTestResult executionId="9ad2cda6-d576-454f-ba2d-0c89ab4b19f8" testId="4cbcd354-167a-bc90-87e5-bfb17ca55087" testName="BeDemo.Api.Tests.OAuth2EdgeCaseTests.Token_ShouldFail_WhenBodyIsNull" computerName="Ladislavs-MacBook-Air" duration="00:00:00.0007252" startTime="2026-01-18T00:13:58.2392100+01:00" endTime="2026-01-18T00:13:58.2399520+01:00" testType="13cdc9d9-ddb5-4fa4-a97d-d965ccfc6d4b" outcome="Passed" testListId="8c84fa94-04c1-424b-9868-57a2d4851a1d" relativeResultsDirectory="9ad2cda6-d576-454f-ba2d-0c89ab4b19f8" />
    <UnitTestResult executionId="1385efd8-8897-4b3a-b026-4a0f934b81f0" testId="f69f873a-bbf7-0f6e-9c5a-650b98e64db6" testName="BeDemo.Api.Tests.PerformanceEdgeCaseTests.Register_ShouldHandle100ConcurrentRegistrations" computerName="Ladislavs-MacBook-Air" duration="00:00:00.8145750" startTime="2026-01-18T00:13:55.6589080+01:00" endTime="2026-01-18T00:13:56.4746440+01:00" testType="13cdc9d9-ddb5-4fa4-a97d-d965ccfc6d4b" outcome="Passed" testListId="8c84fa94-04c1-424b-9868-57a2d4851a1d" relativeResultsDirectory="1385efd8-8897-4b3a-b026-4a0f934b81f0" />
    <UnitTestResult executionId="43b088b0-fcad-4c77-a814-c5fdc02c5788" testId="553c2140-1ba8-605e-6928-e87d9340b9dc" testName="BeDemo.Api.Tests.OAuth2EdgeCaseTests.Token_ShouldFail_WhenClientIdIsWrong" computerName="Ladislavs-MacBook-Air" duration="00:00:00.0008705" startTime="2026-01-18T00:13:56.9152510+01:00" endTime="2026-01-18T00:13:56.9163340+01:00" testType="13cdc9d9-ddb5-4fa4-a97d-d965ccfc6d4b" outcome="Passed" testListId="8c84fa94-04c1-424b-9868-57a2d4851a1d" relativeResultsDirectory="43b088b0-fcad-4c77-a814-c5fdc02c5788" />
    <UnitTestResult executionId="0999cc59-f410-4e7d-9b03-4f708b8cd8dc" testId="0af52962-7642-bf14-fa62-feee72dcf859" testName="BeDemo.Api.Tests.AuthControllerTests.Register_ShouldReturnBadRequest_WhenEmailIsMissing" computerName="Ladislavs-MacBook-Air" duration="00:00:00.0535153" startTime="2026-01-18T00:13:56.4698910+01:00" endTime="2026-01-18T00:13:56.5192070+01:00" testType="13cdc9d9-ddb5-4fa4-a97d-d965ccfc6d4b" outcome="Passed" testListId="8c84fa94-04c1-424b-9868-57a2d4851a1d" relativeResultsDirectory="0999cc59-f410-4e7d-9b03-4f708b8cd8dc" />
    <UnitTestResult executionId="0484685a-5ce2-49a3-8601-bafda962e6cf" testId="4b886e9c-bcb5-7c64-9c37-da43f6b2e87f" testName="BeDemo.Api.Tests.PagesControllerTests.UpdatePage_ShouldReturnOk_WhenValidData" computerName="Ladislavs-MacBook-Air" duration="00:00:00.2751487" startTime="2026-01-18T00:13:56.5106700+01:00" endTime="2026-01-18T00:13:56.7869930+01:00" testType="13cdc9d9-ddb5-4fa4-a97d-d965ccfc6d4b" outcome="Failed" testListId="8c84fa94-04c1-424b-9868-57a2d4851a1d" relativeResultsDirectory="0484685a-5ce2-49a3-8601-bafda962e6cf">
      <Output>
        <ErrorInfo>
          <Message>Microsoft.CSharp.RuntimeBinder.RuntimeBinderException : 'System.Text.Json.JsonElement' does not contain a definition for 'id'</Message>
          <StackTrace>   at CallSite.Target(Closure, CallSite, Object)
   at BeDemo.Api.Tests.PagesControllerTests.CreateTestFaceAsync() in /Users/ladislavkostolny/Soft/_mfai_demo/be_demo/BeDemo.Api.Tests/PagesControllerTests.cs:line 98
   at BeDemo.Api.Tests.PagesControllerTests.UpdatePage_ShouldReturnOk_WhenValidData() in /Users/ladislavkostolny/Soft/_mfai_demo/be_demo/BeDemo.Api.Tests/PagesControllerTests.cs:line 241
--- End of stack trace from previous location ---</StackTrace>
        </ErrorInfo>
      </Output>
    </UnitTestResult>
    <UnitTestResult executionId="bc0365ba-5267-4c99-a531-575a10c31388" testId="8ab8e042-9c0b-80ae-0031-eb4bd6567b85" testName="BeDemo.Api.Tests.OAuth2EdgeCaseTests.Token_ShouldFail_WhenUsingGet" computerName="Ladislavs-MacBook-Air" duration="00:00:00.0011576" startTime="2026-01-18T00:13:56.8605880+01:00" endTime="2026-01-18T00:13:56.8616420+01:00" testType="13cdc9d9-ddb5-4fa4-a97d-d965ccfc6d4b" outcome="Passed" testListId="8c84fa94-04c1-424b-9868-57a2d4851a1d" relativeResultsDirectory="bc0365ba-5267-4c99-a531-575a10c31388" />
    <UnitTestResult executionId="fda58e9c-37c0-4ecb-9d30-70608b52a435" testId="87f9ff42-b06f-d82f-d3b9-1a395e5394c7" testName="BeDemo.Api.Tests.BoundaryValueTests.Register_ShouldHandleVeryLongLastName" computerName="Ladislavs-MacBook-Air" duration="00:00:00.0456580" startTime="2026-01-18T00:13:55.3379870+01:00" endTime="2026-01-18T00:13:55.3829820+01:00" testType="13cdc9d9-ddb5-4fa4-a97d-d965ccfc6d4b" outcome="Passed" testListId="8c84fa94-04c1-424b-9868-57a2d4851a1d" relativeResultsDirectory="fda58e9c-37c0-4ecb-9d30-70608b52a435" />
    <UnitTestResult executionId="c8b478a1-7e6c-48a0-aff3-9195884f4ae3" testId="2f9df05e-853f-a2e5-1d73-e4bba8a13444" testName="BeDemo.Api.Tests.OAuth2EdgeCaseTests.Register_ShouldSucceed_WithEmptyOptionalFields" computerName="Ladislavs-MacBook-Air" duration="00:00:00.0411319" startTime="2026-01-18T00:13:58.0458440+01:00" endTime="2026-01-18T00:13:58.0866860+01:00" testType="13cdc9d9-ddb5-4fa4-a97d-d965ccfc6d4b" outcome="Passed" testListId="8c84fa94-04c1-424b-9868-57a2d4851a1d" relativeResultsDirectory="c8b478a1-7e6c-48a0-aff3-9195884f4ae3" />
    <UnitTestResult executionId="fb4923f4-4fb7-4d23-ba6d-f2265497dcfa" testId="e1004d07-b1e1-124d-95d1-5530ad0abc6c" testName="BeDemo.Api.Tests.SecurityEdgeCaseTests.Token_ShouldFail_WhenNewlineInUsername" computerName="Ladislavs-MacBook-Air" duration="00:00:00.0053577" startTime="2026-01-18T00:13:55.4177560+01:00" endTime="2026-01-18T00:13:55.4230620+01:00" testType="13cdc9d9-ddb5-4fa4-a97d-d965ccfc6d4b" outcome="Passed" testListId="8c84fa94-04c1-424b-9868-57a2d4851a1d" relativeResultsDirectory="fb4923f4-4fb7-4d23-ba6d-f2265497dcfa" />
    <UnitTestResult executionId="faba49a2-4481-48fa-8f0e-7e2e534b381c" testId="d695ea87-0fee-7618-b294-4746a72196ae" testName="BeDemo.Api.Tests.FacesControllerTests.GetFaces_ShouldReturnUnauthorized_WhenNoToken" computerName="Ladislavs-MacBook-Air" duration="00:00:00.0147980" startTime="2026-01-18T00:13:56.8120270+01:00" endTime="2026-01-18T00:13:56.8279140+01:00" testType="13cdc9d9-ddb5-4fa4-a97d-d965ccfc6d4b" outcome="Passed" testListId="8c84fa94-04c1-424b-9868-57a2d4851a1d" relativeResultsDirectory="faba49a2-4481-48fa-8f0e-7e2e534b381c" />
    <UnitTestResult executionId="916b4474-81ac-462d-a175-698554e71894" testId="03022de5-45fc-4116-20b3-af4e0483a4d2" testName="BeDemo.Api.Tests.OAuth2ServiceTests.ValidateClientAsync_ShouldReturnFalse_WhenClientIdIsInvalid" computerName="Ladislavs-MacBook-Air" duration="00:00:00.0435806" startTime="2026-01-18T00:13:55.5037380+01:00" endTime="2026-01-18T00:13:55.5474540+01:00" testType="13cdc9d9-ddb5-4fa4-a97d-d965ccfc6d4b" outcome="Passed" testListId="8c84fa94-04c1-424b-9868-57a2d4851a1d" relativeResultsDirectory="916b4474-81ac-462d-a175-698554e71894" />
    <UnitTestResult executionId="c0e074a9-e68c-4775-8c74-42ee997756e0" testId="5f9c0248-2484-e7b3-f056-8154ad3c1ce5" testName="BeDemo.Api.Tests.OAuth2EdgeCaseTests.Register_ShouldHandleConcurrentRegistrations" computerName="Ladislavs-MacBook-Air" duration="00:00:00.1120643" startTime="2026-01-18T00:13:58.1256450+01:00" endTime="2026-01-18T00:13:58.2377900+01:00" testType="13cdc9d9-ddb5-4fa4-a97d-d965ccfc6d4b" outcome="Passed" testListId="8c84fa94-04c1-424b-9868-57a2d4851a1d" relativeResultsDirectory="c0e074a9-e68c-4775-8c74-42ee997756e0" />
    <UnitTestResult executionId="fc80816f-9905-49b2-af33-736d72b6acda" testId="894925a1-0df3-c832-a62b-08f16e1c3d4c" testName="BeDemo.Api.Tests.OAuth2ServiceTests.ValidateClientAsync_ShouldReturnFalse_WhenClientIdIsNull" computerName="Ladislavs-MacBook-Air" duration="00:00:00.0002050" startTime="2026-01-18T00:13:55.5480880+01:00" endTime="2026-01-18T00:13:55.5482200+01:00" testType="13cdc9d9-ddb5-4fa4-a97d-d965ccfc6d4b" outcome="Passed" testListId="8c84fa94-04c1-424b-9868-57a2d4851a1d" relativeResultsDirectory="fc80816f-9905-49b2-af33-736d72b6acda" />
    <UnitTestResult executionId="9b3fb8dc-0c0c-48d7-8659-990ff53a8ec8" testId="a17d48aa-439f-0d96-26be-a73f54ecf3c1" testName="BeDemo.Api.Tests.OAuth2EdgeCaseTests.Register_ShouldSucceed_WhenPasswordExactly8Chars" computerName="Ladislavs-MacBook-Air" duration="00:00:00.0442334" startTime="2026-01-18T00:13:56.6025250+01:00" endTime="2026-01-18T00:13:56.6464650+01:00" testType="13cdc9d9-ddb5-4fa4-a97d-d965ccfc6d4b" outcome="Passed" testListId="8c84fa94-04c1-424b-9868-57a2d4851a1d" relativeResultsDirectory="9b3fb8dc-0c0c-48d7-8659-990ff53a8ec8" />
    <UnitTestResult executionId="67236942-22f5-4456-b4f2-60a862998900" testId="95465e54-ce84-43f5-cea4-2927ce1846d0" testName="BeDemo.Api.Tests.PagesControllerTests.GetPages_ShouldReturnUnauthorized_WhenNoToken" computerName="Ladislavs-MacBook-Air" duration="00:00:00.0021311" startTime="2026-01-18T00:13:55.5276940+01:00" endTime="2026-01-18T00:13:55.5277340+01:00" testType="13cdc9d9-ddb5-4fa4-a97d-d965ccfc6d4b" outcome="Passed" testListId="8c84fa94-04c1-424b-9868-57a2d4851a1d" relativeResultsDirectory="67236942-22f5-4456-b4f2-60a862998900" />
    <UnitTestResult executionId="310e7942-ec07-46f3-a0ad-1391b294b0d8" testId="7bc62d9c-f40d-7239-c0db-0f7b0b540921" testName="BeDemo.Api.Tests.AuthControllerTests.Register_ShouldReturnBadRequest_WhenPasswordIsMissing" computerName="Ladislavs-MacBook-Air" duration="00:00:00.0049375" startTime="2026-01-18T00:13:56.5196500+01:00" endTime="2026-01-18T00:13:56.5249460+01:00" testType="13cdc9d9-ddb5-4fa4-a97d-d965ccfc6d4b" outcome="Passed" testListId="8c84fa94-04c1-424b-9868-57a2d4851a1d" relativeResultsDirectory="310e7942-ec07-46f3-a0ad-1391b294b0d8" />
    <UnitTestResult executionId="37943fdd-204e-4e90-a76b-8c91e1ff5e6f" testId="93cc06bc-e582-27a1-fd6e-26acf5bebc4a" testName="BeDemo.Api.Tests.BoundaryValueTests.Token_ShouldHandleWhitespaceInUsername" computerName="Ladislavs-MacBook-Air" duration="00:00:00.0477799" startTime="2026-01-18T00:13:55.2892490+01:00" endTime="2026-01-18T00:13:55.3370750+01:00" testType="13cdc9d9-ddb5-4fa4-a97d-d965ccfc6d4b" outcome="Passed" testListId="8c84fa94-04c1-424b-9868-57a2d4851a1d" relativeResultsDirectory="37943fdd-204e-4e90-a76b-8c91e1ff5e6f" />
    <UnitTestResult executionId="19995d0f-fae1-42a6-b27e-6cab50f432f5" testId="9354cc4e-0e8e-2803-5a59-d09017159726" testName="BeDemo.Api.Tests.PerformanceEdgeCaseTests.Register_ShouldHandleRapidSequentialRegistrations" computerName="Ladislavs-MacBook-Air" duration="00:00:02.2434404" startTime="2026-01-18T00:13:56.4755560+01:00" endTime="2026-01-18T00:13:58.7182520+01:00" testType="13cdc9d9-ddb5-4fa4-a97d-d965ccfc6d4b" outcome="Passed" testListId="8c84fa94-04c1-424b-9868-57a2d4851a1d" relativeResultsDirectory="19995d0f-fae1-42a6-b27e-6cab50f432f5" />
    <UnitTestResult executionId="69d8e2a9-8c79-48d1-bd76-07d25bbbc066" testId="f599e252-98f0-d1e2-e307-b4011f89b8bc" testName="BeDemo.Api.Tests.UsersControllerTests.GetUser_ShouldReturnUser_WhenValidId" computerName="Ladislavs-MacBook-Air" duration="00:00:00.2986891" startTime="2026-01-18T00:13:57.0941770+01:00" endTime="2026-01-18T00:13:57.3927490+01:00" testType="13cdc9d9-ddb5-4fa4-a97d-d965ccfc6d4b" outcome="Failed" testListId="8c84fa94-04c1-424b-9868-57a2d4851a1d" relativeResultsDirectory="69d8e2a9-8c79-48d1-bd76-07d25bbbc066">
      <Output>
        <ErrorInfo>
          <Message>Microsoft.CSharp.RuntimeBinder.RuntimeBinderException : 'System.Text.Json.JsonElement' does not contain a definition for 'id'</Message>
          <StackTrace>   at CallSite.Target(Closure, CallSite, Object)
   at System.Dynamic.UpdateDelegates.UpdateAndExecute1[T0,TRet](CallSite site, T0 arg0)
   at BeDemo.Api.Tests.UsersControllerTests.GetUser_ShouldReturnUser_WhenValidId() in /Users/ladislavkostolny/Soft/_mfai_demo/be_demo/BeDemo.Api.Tests/UsersControllerTests.cs:line 126
--- End of stack trace from previous location ---</StackTrace>
        </ErrorInfo>
      </Output>
    </UnitTestResult>
    <UnitTestResult executionId="05e89fe6-278e-46f0-bd9c-1fbc8cb304e6" testId="48639789-54d0-d328-c6a5-1abc70f3491d" testName="BeDemo.Api.Tests.BoundaryValueTests.Register_ShouldSucceed_WhenEmailIsMaxLength" computerName="Ladislavs-MacBook-Air" duration="00:00:00.0428786" startTime="2026-01-18T00:13:55.4316730+01:00" endTime="2026-01-18T00:13:55.4747090+01:00" testType="13cdc9d9-ddb5-4fa4-a97d-d965ccfc6d4b" outcome="Passed" testListId="8c84fa94-04c1-424b-9868-57a2d4851a1d" relativeResultsDirectory="05e89fe6-278e-46f0-bd9c-1fbc8cb304e6" />
    <UnitTestResult executionId="4cd73124-eb00-4dbf-96b5-8852b4f43094" testId="9b1c8145-819a-5148-f831-df52a0c647d1" testName="BeDemo.Api.Tests.SecurityEdgeCaseTests.Token_ShouldFail_WhenPathTraversalInUsername" computerName="Ladislavs-MacBook-Air" duration="00:00:00.0095513" startTime="2026-01-18T00:13:55.2673210+01:00" endTime="2026-01-18T00:13:55.2769030+01:00" testType="13cdc9d9-ddb5-4fa4-a97d-d965ccfc6d4b" outcome="Passed" testListId="8c84fa94-04c1-424b-9868-57a2d4851a1d" relativeResultsDirectory="4cd73124-eb00-4dbf-96b5-8852b4f43094" />
    <UnitTestResult executionId="f26e3e0d-5653-48bb-a52c-f994c2b62031" testId="34a8ac08-0a0e-6223-6ef6-3d167e3865ee" testName="BeDemo.Api.Tests.OAuth2EdgeCaseTests.Register_ShouldSucceed_WhenPasswordVeryLong" computerName="Ladislavs-MacBook-Air" duration="00:00:00.0405578" startTime="2026-01-18T00:13:56.9178510+01:00" endTime="2026-01-18T00:13:56.9586090+01:00" testType="13cdc9d9-ddb5-4fa4-a97d-d965ccfc6d4b" outcome="Passed" testListId="8c84fa94-04c1-424b-9868-57a2d4851a1d" relativeResultsDirectory="f26e3e0d-5653-48bb-a52c-f994c2b62031" />
    <UnitTestResult executionId="62ebc37a-2dd9-4670-a2b2-f4cc701d3bf7" testId="34d582c0-8e69-0225-01f2-c30a064a2778" testName="BeDemo.Api.Tests.OAuth2EdgeCaseTests.Register_ShouldFail_WhenPasswordTooShort" computerName="Ladislavs-MacBook-Air" duration="00:00:00.0009732" startTime="2026-01-18T00:13:58.0444460+01:00" endTime="2026-01-18T00:13:58.0454280+01:00" testType="13cdc9d9-ddb5-4fa4-a97d-d965ccfc6d4b" outcome="Passed" testListId="8c84fa94-04c1-424b-9868-57a2d4851a1d" relativeResultsDirectory="62ebc37a-2dd9-4670-a2b2-f4cc701d3bf7" />
    <UnitTestResult executionId="d418cb77-4276-43fd-a0d6-44f1189b57b9" testId="9b3e3fd9-3c71-c3cb-2395-8b78f390a0d0" testName="BeDemo.Api.Tests.BoundaryValueTests.Token_ShouldSucceed_WithMinimalValidRequest" computerName="Ladislavs-MacBook-Air" duration="00:00:00.8932780" startTime="2026-01-18T00:13:55.5769280+01:00" endTime="2026-01-18T00:13:56.4707430+01:00" testType="13cdc9d9-ddb5-4fa4-a97d-d965ccfc6d4b" outcome="Passed" testListId="8c84fa94-04c1-424b-9868-57a2d4851a1d" relativeResultsDirectory="d418cb77-4276-43fd-a0d6-44f1189b57b9" />
    <UnitTestResult executionId="a497fb34-b7db-4ac7-8b05-d2d00227ce6f" testId="b5a8b446-e1ea-5f3c-7ed5-530ef8cf95c1" testName="BeDemo.Api.Tests.OAuth2EdgeCaseTests.Token_ShouldFail_WhenRefreshTokenIsMissing" computerName="Ladislavs-MacBook-Air" duration="00:00:00.0010802" startTime="2026-01-18T00:13:56.9125650+01:00" endTime="2026-01-18T00:13:56.9136730+01:00" testType="13cdc9d9-ddb5-4fa4-a97d-d965ccfc6d4b" outcome="Passed" testListId="8c84fa94-04c1-424b-9868-57a2d4851a1d" relativeResultsDirectory="a497fb34-b7db-4ac7-8b05-d2d00227ce6f" />
    <UnitTestResult executionId="06d2bc06-c991-4657-b202-ce28e66dce3b" testId="0e178cbe-6ecb-db9b-ca48-4a832a2e8646" testName="BeDemo.Api.Tests.OAuth2ControllerTests.Token_ShouldReturnUnauthorized_WhenInvalidClient" computerName="Ladislavs-MacBook-Air" duration="00:00:00.0019362" startTime="2026-01-18T00:13:55.5015390+01:00" endTime="2026-01-18T00:13:55.5033930+01:00" testType="13cdc9d9-ddb5-4fa4-a97d-d965ccfc6d4b" outcome="Passed" testListId="8c84fa94-04c1-424b-9868-57a2d4851a1d" relativeResultsDirectory="06d2bc06-c991-4657-b202-ce28e66dce3b" />
    <UnitTestResult executionId="55351a4e-9395-4d51-87e5-5d710d0801ae" testId="bddf6f4f-d68a-0990-9b76-4e3357ed6686" testName="BeDemo.Api.Tests.UsersControllerTests.GetUsers_ShouldReturnUsersList_WhenAuthenticated" computerName="Ladislavs-MacBook-Air" duration="00:00:00.9813202" startTime="2026-01-18T00:13:55.5276520+01:00" endTime="2026-01-18T00:13:56.5049320+01:00" testType="13cdc9d9-ddb5-4fa4-a97d-d965ccfc6d4b" outcome="Passed" testListId="8c84fa94-04c1-424b-9868-57a2d4851a1d" relativeResultsDirectory="55351a4e-9395-4d51-87e5-5d710d0801ae" />
    <UnitTestResult executionId="9cf25f26-2bd1-4af3-9b8d-aa79466cc294" testId="0227f8ab-2e15-7881-575a-c023ce4fe56c" testName="BeDemo.Api.Tests.BoundaryValueTests.Register_ShouldSucceed_WhenPasswordIs9Chars" computerName="Ladislavs-MacBook-Air" duration="00:00:00.0412378" startTime="2026-01-18T00:13:56.5952450+01:00" endTime="2026-01-18T00:13:56.6364340+01:00" testType="13cdc9d9-ddb5-4fa4-a97d-d965ccfc6d4b" outcome="Passed" testListId="8c84fa94-04c1-424b-9868-57a2d4851a1d" relativeResultsDirectory="9cf25f26-2bd1-4af3-9b8d-aa79466cc294" />
    <UnitTestResult executionId="fa21446d-93a5-4b58-baf7-787337fa477a" testId="384e61b4-0443-093d-255d-9d211bfe03f9" testName="BeDemo.Api.Tests.LoginTests.Login_ShouldReturnTokenWithCorrectStructure" computerName="Ladislavs-MacBook-Air" duration="00:00:00.2488926" startTime="2026-01-18T00:13:55.3068140+01:00" endTime="2026-01-18T00:13:55.5557590+01:00" testType="13cdc9d9-ddb5-4fa4-a97d-d965ccfc6d4b" outcome="Passed" testListId="8c84fa94-04c1-424b-9868-57a2d4851a1d" relativeResultsDirectory="fa21446d-93a5-4b58-baf7-787337fa477a" />
    <UnitTestResult executionId="7c098a8f-313b-40ee-8be8-6cdd244e3a47" testId="d1f8f866-7978-53a0-48f0-223dd0556eb0" testName="BeDemo.Api.Tests.OAuth2EdgeCaseTests.Token_ShouldFail_WhenRefreshTokenIsExpired" computerName="Ladislavs-MacBook-Air" duration="00:00:00.0021213" startTime="2026-01-18T00:13:56.9587120+01:00" endTime="2026-01-18T00:13:56.9610710+01:00" testType="13cdc9d9-ddb5-4fa4-a97d-d965ccfc6d4b" outcome="Passed" testListId="8c84fa94-04c1-424b-9868-57a2d4851a1d" relativeResultsDirectory="7c098a8f-313b-40ee-8be8-6cdd244e3a47" />
    <UnitTestResult executionId="5d1fb300-e99c-4ac0-8473-94df9c3e705a" testId="4a98a8bd-c53b-387a-1805-df30252c9060" testName="BeDemo.Api.Tests.LoginTests.Login_ShouldReturnUnauthorized_WhenClientIdIsInvalid" computerName="Ladislavs-MacBook-Air" duration="00:00:00.0696385" startTime="2026-01-18T00:13:56.7428320+01:00" endTime="2026-01-18T00:13:56.8128340+01:00" testType="13cdc9d9-ddb5-4fa4-a97d-d965ccfc6d4b" outcome="Passed" testListId="8c84fa94-04c1-424b-9868-57a2d4851a1d" relativeResultsDirectory="5d1fb300-e99c-4ac0-8473-94df9c3e705a" />
    <UnitTestResult executionId="997c766d-75da-4276-b5ad-98e334b115d1" testId="13a61167-92f5-4a99-b674-4d883b57a8f2" testName="BeDemo.Api.Tests.SecurityEdgeCaseTests.Token_ShouldFail_WhenClientIdContainsSQLInjection" computerName="Ladislavs-MacBook-Air" duration="00:00:00.0008272" startTime="2026-01-18T00:13:55.2861360+01:00" endTime="2026-01-18T00:13:55.2869010+01:00" testType="13cdc9d9-ddb5-4fa4-a97d-d965ccfc6d4b" outcome="Passed" testListId="8c84fa94-04c1-424b-9868-57a2d4851a1d" relativeResultsDirectory="997c766d-75da-4276-b5ad-98e334b115d1" />
    <UnitTestResult executionId="f3c1d13e-e46a-4fa7-91a5-d301c8f9daeb" testId="bef381be-0c65-567a-5cbd-8d4e5732351f" testName="BeDemo.Api.Tests.OAuth2ControllerTests.Register_ShouldReturnSuccess_WhenValidData" computerName="Ladislavs-MacBook-Air" duration="00:00:00.0475416" startTime="2026-01-18T00:13:55.4501700+01:00" endTime="2026-01-18T00:13:55.5013400+01:00" testType="13cdc9d9-ddb5-4fa4-a97d-d965ccfc6d4b" outcome="Passed" testListId="8c84fa94-04c1-424b-9868-57a2d4851a1d" relativeResultsDirectory="f3c1d13e-e46a-4fa7-91a5-d301c8f9daeb" />
    <UnitTestResult executionId="ec8a89dd-a406-4c54-a690-65ab51e24ba0" testId="86147f30-91ff-c0e8-dacb-2117cd081906" testName="BeDemo.Api.Tests.RefreshTokenEdgeCaseTests.Token_ShouldFail_WhenRefreshTokenIsNull" computerName="Ladislavs-MacBook-Air" duration="00:00:00.0075818" startTime="2026-01-18T00:13:55.3985000+01:00" endTime="2026-01-18T00:13:55.4055920+01:00" testType="13cdc9d9-ddb5-4fa4-a97d-d965ccfc6d4b" outcome="Passed" testListId="8c84fa94-04c1-424b-9868-57a2d4851a1d" relativeResultsDirectory="ec8a89dd-a406-4c54-a690-65ab51e24ba0" />
    <UnitTestResult executionId="13041121-a048-4c61-8573-e888c92d97b9" testId="ef4c0982-cb95-055a-d094-0022d95ef8cb" testName="BeDemo.Api.Tests.FacesControllerTests.DeleteFace_ShouldReturnNoContent_WhenValidId" computerName="Ladislavs-MacBook-Air" duration="00:00:00.2530585" startTime="2026-01-18T00:13:56.8281290+01:00" endTime="2026-01-18T00:13:57.0809530+01:00" testType="13cdc9d9-ddb5-4fa4-a97d-d965ccfc6d4b" outcome="Failed" testListId="8c84fa94-04c1-424b-9868-57a2d4851a1d" relativeResultsDirectory="13041121-a048-4c61-8573-e888c92d97b9">
      <Output>
        <ErrorInfo>
          <Message>Microsoft.CSharp.RuntimeBinder.RuntimeBinderException : 'System.Text.Json.JsonElement' does not contain a definition for 'id'</Message>
          <StackTrace>   at CallSite.Target(Closure, CallSite, Object)
   at System.Dynamic.UpdateDelegates.UpdateAndExecute1[T0,TRet](CallSite site, T0 arg0)
   at BeDemo.Api.Tests.FacesControllerTests.DeleteFace_ShouldReturnNoContent_WhenValidId() in /Users/ladislavkostolny/Soft/_mfai_demo/be_demo/BeDemo.Api.Tests/FacesControllerTests.cs:line 237
--- End of stack trace from previous location ---</StackTrace>
        </ErrorInfo>
      </Output>
    </UnitTestResult>
    <UnitTestResult executionId="41559627-79de-4698-a336-20463b31ed29" testId="2003559c-3fd9-4642-4900-69c80e4b4852" testName="BeDemo.Api.Tests.OAuth2EdgeCaseTests.Register_ShouldFail_WhenPasswordNoLowercase" computerName="Ladislavs-MacBook-Air" duration="00:00:00.0007908" startTime="2026-01-18T00:13:58.2420160+01:00" endTime="2026-01-18T00:13:58.2425300+01:00" testType="13cdc9d9-ddb5-4fa4-a97d-d965ccfc6d4b" outcome="Passed" testListId="8c84fa94-04c1-424b-9868-57a2d4851a1d" relativeResultsDirectory="41559627-79de-4698-a336-20463b31ed29" />
    <UnitTestResult executionId="8b64ba4f-3c02-42b8-89b1-5a6b8151c943" testId="1405a242-2521-bc27-0f96-61d0d449b2c1" testName="BeDemo.Api.Tests.FacesControllerTests.UpdateFace_ShouldReturnOk_WhenValidData" computerName="Ladislavs-MacBook-Air" duration="00:00:00.2424594" startTime="2026-01-18T00:13:57.5824350+01:00" endTime="2026-01-18T00:13:57.8245940+01:00" testType="13cdc9d9-ddb5-4fa4-a97d-d965ccfc6d4b" outcome="Failed" testListId="8c84fa94-04c1-424b-9868-57a2d4851a1d" relativeResultsDirectory="8b64ba4f-3c02-42b8-89b1-5a6b8151c943">
      <Output>
        <ErrorInfo>
          <Message>Microsoft.CSharp.RuntimeBinder.RuntimeBinderException : 'System.Text.Json.JsonElement' does not contain a definition for 'id'</Message>
          <StackTrace>   at CallSite.Target(Closure, CallSite, Object)
   at System.Dynamic.UpdateDelegates.UpdateAndExecute1[T0,TRet](CallSite site, T0 arg0)
   at BeDemo.Api.Tests.FacesControllerTests.UpdateFace_ShouldReturnOk_WhenValidData() in /Users/ladislavkostolny/Soft/_mfai_demo/be_demo/BeDemo.Api.Tests/FacesControllerTests.cs:line 206
--- End of stack trace from previous location ---</StackTrace>
        </ErrorInfo>
      </Output>
    </UnitTestResult>
    <UnitTestResult executionId="1a5a79e7-2998-4d14-97e3-50575f9878e3" testId="7f8010fd-2b9b-1f53-0bd7-d4813f97f3c1" testName="BeDemo.Api.Tests.OAuth2ServiceTests.ValidateClientAsync_ShouldReturnTrue_WhenCredentialsAreValid" computerName="Ladislavs-MacBook-Air" duration="00:00:00.0007203" startTime="2026-01-18T00:13:55.5511060+01:00" endTime="2026-01-18T00:13:55.5517530+01:00" testType="13cdc9d9-ddb5-4fa4-a97d-d965ccfc6d4b" outcome="Passed" testListId="8c84fa94-04c1-424b-9868-57a2d4851a1d" relativeResultsDirectory="1a5a79e7-2998-4d14-97e3-50575f9878e3" />
    <UnitTestResult executionId="f4633dc8-38ad-42fb-87d9-f4566eefc04a" testId="950cea3a-9380-102b-e104-8b0a02cf2944" testName="BeDemo.Api.Tests.LoginTests.Login_ShouldReturnUnauthorized_WhenInvalidPassword" computerName="Ladislavs-MacBook-Air" duration="00:00:01.4092035" startTime="2026-01-18T00:13:53.8782400+01:00" endTime="2026-01-18T00:13:55.2889410+01:00" testType="13cdc9d9-ddb5-4fa4-a97d-d965ccfc6d4b" outcome="Passed" testListId="8c84fa94-04c1-424b-9868-57a2d4851a1d" relativeResultsDirectory="f4633dc8-38ad-42fb-87d9-f4566eefc04a" />
    <UnitTestResult executionId="ecf15996-da23-467b-ab45-d22a3a9e8e4d" testId="f1e6a3ab-7de3-b19b-8693-6f6eac9883b9" testName="BeDemo.Api.Tests.PageTypesControllerTests.UpdatePageType_ShouldReturnOk_WhenValidData" computerName="Ladislavs-MacBook-Air" duration="00:00:00.2533210" startTime="2026-01-18T00:13:57.3158650+01:00" endTime="2026-01-18T00:13:57.5693090+01:00" testType="13cdc9d9-ddb5-4fa4-a97d-d965ccfc6d4b" outcome="Failed" testListId="8c84fa94-04c1-424b-9868-57a2d4851a1d" relativeResultsDirectory="ecf15996-da23-467b-ab45-d22a3a9e8e4d">
      <Output>
        <ErrorInfo>
          <Message>Microsoft.CSharp.RuntimeBinder.RuntimeBinderException : 'System.Text.Json.JsonElement' does not contain a definition for 'id'</Message>
          <StackTrace>   at CallSite.Target(Closure, CallSite, Object)
   at System.Dynamic.UpdateDelegates.UpdateAndExecute1[T0,TRet](CallSite site, T0 arg0)
   at BeDemo.Api.Tests.PageTypesControllerTests.UpdatePageType_ShouldReturnOk_WhenValidData() in /Users/ladislavkostolny/Soft/_mfai_demo/be_demo/BeDemo.Api.Tests/PageTypesControllerTests.cs:line 170
--- End of stack trace from previous location ---</StackTrace>
        </ErrorInfo>
      </Output>
    </UnitTestResult>
    <UnitTestResult executionId="85ef57ff-0b34-4d9b-975b-e051d81616be" testId="f204facd-4eb5-f780-746c-47dae47d2a8b" testName="BeDemo.Api.Tests.SecurityEdgeCaseTests.Token_ShouldFail_WhenVeryLongClientSecret" computerName="Ladislavs-MacBook-Air" duration="00:00:00.0011913" startTime="2026-01-18T00:13:55.3605780+01:00" endTime="2026-01-18T00:13:55.3616970+01:00" testType="13cdc9d9-ddb5-4fa4-a97d-d965ccfc6d4b" outcome="Passed" testListId="8c84fa94-04c1-424b-9868-57a2d4851a1d" relativeResultsDirectory="85ef57ff-0b34-4d9b-975b-e051d81616be" />
    <UnitTestResult executionId="e2e3de68-f8e2-4bc7-900e-4744460769f2" testId="d8717ff4-6222-70aa-4fbc-fafa2389c73f" testName="BeDemo.Api.Tests.UsersControllerTests.CreateUser_ShouldReturnBadRequest_WhenInvalidEmail" computerName="Ladislavs-MacBook-Air" duration="00:00:00.2827677" startTime="2026-01-18T00:13:56.5051830+01:00" endTime="2026-01-18T00:13:56.7880310+01:00" testType="13cdc9d9-ddb5-4fa4-a97d-d965ccfc6d4b" outcome="Passed" testListId="8c84fa94-04c1-424b-9868-57a2d4851a1d" relativeResultsDirectory="e2e3de68-f8e2-4bc7-900e-4744460769f2" />
    <UnitTestResult executionId="d2d1a707-06f4-4f87-8f9c-83c586a9219e" testId="ec4cd270-ede1-5c50-005e-b8d6e4fab83e" testName="BeDemo.Api.Tests.OAuth2EdgeCaseTests.Token_ShouldFail_WhenBodyIsEmpty" computerName="Ladislavs-MacBook-Air" duration="00:00:00.0011662" startTime="2026-01-18T00:13:56.9057800+01:00" endTime="2026-01-18T00:13:56.9070040+01:00" testType="13cdc9d9-ddb5-4fa4-a97d-d965ccfc6d4b" outcome="Passed" testListId="8c84fa94-04c1-424b-9868-57a2d4851a1d" relativeResultsDirectory="d2d1a707-06f4-4f87-8f9c-83c586a9219e" />
    <UnitTestResult executionId="0e3ef0cf-9f69-4cb1-9b1f-4141f3d6095b" testId="213d759b-b131-2007-a86a-a6a66745c36e" testName="BeDemo.Api.Tests.OAuth2EdgeCaseTests.Register_ShouldFail_WhenPasswordIsNull" computerName="Ladislavs-MacBook-Air" duration="00:00:00.0016887" startTime="2026-01-18T00:13:56.8618680+01:00" endTime="2026-01-18T00:13:56.8635960+01:00" testType="13cdc9d9-ddb5-4fa4-a97d-d965ccfc6d4b" outcome="Passed" testListId="8c84fa94-04c1-424b-9868-57a2d4851a1d" relativeResultsDirectory="0e3ef0cf-9f69-4cb1-9b1f-4141f3d6095b" />
    <UnitTestResult executionId="8e85e292-f65c-445a-8a3e-60ebe31d752c" testId="922c30a0-1277-6cde-20f1-3978b338aa00" testName="BeDemo.Api.Tests.PagesControllerTests.CreatePage_ShouldReturnCreated_WhenValidData" computerName="Ladislavs-MacBook-Air" duration="00:00:00.2533546" startTime="2026-01-18T00:13:57.3158870+01:00" endTime="2026-01-18T00:13:57.5696160+01:00" testType="13cdc9d9-ddb5-4fa4-a97d-d965ccfc6d4b" outcome="Failed" testListId="8c84fa94-04c1-424b-9868-57a2d4851a1d" relativeResultsDirectory="8e85e292-f65c-445a-8a3e-60ebe31d752c">
      <Output>
        <ErrorInfo>
          <Message>Microsoft.CSharp.RuntimeBinder.RuntimeBinderException : 'System.Text.Json.JsonElement' does not contain a definition for 'id'</Message>
          <StackTrace>   at CallSite.Target(Closure, CallSite, Object)
   at BeDemo.Api.Tests.PagesControllerTests.CreateTestFaceAsync() in /Users/ladislavkostolny/Soft/_mfai_demo/be_demo/BeDemo.Api.Tests/PagesControllerTests.cs:line 98
   at BeDemo.Api.Tests.PagesControllerTests.CreatePage_ShouldReturnCreated_WhenValidData() in /Users/ladislavkostolny/Soft/_mfai_demo/be_demo/BeDemo.Api.Tests/PagesControllerTests.cs:line 187
--- End of stack trace from previous location ---</StackTrace>
        </ErrorInfo>
      </Output>
    </UnitTestResult>
    <UnitTestResult executionId="f112e229-f87f-4b51-87b1-88b21abce685" testId="abd68b5c-26ed-cc48-8bca-7a414a78b714" testName="BeDemo.Api.Tests.OAuth2EdgeCaseTests.Register_ShouldFail_WhenPasswordIsEmpty" computerName="Ladislavs-MacBook-Air" duration="00:00:00.0011728" startTime="2026-01-18T00:13:56.9045300+01:00" endTime="2026-01-18T00:13:56.9057080+01:00" testType="13cdc9d9-ddb5-4fa4-a97d-d965ccfc6d4b" outcome="Passed" testListId="8c84fa94-04c1-424b-9868-57a2d4851a1d" relativeResultsDirectory="f112e229-f87f-4b51-87b1-88b21abce685" />
    <UnitTestResult executionId="e08a54ff-9df2-472b-a8b7-45061f7c1107" testId="b0f8bea1-e80b-2daf-e042-2bc9a5704b7c" testName="BeDemo.Api.Tests.OAuth2EdgeCaseTests.Token_ShouldFail_WhenRefreshTokenIsInvalid" computerName="Ladislavs-MacBook-Air" duration="00:00:00.0008181" startTime="2026-01-18T00:13:56.9137410+01:00" endTime="2026-01-18T00:13:56.9145860+01:00" testType="13cdc9d9-ddb5-4fa4-a97d-d965ccfc6d4b" outcome="Passed" testListId="8c84fa94-04c1-424b-9868-57a2d4851a1d" relativeResultsDirectory="e08a54ff-9df2-472b-a8b7-45061f7c1107" />
    <UnitTestResult executionId="150ff8ac-1e41-4114-b37e-dded763bdd00" testId="5f70d346-9ebb-5559-78ce-ce4aa2c5e656" testName="BeDemo.Api.Tests.SecurityEdgeCaseTests.Token_ShouldFail_WhenXSSInUsername" computerName="Ladislavs-MacBook-Air" duration="00:00:00.0029216" startTime="2026-01-18T00:13:55.3528750+01:00" endTime="2026-01-18T00:13:55.3561720+01:00" testType="13cdc9d9-ddb5-4fa4-a97d-d965ccfc6d4b" outcome="Passed" testListId="8c84fa94-04c1-424b-9868-57a2d4851a1d" relativeResultsDirectory="150ff8ac-1e41-4114-b37e-dded763bdd00" />
    <UnitTestResult executionId="dfa9c7b0-4ae1-479f-a8c1-6c9803381d86" testId="d326248d-e7b4-157f-3662-79de92b7908b" testName="BeDemo.Api.Tests.LoginTests.Login_ShouldReturnUnauthorized_WhenPasswordIsEmpty" computerName="Ladislavs-MacBook-Air" duration="00:00:00.0011980" startTime="2026-01-18T00:13:55.3044370+01:00" endTime="2026-01-18T00:13:55.3055550+01:00" testType="13cdc9d9-ddb5-4fa4-a97d-d965ccfc6d4b" outcome="Passed" testListId="8c84fa94-04c1-424b-9868-57a2d4851a1d" relativeResultsDirectory="dfa9c7b0-4ae1-479f-a8c1-6c9803381d86" />
    <UnitTestResult executionId="46098903-0d6e-40dc-a7b0-d58be99b7288" testId="069c1410-c368-b6fd-d67c-3ef747cf3e7b" testName="BeDemo.Api.Tests.OAuth2EdgeCaseTests.Register_ShouldFail_WhenPasswordNoSpecialChar" computerName="Ladislavs-MacBook-Air" duration="00:00:00.0018137" startTime="2026-01-18T00:13:56.8517400+01:00" endTime="2026-01-18T00:13:56.8534960+01:00" testType="13cdc9d9-ddb5-4fa4-a97d-d965ccfc6d4b" outcome="Passed" testListId="8c84fa94-04c1-424b-9868-57a2d4851a1d" relativeResultsDirectory="46098903-0d6e-40dc-a7b0-d58be99b7288" />
    <UnitTestResult executionId="593dfdde-6b85-44b5-b8b7-76c5c576dbd7" testId="3eb50bed-3460-23b4-1a68-8e1076a4f8c5" testName="BeDemo.Api.Tests.BoundaryValueTests.Register_ShouldFail_WhenPasswordIs3Chars" computerName="Ladislavs-MacBook-Air" duration="00:00:00.0047211" startTime="2026-01-18T00:13:56.5474240+01:00" endTime="2026-01-18T00:13:56.5512320+01:00" testType="13cdc9d9-ddb5-4fa4-a97d-d965ccfc6d4b" outcome="Passed" testListId="8c84fa94-04c1-424b-9868-57a2d4851a1d" relativeResultsDirectory="593dfdde-6b85-44b5-b8b7-76c5c576dbd7" />
    <UnitTestResult executionId="2d4cd695-2bb1-4c76-8e0c-9debf5f47d14" testId="6a021ca1-142c-3447-03b8-e66ed4dc1d3a" testName="BeDemo.Api.Tests.OAuth2EdgeCaseTests.Token_ShouldFail_WhenGrantTypeIsEmpty" computerName="Ladislavs-MacBook-Air" duration="00:00:00.0012253" startTime="2026-01-18T00:13:58.2378890+01:00" endTime="2026-01-18T00:13:58.2391320+01:00" testType="13cdc9d9-ddb5-4fa4-a97d-d965ccfc6d4b" outcome="Passed" testListId="8c84fa94-04c1-424b-9868-57a2d4851a1d" relativeResultsDirectory="2d4cd695-2bb1-4c76-8e0c-9debf5f47d14" />
    <UnitTestResult executionId="c599c898-8da2-4c84-b28c-c502e91c1410" testId="dd7f38ca-a597-8449-3cd4-6076d1a52cc2" testName="BeDemo.Api.Tests.OAuth2EdgeCaseTests.Token_ShouldHandleVeryLongUsername" computerName="Ladislavs-MacBook-Air" duration="00:00:00.0053305" startTime="2026-01-18T00:13:56.9070770+01:00" endTime="2026-01-18T00:13:56.9124760+01:00" testType="13cdc9d9-ddb5-4fa4-a97d-d965ccfc6d4b" outcome="Passed" testListId="8c84fa94-04c1-424b-9868-57a2d4851a1d" relativeResultsDirectory="c599c898-8da2-4c84-b28c-c502e91c1410" />
    <UnitTestResult executionId="67eb9f7c-a8ae-4456-928e-454e5b566cb0" testId="1c5ca153-c848-7fbb-38bf-4c3792602e49" testName="BeDemo.Api.Tests.BoundaryValueTests.Token_ShouldHandleWhitespaceInPassword" computerName="Ladislavs-MacBook-Air" duration="00:00:01.4090172" startTime="2026-01-18T00:13:53.8782940+01:00" endTime="2026-01-18T00:13:55.2891450+01:00" testType="13cdc9d9-ddb5-4fa4-a97d-d965ccfc6d4b" outcome="Passed" testListId="8c84fa94-04c1-424b-9868-57a2d4851a1d" relativeResultsDirectory="67eb9f7c-a8ae-4456-928e-454e5b566cb0" />
    <UnitTestResult executionId="0cfd3bcb-ba6f-457a-9265-c1f149b16e17" testId="ad43171f-dba9-fff5-153f-fef9f3d45e2a" testName="BeDemo.Api.Tests.BoundaryValueTests.Register_ShouldSucceed_WhenPasswordIs8Chars" computerName="Ladislavs-MacBook-Air" duration="00:00:00.0591662" startTime="2026-01-18T00:13:56.6366430+01:00" endTime="2026-01-18T00:13:56.6959390+01:00" testType="13cdc9d9-ddb5-4fa4-a97d-d965ccfc6d4b" outcome="Passed" testListId="8c84fa94-04c1-424b-9868-57a2d4851a1d" relativeResultsDirectory="0cfd3bcb-ba6f-457a-9265-c1f149b16e17" />
    <UnitTestResult executionId="15949e6c-4b25-4576-ac78-082afa4b4411" testId="ed00adf0-0336-5b31-11c7-77c3cf2e003b" testName="BeDemo.Api.Tests.SecurityEdgeCaseTests.Token_ShouldFail_WhenNullByteInUsername" computerName="Ladislavs-MacBook-Air" duration="00:00:00.0011505" startTime="2026-01-18T00:13:55.3618390+01:00" endTime="2026-01-18T00:13:55.3630060+01:00" testType="13cdc9d9-ddb5-4fa4-a97d-d965ccfc6d4b" outcome="Passed" testListId="8c84fa94-04c1-424b-9868-57a2d4851a1d" relativeResultsDirectory="15949e6c-4b25-4576-ac78-082afa4b4411" />
    <UnitTestResult executionId="5bd54f5a-1cee-47a0-90b2-93d8ffbf3773" testId="4bf0eaa8-87da-6f70-1c92-8014eda2cfb5" testName="BeDemo.Api.Tests.LoginTests.Login_ShouldReturnBadRequest_WhenGrantTypeIsInvalid" computerName="Ladislavs-MacBook-Air" duration="00:00:00.0009902" startTime="2026-01-18T00:13:55.3057220+01:00" endTime="2026-01-18T00:13:55.3066930+01:00" testType="13cdc9d9-ddb5-4fa4-a97d-d965ccfc6d4b" outcome="Passed" testListId="8c84fa94-04c1-424b-9868-57a2d4851a1d" relativeResultsDirectory="5bd54f5a-1cee-47a0-90b2-93d8ffbf3773" />
    <UnitTestResult executionId="c9cff504-0da8-49bc-8570-d06bae15c490" testId="3444cf1e-67da-a952-5bab-756ec6e82ff1" testName="BeDemo.Api.Tests.SecurityEdgeCaseTests.Token_ShouldFail_WhenSQLInjectionInUsername" computerName="Ladislavs-MacBook-Air" duration="00:00:00.1688140" startTime="2026-01-18T00:13:55.0011120+01:00" endTime="2026-01-18T00:13:55.1694940+01:00" testType="13cdc9d9-ddb5-4fa4-a97d-d965ccfc6d4b" outcome="Passed" testListId="8c84fa94-04c1-424b-9868-57a2d4851a1d" relativeResultsDirectory="c9cff504-0da8-49bc-8570-d06bae15c490" />
    <UnitTestResult executionId="417cfa7e-aac2-4a93-b665-2af0be622124" testId="be1c7aff-29d0-2177-d552-d11f07f749db" testName="BeDemo.Api.Tests.OAuth2EdgeCaseTests.Token_ShouldFail_WhenUsernameIsEmpty" computerName="Ladislavs-MacBook-Air" duration="00:00:00.0006841" startTime="2026-01-18T00:13:58.2409040+01:00" endTime="2026-01-18T00:13:58.2416280+01:00" testType="13cdc9d9-ddb5-4fa4-a97d-d965ccfc6d4b" outcome="Passed" testListId="8c84fa94-04c1-424b-9868-57a2d4851a1d" relativeResultsDirectory="417cfa7e-aac2-4a93-b665-2af0be622124" />
    <UnitTestResult executionId="508a1fcb-3607-4ba0-82c1-81f8aaff570e" testId="73719a0a-d7bc-c129-d828-1259248b9c14" testName="BeDemo.Api.Tests.SecurityEdgeCaseTests.Token_ShouldFail_WhenRefreshTokenContainsSQLInjection" computerName="Ladislavs-MacBook-Air" duration="00:00:00.0013781" startTime="2026-01-18T00:13:55.3311280+01:00" endTime="2026-01-18T00:13:55.3325840+01:00" testType="13cdc9d9-ddb5-4fa4-a97d-d965ccfc6d4b" outcome="Passed" testListId="8c84fa94-04c1-424b-9868-57a2d4851a1d" relativeResultsDirectory="508a1fcb-3607-4ba0-82c1-81f8aaff570e" />
    <UnitTestResult executionId="91bb6ba6-bfe9-4d87-87ef-d2736f58be32" testId="b878f83a-dac9-e795-624d-031aa67157b0" testName="BeDemo.Api.Tests.PageTypesControllerTests.GetPageType_ShouldReturnPageType_WhenValidId" computerName="Ladislavs-MacBook-Air" duration="00:00:00.2736350" startTime="2026-01-18T00:13:56.4923910+01:00" endTime="2026-01-18T00:13:56.7684440+01:00" testType="13cdc9d9-ddb5-4fa4-a97d-d965ccfc6d4b" outcome="Failed" testListId="8c84fa94-04c1-424b-9868-57a2d4851a1d" relativeResultsDirectory="91bb6ba6-bfe9-4d87-87ef-d2736f58be32">
      <Output>
        <ErrorInfo>
          <Message>Microsoft.CSharp.RuntimeBinder.RuntimeBinderException : 'System.Text.Json.JsonElement' does not contain a definition for 'Should'</Message>
          <StackTrace>   at CallSite.Target(Closure, CallSite, Object)
   at System.Dynamic.UpdateDelegates.UpdateAndExecute1[T0,TRet](CallSite site, T0 arg0)
   at BeDemo.Api.Tests.PageTypesControllerTests.GetPageType_ShouldReturnPageType_WhenValidId() in /Users/ladislavkostolny/Soft/_mfai_demo/be_demo/BeDemo.Api.Tests/PageTypesControllerTests.cs:line 122
--- End of stack trace from previous location ---</StackTrace>
        </ErrorInfo>
      </Output>
    </UnitTestResult>
    <UnitTestResult executionId="55ba3c9b-cfa3-48c2-b702-62111c38aae8" testId="a3692cc7-38d1-f657-3738-129323dcfac2" testName="BeDemo.Api.Tests.AuthControllerTests.Register_ShouldReturnSuccess_WhenValidData" computerName="Ladislavs-MacBook-Air" duration="00:00:01.3589981" startTime="2026-01-18T00:13:53.8783990+01:00" endTime="2026-01-18T00:13:55.2390620+01:00" testType="13cdc9d9-ddb5-4fa4-a97d-d965ccfc6d4b" outcome="Passed" testListId="8c84fa94-04c1-424b-9868-57a2d4851a1d" relativeResultsDirectory="55ba3c9b-cfa3-48c2-b702-62111c38aae8" />
    <UnitTestResult executionId="1efb00ce-2780-4dd2-b6a7-d6938dc2ec24" testId="681ea70c-d8cf-8bd6-5a2b-0c6d4a24491f" testName="BeDemo.Api.Tests.RefreshTokenEdgeCaseTests.Token_ShouldFail_WhenRefreshTokenIsEmpty" computerName="Ladislavs-MacBook-Air" duration="00:00:00.0077051" startTime="2026-01-18T00:13:55.1692440+01:00" endTime="2026-01-18T00:13:55.1693090+01:00" testType="13cdc9d9-ddb5-4fa4-a97d-d965ccfc6d4b" outcome="Passed" testListId="8c84fa94-04c1-424b-9868-57a2d4851a1d" relativeResultsDirectory="1efb00ce-2780-4dd2-b6a7-d6938dc2ec24" />
    <UnitTestResult executionId="da2eba8f-b0e5-49a2-b833-2aed1b3524a5" testId="f60f2f2d-0a8b-ff01-a494-72305f899711" testName="BeDemo.Api.Tests.OAuth2EdgeCaseTests.Token_ShouldFail_WhenGrantTypeIsNull" computerName="Ladislavs-MacBook-Air" duration="00:00:00.0039066" startTime="2026-01-18T00:13:56.8536490+01:00" endTime="2026-01-18T00:13:56.8603480+01:00" testType="13cdc9d9-ddb5-4fa4-a97d-d965ccfc6d4b" outcome="Passed" testListId="8c84fa94-04c1-424b-9868-57a2d4851a1d" relativeResultsDirectory="da2eba8f-b0e5-49a2-b833-2aed1b3524a5" />
    <UnitTestResult executionId="4dab4b27-1711-478e-b112-62d49a27b42c" testId="f1e928d9-c1e5-1098-ba78-68eee86ad92a" testName="BeDemo.Api.Tests.OAuth2EdgeCaseTests.Register_ShouldSucceed_WithUnicodeInName" computerName="Ladislavs-MacBook-Air" duration="00:00:00.0658202" startTime="2026-01-18T00:13:56.7135770+01:00" endTime="2026-01-18T00:13:56.7800670+01:00" testType="13cdc9d9-ddb5-4fa4-a97d-d965ccfc6d4b" outcome="Passed" testListId="8c84fa94-04c1-424b-9868-57a2d4851a1d" relativeResultsDirectory="4dab4b27-1711-478e-b112-62d49a27b42c" />
    <UnitTestResult executionId="6fe2b8e7-64bf-402e-92f9-fdfe7437e126" testId="2de3572a-c693-f39b-648c-88e68660ddf5" testName="BeDemo.Api.Tests.OAuth2EdgeCaseTests.Register_ShouldFail_WhenPasswordNoUppercase" computerName="Ladislavs-MacBook-Air" duration="00:00:00.0008459" startTime="2026-01-18T00:13:58.0878050+01:00" endTime="2026-01-18T00:13:58.0886930+01:00" testType="13cdc9d9-ddb5-4fa4-a97d-d965ccfc6d4b" outcome="Passed" testListId="8c84fa94-04c1-424b-9868-57a2d4851a1d" relativeResultsDirectory="6fe2b8e7-64bf-402e-92f9-fdfe7437e126" />
    <UnitTestResult executionId="1dc72255-0b04-43da-8c1f-cc8aec43aa1d" testId="1b736e71-73d1-921b-8a50-5fd7b2ad5f7a" testName="BeDemo.Api.Tests.PageTypesControllerTests.GetPageTypes_ShouldReturnPageTypesList_WhenAuthenticated" computerName="Ladislavs-MacBook-Air" duration="00:00:00.2753023" startTime="2026-01-18T00:13:57.0411520+01:00" endTime="2026-01-18T00:13:57.3154890+01:00" testType="13cdc9d9-ddb5-4fa4-a97d-d965ccfc6d4b" outcome="Passed" testListId="8c84fa94-04c1-424b-9868-57a2d4851a1d" relativeResultsDirectory="1dc72255-0b04-43da-8c1f-cc8aec43aa1d" />
    <UnitTestResult executionId="c87722de-5cbf-42a3-a43a-88b18ddd92cb" testId="4ae48faa-4e89-3eab-565e-c0f0cce04d12" testName="BeDemo.Api.Tests.OAuth2ControllerTests.Token_ShouldReturnToken_WhenValidCredentials" computerName="Ladislavs-MacBook-Air" duration="00:00:00.2796607" startTime="2026-01-18T00:13:55.1696180+01:00" endTime="2026-01-18T00:13:55.4495910+01:00" testType="13cdc9d9-ddb5-4fa4-a97d-d965ccfc6d4b" outcome="Passed" testListId="8c84fa94-04c1-424b-9868-57a2d4851a1d" relativeResultsDirectory="c87722de-5cbf-42a3-a43a-88b18ddd92cb" />
    <UnitTestResult executionId="c7d2f07d-4558-4ac8-8b16-57d23b3089d9" testId="6b61ed10-b2e6-5a87-f109-7ee83db71435" testName="BeDemo.Api.Tests.LoginTests.Login_ShouldReturnToken_WhenValidCredentials" computerName="Ladislavs-MacBook-Air" duration="00:00:00.2641336" startTime="2026-01-18T00:13:56.4763630+01:00" endTime="2026-01-18T00:13:56.7425910+01:00" testType="13cdc9d9-ddb5-4fa4-a97d-d965ccfc6d4b" outcome="Passed" testListId="8c84fa94-04c1-424b-9868-57a2d4851a1d" relativeResultsDirectory="c7d2f07d-4558-4ac8-8b16-57d23b3089d9" />
    <UnitTestResult executionId="425cfe8c-1b0e-4191-bd69-4e1df064385d" testId="66129a78-91be-f9ef-0c60-e6626fa03ffb" testName="BeDemo.Api.Tests.OAuth2EdgeCaseTests.Token_ShouldFail_WhenClientSecretIsWrong" computerName="Ladislavs-MacBook-Air" duration="00:00:00.0747538" startTime="2026-01-18T00:13:56.5273860+01:00" endTime="2026-01-18T00:13:56.6019360+01:00" testType="13cdc9d9-ddb5-4fa4-a97d-d965ccfc6d4b" outcome="Passed" testListId="8c84fa94-04c1-424b-9868-57a2d4851a1d" relativeResultsDirectory="425cfe8c-1b0e-4191-bd69-4e1df064385d" />
    <UnitTestResult executionId="0e3c8145-4964-4ae8-92fd-f5bf24c67bb8" testId="bf4008c5-8f98-49b7-9920-0c0b75ef5322" testName="BeDemo.Api.Tests.SecurityEdgeCaseTests.Token_ShouldFail_WhenSignatureIsInvalidBase64" computerName="Ladislavs-MacBook-Air" duration="00:00:00.0437002" startTime="2026-01-18T00:13:55.2869850+01:00" endTime="2026-01-18T00:13:55.3309350+01:00" testType="13cdc9d9-ddb5-4fa4-a97d-d965ccfc6d4b" outcome="Passed" testListId="8c84fa94-04c1-424b-9868-57a2d4851a1d" relativeResultsDirectory="0e3c8145-4964-4ae8-92fd-f5bf24c67bb8" />
    <UnitTestResult executionId="d23bbf93-2cb5-4a8a-a5a8-a820e5c9b2b1" testId="4ede1935-c2c4-53f9-7524-3bb5fae0e556" testName="BeDemo.Api.Tests.AuthControllerTests.Register_ShouldReturnBadRequest_WhenEmailAlreadyExists" computerName="Ladislavs-MacBook-Air" duration="00:00:01.2241597" startTime="2026-01-18T00:13:55.2391740+01:00" endTime="2026-01-18T00:13:56.4695930+01:00" testType="13cdc9d9-ddb5-4fa4-a97d-d965ccfc6d4b" outcome="Passed" testListId="8c84fa94-04c1-424b-9868-57a2d4851a1d" relativeResultsDirectory="d23bbf93-2cb5-4a8a-a5a8-a820e5c9b2b1" />
    <UnitTestResult executionId="170a6ec1-134b-4c95-a323-97aad003a9f5" testId="8d056611-c2fc-a9a3-18f9-91e0970132cc" testName="BeDemo.Api.Tests.OAuth2ServiceTests.ValidateRequestSignature_ShouldReturnFalse_WhenSignatureIsMissing" computerName="Ladislavs-MacBook-Air" duration="00:00:00.0015833" startTime="2026-01-18T00:13:55.5483130+01:00" endTime="2026-01-18T00:13:55.5498630+01:00" testType="13cdc9d9-ddb5-4fa4-a97d-d965ccfc6d4b" outcome="Passed" testListId="8c84fa94-04c1-424b-9868-57a2d4851a1d" relativeResultsDirectory="170a6ec1-134b-4c95-a323-97aad003a9f5" />
    <UnitTestResult executionId="3677c9aa-8003-4680-9352-ed817d432ad7" testId="0c0d516a-6402-a4e8-404e-2eb827eb7917" testName="BeDemo.Api.Tests.OAuth2EdgeCaseTests.Token_ShouldFail_WhenBodyIsInvalidJson" computerName="Ladislavs-MacBook-Air" duration="00:00:00.0013333" startTime="2026-01-18T00:13:56.9168370+01:00" endTime="2026-01-18T00:13:56.9177770+01:00" testType="13cdc9d9-ddb5-4fa4-a97d-d965ccfc6d4b" outcome="Passed" testListId="8c84fa94-04c1-424b-9868-57a2d4851a1d" relativeResultsDirectory="3677c9aa-8003-4680-9352-ed817d432ad7" />
    <UnitTestResult executionId="553e1b7e-68ca-4595-981e-a18f0d586bea" testId="5fea1972-f88f-e462-b9bd-313f258daf87" testName="BeDemo.Api.Tests.PagesControllerTests.CreatePage_ShouldReturnBadRequest_WhenFaceNotFound" computerName="Ladislavs-MacBook-Air" duration="00:00:01.6059466" startTime="2026-01-18T00:13:53.9140770+01:00" endTime="2026-01-18T00:13:55.5274450+01:00" testType="13cdc9d9-ddb5-4fa4-a97d-d965ccfc6d4b" outcome="Failed" testListId="8c84fa94-04c1-424b-9868-57a2d4851a1d" relativeResultsDirectory="553e1b7e-68ca-4595-981e-a18f0d586bea">
      <Output>
        <ErrorInfo>
          <Message>Microsoft.CSharp.RuntimeBinder.RuntimeBinderException : 'System.Text.Json.JsonElement' does not contain a definition for 'id'</Message>
          <StackTrace>   at CallSite.Target(Closure, CallSite, Object)
   at System.Dynamic.UpdateDelegates.UpdateAndExecute1[T0,TRet](CallSite site, T0 arg0)
   at BeDemo.Api.Tests.PagesControllerTests.CreateTestPageTypeAsync() in /Users/ladislavkostolny/Soft/_mfai_demo/be_demo/BeDemo.Api.Tests/PagesControllerTests.cs:line 116
   at BeDemo.Api.Tests.PagesControllerTests.CreatePage_ShouldReturnBadRequest_WhenFaceNotFound() in /Users/ladislavkostolny/Soft/_mfai_demo/be_demo/BeDemo.Api.Tests/PagesControllerTests.cs:line 216
--- End of stack trace from previous location ---</StackTrace>
        </ErrorInfo>
      </Output>
    </UnitTestResult>
    <UnitTestResult executionId="f53a2c6e-e875-4e79-8b86-44b8ebe1cf42" testId="7325c454-0b33-0e10-fd9e-6be12fc4d486" testName="BeDemo.Api.Tests.UsersControllerTests.CreateUser_ShouldReturnCreated_WhenValidData" computerName="Ladislavs-MacBook-Air" duration="00:00:00.3040007" startTime="2026-01-18T00:13:56.7882040+01:00" endTime="2026-01-18T00:13:57.0924300+01:00" testType="13cdc9d9-ddb5-4fa4-a97d-d965ccfc6d4b" outcome="Failed" testListId="8c84fa94-04c1-424b-9868-57a2d4851a1d" relativeResultsDirectory="f53a2c6e-e875-4e79-8b86-44b8ebe1cf42">
      <Output>
        <ErrorInfo>
          <Message>Microsoft.CSharp.RuntimeBinder.RuntimeBinderException : 'System.Text.Json.JsonElement' does not contain a definition for 'Should'</Message>
          <StackTrace>   at CallSite.Target(Closure, CallSite, Object)
   at System.Dynamic.UpdateDelegates.UpdateAndExecute1[T0,TRet](CallSite site, T0 arg0)
   at BeDemo.Api.Tests.UsersControllerTests.CreateUser_ShouldReturnCreated_WhenValidData() in /Users/ladislavkostolny/Soft/_mfai_demo/be_demo/BeDemo.Api.Tests/UsersControllerTests.cs:line 173
--- End of stack trace from previous location ---</StackTrace>
        </ErrorInfo>
      </Output>
    </UnitTestResult>
    <UnitTestResult executionId="5beda099-29ba-4780-8ea2-3472c431f553" testId="b78947ab-3304-1df8-65e2-1e403687c1be" testName="BeDemo.Api.Tests.BoundaryValueTests.Register_ShouldSucceed_WhenPasswordIs255Chars" computerName="Ladislavs-MacBook-Air" duration="00:00:00.0651723" startTime="2026-01-18T00:13:56.4709380+01:00" endTime="2026-01-18T00:13:56.5368910+01:00" testType="13cdc9d9-ddb5-4fa4-a97d-d965ccfc6d4b" outcome="Passed" testListId="8c84fa94-04c1-424b-9868-57a2d4851a1d" relativeResultsDirectory="5beda099-29ba-4780-8ea2-3472c431f553" />
    <UnitTestResult executionId="44d58ae5-7dad-45bd-af2e-3a66b74572da" testId="00ee0e05-4cfc-343a-8119-14d8cdb54f8b" testName="BeDemo.Api.Tests.OAuth2ServiceTests.ValidateClientAsync_ShouldReturnFalse_WhenClientSecretIsNull" computerName="Ladislavs-MacBook-Air" duration="00:00:00.0005317" startTime="2026-01-18T00:13:55.5476560+01:00" endTime="2026-01-18T00:13:55.5479890+01:00" testType="13cdc9d9-ddb5-4fa4-a97d-d965ccfc6d4b" outcome="Passed" testListId="8c84fa94-04c1-424b-9868-57a2d4851a1d" relativeResultsDirectory="44d58ae5-7dad-45bd-af2e-3a66b74572da" />
    <UnitTestResult executionId="4a3c5f9a-e1ed-4e3b-9d5e-55ca273d807c" testId="37966ae9-1128-c835-35c2-9435e8206014" testName="BeDemo.Api.Tests.BoundaryValueTests.Register_ShouldSucceed_WhenPasswordIs4Chars" computerName="Ladislavs-MacBook-Air" duration="00:00:00.0633781" startTime="2026-01-18T00:13:56.6961730+01:00" endTime="2026-01-18T00:13:56.7615420+01:00" testType="13cdc9d9-ddb5-4fa4-a97d-d965ccfc6d4b" outcome="Passed" testListId="8c84fa94-04c1-424b-9868-57a2d4851a1d" relativeResultsDirectory="4a3c5f9a-e1ed-4e3b-9d5e-55ca273d807c" />
    <UnitTestResult executionId="0b8a5b82-3eba-4177-ad6a-09eed24a86d3" testId="5906fc0d-72c0-c0ed-904c-808e78c100ef" testName="BeDemo.Api.Tests.PageTypesControllerTests.DeletePageType_ShouldReturnNoContent_WhenValidId" computerName="Ladislavs-MacBook-Air" duration="00:00:00.2709124" startTime="2026-01-18T00:13:56.7690760+01:00" endTime="2026-01-18T00:13:57.0397960+01:00" testType="13cdc9d9-ddb5-4fa4-a97d-d965ccfc6d4b" outcome="Failed" testListId="8c84fa94-04c1-424b-9868-57a2d4851a1d" relativeResultsDirectory="0b8a5b82-3eba-4177-ad6a-09eed24a86d3">
      <Output>
        <ErrorInfo>
          <Message>Microsoft.CSharp.RuntimeBinder.RuntimeBinderException : 'System.Text.Json.JsonElement' does not contain a definition for 'id'</Message>
          <StackTrace>   at CallSite.Target(Closure, CallSite, Object)
   at System.Dynamic.UpdateDelegates.UpdateAndExecute1[T0,TRet](CallSite site, T0 arg0)
   at BeDemo.Api.Tests.PageTypesControllerTests.DeletePageType_ShouldReturnNoContent_WhenValidId() in /Users/ladislavkostolny/Soft/_mfai_demo/be_demo/BeDemo.Api.Tests/PageTypesControllerTests.cs:line 200
--- End of stack trace from previous location ---</StackTrace>
        </ErrorInfo>
      </Output>
    </UnitTestResult>
    <UnitTestResult executionId="c3e4439f-a2ca-433b-85fa-751e859d5d00" testId="94370591-f72c-6071-2712-0d1ad308e3be" testName="BeDemo.Api.Tests.SecurityEdgeCaseTests.Token_ShouldFail_WhenClientSecretContainsSQLInjection" computerName="Ladislavs-MacBook-Air" duration="00:00:00.0021212" startTime="2026-01-18T00:13:55.2821020+01:00" endTime="2026-01-18T00:13:55.2843000+01:00" testType="13cdc9d9-ddb5-4fa4-a97d-d965ccfc6d4b" outcome="Passed" testListId="8c84fa94-04c1-424b-9868-57a2d4851a1d" relativeResultsDirectory="c3e4439f-a2ca-433b-85fa-751e859d5d00" />
    <UnitTestResult executionId="fa9faee3-2235-4f71-a995-397fdc87f47d" testId="61004bd3-7945-f10f-c40e-c4b71a4c3406" testName="BeDemo.Api.Tests.OAuth2ServiceTests.ValidateRequestSignature_ShouldReturnFalse_WhenAlgorithmIsMissing" computerName="Ladislavs-MacBook-Air" duration="00:00:00.0005075" startTime="2026-01-18T00:13:55.5500240+01:00" endTime="2026-01-18T00:13:55.5504170+01:00" testType="13cdc9d9-ddb5-4fa4-a97d-d965ccfc6d4b" outcome="Passed" testListId="8c84fa94-04c1-424b-9868-57a2d4851a1d" relativeResultsDirectory="fa9faee3-2235-4f71-a995-397fdc87f47d" />
    <UnitTestResult executionId="d62812b1-0f5c-4d62-9613-fcab5af2b059" testId="2d00fd86-4a83-0e68-b385-9dc5d689d4d5" testName="BeDemo.Api.Tests.SecurityEdgeCaseTests.Token_ShouldFail_WhenCarriageReturnInUsername" computerName="Ladislavs-MacBook-Air" duration="00:00:00.0045134" startTime="2026-01-18T00:13:55.4717620+01:00" endTime="2026-01-18T00:13:55.4768900+01:00" testType="13cdc9d9-ddb5-4fa4-a97d-d965ccfc6d4b" outcome="Passed" testListId="8c84fa94-04c1-424b-9868-57a2d4851a1d" relativeResultsDirectory="d62812b1-0f5c-4d62-9613-fcab5af2b059" />
    <UnitTestResult executionId="547dc59d-fd55-44a2-9932-3714944505c9" testId="e2215d5c-028a-3eab-26d3-5d70ec964e99" testName="BeDemo.Api.Tests.RefreshTokenEdgeCaseTests.Token_ShouldFail_WhenRefreshTokenIsAccessToken" computerName="Ladislavs-MacBook-Air" duration="00:00:00.1477020" startTime="2026-01-18T00:13:55.1694530+01:00" endTime="2026-01-18T00:13:55.3095560+01:00" testType="13cdc9d9-ddb5-4fa4-a97d-d965ccfc6d4b" outcome="Passed" testListId="8c84fa94-04c1-424b-9868-57a2d4851a1d" relativeResultsDirectory="547dc59d-fd55-44a2-9932-3714944505c9" />
    <UnitTestResult executionId="d71605d8-9218-4f20-a747-6b286b52b7c8" testId="4cdbf9f8-05d9-2077-c7e8-0baf0b535b93" testName="BeDemo.Api.Tests.FacesControllerTests.CreateFace_ShouldReturnCreated_WhenValidData" computerName="Ladislavs-MacBook-Air" duration="00:00:00.9708633" startTime="2026-01-18T00:13:55.5528390+01:00" endTime="2026-01-18T00:13:56.5234710+01:00" testType="13cdc9d9-ddb5-4fa4-a97d-d965ccfc6d4b" outcome="Failed" testListId="8c84fa94-04c1-424b-9868-57a2d4851a1d" relativeResultsDirectory="d71605d8-9218-4f20-a747-6b286b52b7c8">
      <Output>
        <ErrorInfo>
          <Message>Microsoft.CSharp.RuntimeBinder.RuntimeBinderException : 'System.Text.Json.JsonElement' does not contain a definition for 'Should'</Message>
          <StackTrace>   at CallSite.Target(Closure, CallSite, Object)
   at System.Dynamic.UpdateDelegates.UpdateAndExecute1[T0,TRet](CallSite site, T0 arg0)
   at BeDemo.Api.Tests.FacesControllerTests.CreateFace_ShouldReturnCreated_WhenValidData() in /Users/ladislavkostolny/Soft/_mfai_demo/be_demo/BeDemo.Api.Tests/FacesControllerTests.cs:line 158
--- End of stack trace from previous location ---</StackTrace>
        </ErrorInfo>
      </Output>
    </UnitTestResult>
    <UnitTestResult executionId="427cd50c-be9a-448f-bd1e-4e025feaf079" testId="72a5a6c0-a9cd-3d52-fa44-20dedbeab272" testName="BeDemo.Api.Tests.OAuth2EdgeCaseTests.Token_ShouldFail_WhenBodyIsNotJson" computerName="Ladislavs-MacBook-Air" duration="00:00:00.0042481" startTime="2026-01-18T00:13:56.7084620+01:00" endTime="2026-01-18T00:13:56.7125970+01:00" testType="13cdc9d9-ddb5-4fa4-a97d-d965ccfc6d4b" outcome="Passed" testListId="8c84fa94-04c1-424b-9868-57a2d4851a1d" relativeResultsDirectory="427cd50c-be9a-448f-bd1e-4e025feaf079" />
    <UnitTestResult executionId="10fe819a-2381-4568-9201-efd4a4cbd101" testId="6b7ab434-4535-6b98-42f6-e32ec01fd38b" testName="BeDemo.Api.Tests.UsersControllerTests.UpdateUser_ShouldReturnOk_WhenValidData" computerName="Ladislavs-MacBook-Air" duration="00:00:01.6038271" startTime="2026-01-18T00:13:53.9157910+01:00" endTime="2026-01-18T00:13:55.5244920+01:00" testType="13cdc9d9-ddb5-4fa4-a97d-d965ccfc6d4b" outcome="Failed" testListId="8c84fa94-04c1-424b-9868-57a2d4851a1d" relativeResultsDirectory="10fe819a-2381-4568-9201-efd4a4cbd101">
      <Output>
        <ErrorInfo>
          <Message>Microsoft.CSharp.RuntimeBinder.RuntimeBinderException : 'System.Text.Json.JsonElement' does not contain a definition for 'id'</Message>
          <StackTrace>   at CallSite.Target(Closure, CallSite, Object)
   at System.Dynamic.UpdateDelegates.UpdateAndExecute1[T0,TRet](CallSite site, T0 arg0)
   at BeDemo.Api.Tests.UsersControllerTests.UpdateUser_ShouldReturnOk_WhenValidData() in /Users/ladislavkostolny/Soft/_mfai_demo/be_demo/BeDemo.Api.Tests/UsersControllerTests.cs:line 215
--- End of stack trace from previous location ---</StackTrace>
        </ErrorInfo>
      </Output>
    </UnitTestResult>
    <UnitTestResult executionId="e0a4b1ef-ae53-42aa-abb3-4f80bc76de93" testId="fe64bca6-4e81-db35-85a9-eb011f2c65db" testName="BeDemo.Api.Tests.UsersControllerTests.GetUsers_ShouldReturnUnauthorized_WhenNoToken" computerName="Ladislavs-MacBook-Air" duration="00:00:00.0012709" startTime="2026-01-18T00:13:57.0931810+01:00" endTime="2026-01-18T00:13:57.0938820+01:00" testType="13cdc9d9-ddb5-4fa4-a97d-d965ccfc6d4b" outcome="Passed" testListId="8c84fa94-04c1-424b-9868-57a2d4851a1d" relativeResultsDirectory="e0a4b1ef-ae53-42aa-abb3-4f80bc76de93" />
[...]
[xUnit.net 00:00:03.82]       Stack Trace:
[xUnit.net 00:00:03.82]            at CallSite.Target(Closure, CallSite, Object)
[xUnit.net 00:00:03.82]            at System.Dynamic.UpdateDelegates.UpdateAndExecute1[T0,TRet](CallSite site, T0 arg0)
[xUnit.net 00:00:03.82]         /Users/ladislavkostolny/Soft/_mfai_demo/be_demo/BeDemo.Api.Tests/PageTypesControllerTests.cs(170,0): at BeDemo.Api.Tests.PageTypesControllerTests.UpdatePageType_ShouldReturnOk_WhenValidData()
[xUnit.net 00:00:03.82]         --- End of stack trace from previous location ---
[xUnit.net 00:00:03.82]       Microsoft.CSharp.RuntimeBinder.RuntimeBinderException : 'System.Text.Json.JsonElement' does not contain a definition for 'id'
[xUnit.net 00:00:03.82]       Stack Trace:
[xUnit.net 00:00:03.82]            at CallSite.Target(Closure, CallSite, Object)
[xUnit.net 00:00:03.82]         /Users/ladislavkostolny/Soft/_mfai_demo/be_demo/BeDemo.Api.Tests/PagesControllerTests.cs(98,0): at BeDemo.Api.Tests.PagesControllerTests.CreateTestFaceAsync()
[xUnit.net 00:00:03.82]         /Users/ladislavkostolny/Soft/_mfai_demo/be_demo/BeDemo.Api.Tests/PagesControllerTests.cs(187,0): at BeDemo.Api.Tests.PagesControllerTests.CreatePage_ShouldReturnCreated_WhenValidData()
[xUnit.net 00:00:03.82]         --- End of stack trace from previous location ---
[00:13:57 INF] User registered successfully: test_87989f01-26bd-4388-bdd9-c5735ee98e23@test.com
[00:13:57 INF] User registered successfully: test_87989f01-26bd-4388-bdd9-c5735ee98e23@test.com
[00:13:57 INF] Retrieved 53 faces
[00:13:57 INF] Retrieved 53 faces
[00:13:57 INF] User registered successfully: test_dd8c2029-6680-461a-b38a-1602f9da362b@test.com
[00:13:57 INF] User registered successfully: test_dd8c2029-6680-461a-b38a-1602f9da362b@test.com
[00:13:57 INF] User registered successfully: admin_bf995a6b-3c62-48dc-84c1-f1f825070a40@test.com
[00:13:57 INF] User registered successfully: admin_bf995a6b-3c62-48dc-84c1-f1f825070a40@test.com
[00:13:57 INF] Token generated successfully for grant type: password
[00:13:57 INF] Token generated successfully for grant type: password
[00:13:57 WRN] User not found: invalid-id
[00:13:57 WRN] User not found: invalid-id
[00:13:57 INF] User registered successfully: test_4120e00f-73c2-4587-b202-e3e8b06c6ea9@test.com
[00:13:57 INF] User registered successfully: test_4120e00f-73c2-4587-b202-e3e8b06c6ea9@test.com
[00:13:57 INF] User registered successfully: test_8522d4fd-f966-40bc-88f6-6bc9ac76a4b0@test.com
[00:13:57 INF] User registered successfully: test_8522d4fd-f966-40bc-88f6-6bc9ac76a4b0@test.com
[00:13:57 INF] User registered successfully: test_8bd33247-d4b4-4c98-a861-7c0232e03788@test.com
[00:13:57 INF] User registered successfully: test_8bd33247-d4b4-4c98-a861-7c0232e03788@test.com
[00:13:57 INF] User registered successfully: test_7baf4d9e-125c-4a9e-a4f7-d434a2256c3c@test.com
[00:13:57 INF] User registered successfully: test_7baf4d9e-125c-4a9e-a4f7-d434a2256c3c@test.com
[00:13:57 INF] Token generated successfully for grant type: password
[00:13:57 INF] Token generated successfully for grant type: password
[00:13:57 INF] Face created: 54
[00:13:57 INF] Face created: 54
[xUnit.net 00:00:04.07]       Microsoft.CSharp.RuntimeBinder.RuntimeBinderException : 'System.Text.Json.JsonElement' does not contain a definition for 'id'
[xUnit.net 00:00:04.07]       Stack Trace:
[xUnit.net 00:00:04.07]            at CallSite.Target(Closure, CallSite, Object)
[xUnit.net 00:00:04.07]            at System.Dynamic.UpdateDelegates.UpdateAndExecute1[T0,TRet](CallSite site, T0 arg0)
[xUnit.net 00:00:04.07]         /Users/ladislavkostolny/Soft/_mfai_demo/be_demo/BeDemo.Api.Tests/FacesControllerTests.cs(206,0): at BeDemo.Api.Tests.FacesControllerTests.UpdateFace_ShouldReturnOk_WhenValidData()
[xUnit.net 00:00:04.07]         --- End of stack trace from previous location ---
[00:13:57 INF] User registered successfully: test_bbf5edc3-d391-4a5b-a269-9fe3db62d84b@test.com
[00:13:57 INF] User registered successfully: test_bbf5edc3-d391-4a5b-a269-9fe3db62d84b@test.com
[00:13:57 INF] User registered successfully: test_9c09a53a-6b94-4097-91b9-664f45121888@test.com
[00:13:57 INF] User registered successfully: test_9c09a53a-6b94-4097-91b9-664f45121888@test.com
[00:13:57 INF] User registered successfully: test_359207ff-616f-4a18-b715-476a074a12e2@test.com
[00:13:57 INF] User registered successfully: test_359207ff-616f-4a18-b715-476a074a12e2@test.com
[00:13:57 INF] User registered successfully: test_0440cf46-76e0-47ee-bca8-919c3fcb3d12@test.com
[00:13:57 INF] User registered successfully: test_0440cf46-76e0-47ee-bca8-919c3fcb3d12@test.com
[00:13:57 INF] User registered successfully: test_d415d66a-20af-43ae-b70a-6fff09612e2c@test.com
[00:13:57 INF] User registered successfully: test_d415d66a-20af-43ae-b70a-6fff09612e2c@test.com
[00:13:58 INF] User registered successfully: test_8ed1280e-b8fd-43dc-ae54-185380e22cc2@test.com
[00:13:58 INF] User registered successfully: test_8ed1280e-b8fd-43dc-ae54-185380e22cc2@test.com
[00:13:58 WRN] User registration failed: test_f376618b-1434-4bd4-b278-b56c9216e578@test.com, Errors: Username 'test_f376618b-1434-4bd4-b278-b56c9216e578@test.com' is already taken., Email 'test_f376618b-1434-4bd4-b278-b56c9216e578@test.com' is already taken.
[00:13:58 WRN] User registration failed: test_f376618b-1434-4bd4-b278-b56c9216e578@test.com, Errors: Username 'test_f376618b-1434-4bd4-b278-b56c9216e578@test.com' is already taken., Email 'test_f376618b-1434-4bd4-b278-b56c9216e578@test.com' is already taken.
[00:13:58 WRN] User registration failed: test@test.com, Errors: Passwords must be at least 4 characters., Passwords must have at least one non alphanumeric character.
[00:13:58 WRN] User registration failed: test@test.com, Errors: Passwords must be at least 4 characters., Passwords must have at least one non alphanumeric character.
[00:13:58 INF] User registered successfully: test_8365f3e7-4a61-40fb-b2a3-7385fc838d2d@test.com
[00:13:58 INF] User registered successfully: test_8365f3e7-4a61-40fb-b2a3-7385fc838d2d@test.com
[00:13:58 INF] User registered successfully: test_45d85200-5e2b-4ad5-b075-a1f076334622@test.com
[00:13:58 INF] User registered successfully: test_45d85200-5e2b-4ad5-b075-a1f076334622@test.com
[00:13:58 WRN] Invalid client credentials for client: be-demo-client
[00:13:58 WRN] Invalid client credentials for client: be-demo-client
[00:13:58 WRN] User registration failed: test@test.com, Errors: Passwords must have at least one uppercase ('A'-'Z').
[00:13:58 WRN] User registration failed: test@test.com, Errors: Passwords must have at least one uppercase ('A'-'Z').
[00:13:58 INF] User registered successfully: test_14c9dd3a-c498-4f44-9428-2b76541470e5@test.com
[00:13:58 INF] User registered successfully: test_14c9dd3a-c498-4f44-9428-2b76541470e5@test.com
[00:13:58 WRN] User registration failed: , Errors: Username '' is invalid, can only contain letters or digits., Email '' is invalid.
[00:13:58 WRN] User registration failed: , Errors: Username '' is invalid, can only contain letters or digits., Email '' is invalid.
[00:13:58 INF] User registered successfully: test_3f51a8c1-6e0d-477a-a900-d9ef844e5f38@test.com
[00:13:58 INF] User registered successfully: test_3f51a8c1-6e0d-477a-a900-d9ef844e5f38@test.com
[00:13:58 INF] User registered successfully: test_bc8b3b64-52aa-40ca-916a-898886125f36@test.com
[00:13:58 INF] User registered successfully: test_bc8b3b64-52aa-40ca-916a-898886125f36@test.com
[00:13:58 INF] User registered successfully: test_f396a01d-16bd-4524-801d-1c726f64b3a2@test.com
[00:13:58 INF] User registered successfully: test_f396a01d-16bd-4524-801d-1c726f64b3a2@test.com
[00:13:58 INF] User registered successfully: test_ec88480f-87eb-4787-a1d3-e68164edbabd@test.com
[00:13:58 INF] User registered successfully: test_ec88480f-87eb-4787-a1d3-e68164edbabd@test.com
[00:13:58 INF] User registered successfully: test_7a7cce5e-bc8c-48c7-bc02-b7e7b3a5d9ce@test.com
[00:13:58 INF] User registered successfully: test_7a7cce5e-bc8c-48c7-bc02-b7e7b3a5d9ce@test.com
[00:13:58 INF] User registered successfully: test_4b23e717-26a3-414e-ac3b-4405ad1f8dc2@test.com
[00:13:58 INF] User registered successfully: test_4b23e717-26a3-414e-ac3b-4405ad1f8dc2@test.com
[00:13:58 INF] User registered successfully: test_ab8539a8-a7a4-440b-a4a9-b2d53035aa02@test.com
[00:13:58 INF] User registered successfully: test_ab8539a8-a7a4-440b-a4a9-b2d53035aa02@test.com
[00:13:58 INF] User registered successfully: test_7be8a440-2875-4b05-b12b-d531adc92fd4@test.com
[00:13:58 INF] User registered successfully: test_7be8a440-2875-4b05-b12b-d531adc92fd4@test.com
[00:13:58 INF] User registered successfully: test_1a5cb2b2-d61f-42c5-a979-8635dc4a39e1@test.com
[00:13:58 INF] User registered successfully: test_1a5cb2b2-d61f-42c5-a979-8635dc4a39e1@test.com
[00:13:58 INF] User registered successfully: test_02a6cb98-19e6-45c7-b1ad-66bb92a0feb3@test.com
[00:13:58 INF] User registered successfully: test_02a6cb98-19e6-45c7-b1ad-66bb92a0feb3@test.com
[00:13:58 INF] User registered successfully: test_be246b54-1f17-49a6-adae-232328c58e78@test.com
[00:13:58 INF] User registered successfully: test_be246b54-1f17-49a6-adae-232328c58e78@test.com
[00:13:58 INF] User registered successfully: test_3c4c3c4d-338e-4157-bbe1-854df0fda3ab@test.com
[00:13:58 INF] User registered successfully: test_3c4c3c4d-338e-4157-bbe1-854df0fda3ab@test.com
[00:13:58 ERR] Error processing OAuth2 request
System.Text.Json.JsonException: The input does not contain any JSON tokens. Expected the input to start with a valid JSON token, when isFinalBlock is true. Path: $ | LineNumber: 0 | BytePositionInLine: 0.
 ---&gt; System.Text.Json.JsonReaderException: The input does not contain any JSON tokens. Expected the input to start with a valid JSON token, when isFinalBlock is true. LineNumber: 0 | BytePositionInLine: 0.
   at System.Text.Json.ThrowHelper.ThrowJsonReaderException(Utf8JsonReader&amp; json, ExceptionResource resource, Byte nextByte, ReadOnlySpan`1 bytes)
   at System.Text.Json.Serialization.JsonConverter`1.ReadCore(Utf8JsonReader&amp; reader, T&amp; value, JsonSerializerOptions options, ReadStack&amp; state)
   --- End of inner exception stack trace ---
   at System.Text.Json.ThrowHelper.ReThrowWithPath(ReadStack&amp; state, JsonReaderException ex)
   at System.Text.Json.Serialization.JsonConverter`1.ReadCore(Utf8JsonReader&amp; reader, T&amp; value, JsonSerializerOptions options, ReadStack&amp; state)
   at System.Text.Json.Serialization.Metadata.JsonTypeInfo`1.Deserialize(Utf8JsonReader&amp; reader, ReadStack&amp; state)
   at System.Text.Json.JsonSerializer.ReadFromSpan[TValue](ReadOnlySpan`1 utf8Json, JsonTypeInfo`1 jsonTypeInfo, Nullable`1 actualByteCount)
   at System.Text.Json.JsonSerializer.ReadFromSpan[TValue](ReadOnlySpan`1 json, JsonTypeInfo`1 jsonTypeInfo)
   at BeDemo.Api.Middlewares.OAuth2Middleware.InvokeAsync(HttpContext context) in /Users/ladislavkostolny/Soft/_mfai_demo/be_demo/BeDemo.Api/Middlewares/OAuth2Middleware.cs:line 65
[00:13:58 ERR] Error processing OAuth2 request
System.Text.Json.JsonException: The input does not contain any JSON tokens. Expected the input to start with a valid JSON token, when isFinalBlock is true. Path: $ | LineNumber: 0 | BytePositionInLine: 0.
 ---&gt; System.Text.Json.JsonReaderException: The input does not contain any JSON tokens. Expected the input to start with a valid JSON token, when isFinalBlock is true. LineNumber: 0 | BytePositionInLine: 0.
   at System.Text.Json.ThrowHelper.ThrowJsonReaderException(Utf8JsonReader&amp; json, ExceptionResource resource, Byte nextByte, ReadOnlySpan`1 bytes)
   at System.Text.Json.Serialization.JsonConverter`1.ReadCore(Utf8JsonReader&amp; reader, T&amp; value, JsonSerializerOptions options, ReadStack&amp; state)
   --- End of inner exception stack trace ---
   at System.Text.Json.ThrowHelper.ReThrowWithPath(ReadStack&amp; state, JsonReaderException ex)
   at System.Text.Json.Serialization.JsonConverter`1.ReadCore(Utf8JsonReader&amp; reader, T&amp; value, JsonSerializerOptions options, ReadStack&amp; state)
   at System.Text.Json.Serialization.Metadata.JsonTypeInfo`1.Deserialize(Utf8JsonReader&amp; reader, ReadStack&amp; state)
   at System.Text.Json.JsonSerializer.ReadFromSpan[TValue](ReadOnlySpan`1 utf8Json, JsonTypeInfo`1 jsonTypeInfo, Nullable`1 actualByteCount)
   at System.Text.Json.JsonSerializer.ReadFromSpan[TValue](ReadOnlySpan`1 json, JsonTypeInfo`1 jsonTypeInfo)
   at BeDemo.Api.Middlewares.OAuth2Middleware.InvokeAsync(HttpContext context) in /Users/ladislavkostolny/Soft/_mfai_demo/be_demo/BeDemo.Api/Middlewares/OAuth2Middleware.cs:line 65
[00:13:58 WRN] Password grant type missing username or password
[00:13:58 WRN] Password grant type missing username or password
[00:13:58 WRN] Token generation failed for grant type: password
[00:13:58 WRN] Token generation failed for grant type: password
[00:13:58 WRN] Password grant type missing username or password
[00:13:58 WRN] Password grant type missing username or password
[00:13:58 WRN] Token generation failed for grant type: password
[00:13:58 WRN] Token generation failed for grant type: password
[00:13:58 WRN] User registration failed: test@test.com, Errors: Passwords must have at least one lowercase ('a'-'z').
[00:13:58 WRN] User registration failed: test@test.com, Errors: Passwords must have at least one lowercase ('a'-'z').
[00:13:58 INF] User registered successfully: test_304cbfed-60a5-409c-b19d-5ad727a739a5@test.com
[00:13:58 INF] User registered successfully: test_304cbfed-60a5-409c-b19d-5ad727a739a5@test.com
[00:13:58 INF] User registered successfully: test_46e4b3fc-a7ca-409b-8c1c-7cfc2717d6ac@test.com
[00:13:58 INF] User registered successfully: test_46e4b3fc-a7ca-409b-8c1c-7cfc2717d6ac@test.com
[00:13:58 INF] User registered successfully: test_16e98cfe-2772-40a6-a290-9aaf489cb711@test.com
[00:13:58 INF] User registered successfully: test_16e98cfe-2772-40a6-a290-9aaf489cb711@test.com
[00:13:58 INF] User registered successfully: test_af53cc98-f190-4e3d-98df-a022d3bfd89d@test.com
[00:13:58 INF] User registered successfully: test_af53cc98-f190-4e3d-98df-a022d3bfd89d@test.com
[00:13:58 INF] User registered successfully: test_e7ab19d0-9b69-4d01-ab39-90a840cdecbd@test.com
[00:13:58 INF] User registered successfully: test_e7ab19d0-9b69-4d01-ab39-90a840cdecbd@test.com
[00:13:58 INF] User registered successfully: test_10a870f1-1660-4508-a535-3ea8a1858c0b@test.com
[00:13:58 INF] User registered successfully: test_10a870f1-1660-4508-a535-3ea8a1858c0b@test.com
[00:13:58 INF] User registered successfully: test_17580ab2-1795-4fcd-9a08-5dfe81588c58@test.com
[00:13:58 INF] User registered successfully: test_17580ab2-1795-4fcd-9a08-5dfe81588c58@test.com
[00:13:58 INF] User registered successfully: test_e769c281-60de-4821-b7cc-d901bad5a51b@test.com
[00:13:58 INF] User registered successfully: test_e769c281-60de-4821-b7cc-d901bad5a51b@test.com
[00:13:58 INF] User registered successfully: test_2d2b85b7-f0dc-4db0-bc7a-1a33873edcdd@test.com
[00:13:58 INF] User registered successfully: test_2d2b85b7-f0dc-4db0-bc7a-1a33873edcdd@test.com
[00:13:58 INF] User registered successfully: test_e64b4826-69f8-40fb-b9d0-234e351e4ab3@test.com
[00:13:58 INF] User registered successfully: test_e64b4826-69f8-40fb-b9d0-234e351e4ab3@test.com
[00:13:58 INF] User registered successfully: test_724e8f08-977d-42f9-b009-87f51b62938f@test.com
[00:13:58 INF] User registered successfully: test_724e8f08-977d-42f9-b009-87f51b62938f@test.com
[xUnit.net 00:00:04.97]   Finished:    BeDemo.Api.Tests
</StdOut>
    </Output>
    <RunInfos>
      <RunInfo computerName="Ladislavs-MacBook-Air" outcome="Error" timestamp="2026-01-18T00:13:55.5267920+01:00">
        <Text>[xUnit.net 00:00:01.77]     BeDemo.Api.Tests.UsersControllerTests.UpdateUser_ShouldReturnOk_WhenValidData [FAIL]</Text>
      </RunInfo>
      <RunInfo computerName="Ladislavs-MacBook-Air" outcome="Error" timestamp="2026-01-18T00:13:55.5275580+01:00">
        <Text>[xUnit.net 00:00:01.78]     BeDemo.Api.Tests.PagesControllerTests.CreatePage_ShouldReturnBadRequest_WhenFaceNotFound [FAIL]</Text>
      </RunInfo>
      <RunInfo computerName="Ladislavs-MacBook-Air" outcome="Error" timestamp="2026-01-18T00:13:56.4867370+01:00">
        <Text>[xUnit.net 00:00:02.73]     BeDemo.Api.Tests.PageTypesControllerTests.CreatePageType_ShouldReturnCreated_WhenValidData [FAIL]</Text>
      </RunInfo>
      <RunInfo computerName="Ladislavs-MacBook-Air" outcome="Error" timestamp="2026-01-18T00:13:56.5111340+01:00">
        <Text>[xUnit.net 00:00:02.76]     BeDemo.Api.Tests.PagesControllerTests.GetPage_ShouldReturnPage_WhenValidId [FAIL]</Text>
      </RunInfo>
      <RunInfo computerName="Ladislavs-MacBook-Air" outcome="Error" timestamp="2026-01-18T00:13:56.5248000+01:00">
        <Text>[xUnit.net 00:00:02.77]     BeDemo.Api.Tests.FacesControllerTests.CreateFace_ShouldReturnCreated_WhenValidData [FAIL]</Text>
      </RunInfo>
      <RunInfo computerName="Ladislavs-MacBook-Air" outcome="Error" timestamp="2026-01-18T00:13:56.7707640+01:00">
        <Text>[xUnit.net 00:00:03.02]     BeDemo.Api.Tests.PageTypesControllerTests.GetPageType_ShouldReturnPageType_WhenValidId [FAIL]</Text>
      </RunInfo>
      <RunInfo computerName="Ladislavs-MacBook-Air" outcome="Error" timestamp="2026-01-18T00:13:56.7875480+01:00">
        <Text>[xUnit.net 00:00:03.04]     BeDemo.Api.Tests.PagesControllerTests.UpdatePage_ShouldReturnOk_WhenValidData [FAIL]</Text>
      </RunInfo>
      <RunInfo computerName="Ladislavs-MacBook-Air" outcome="Error" timestamp="2026-01-18T00:13:57.0405350+01:00">
        <Text>[xUnit.net 00:00:03.29]     BeDemo.Api.Tests.PageTypesControllerTests.DeletePageType_ShouldReturnNoContent_WhenValidId [FAIL]</Text>
      </RunInfo>
      <RunInfo computerName="Ladislavs-MacBook-Air" outcome="Error" timestamp="2026-01-18T00:13:57.0526150+01:00">
        <Text>[xUnit.net 00:00:03.30]     BeDemo.Api.Tests.PagesControllerTests.DeletePage_ShouldReturnNoContent_WhenValidId [FAIL]</Text>
      </RunInfo>
      <RunInfo computerName="Ladislavs-MacBook-Air" outcome="Error" timestamp="2026-01-18T00:13:57.0813780+01:00">
        <Text>[xUnit.net 00:00:03.33]     BeDemo.Api.Tests.FacesControllerTests.DeleteFace_ShouldReturnNoContent_WhenValidId [FAIL]</Text>
      </RunInfo>
      <RunInfo computerName="Ladislavs-MacBook-Air" outcome="Error" timestamp="2026-01-18T00:13:57.0928550+01:00">
        <Text>[xUnit.net 00:00:03.34]     BeDemo.Api.Tests.UsersControllerTests.CreateUser_ShouldReturnCreated_WhenValidData [FAIL]</Text>
      </RunInfo>
      <RunInfo computerName="Ladislavs-MacBook-Air" outcome="Error" timestamp="2026-01-18T00:13:57.3323670+01:00">
        <Text>[xUnit.net 00:00:03.58]     BeDemo.Api.Tests.FacesControllerTests.GetFace_ShouldReturnFace_WhenValidId [FAIL]</Text>
      </RunInfo>
      <RunInfo computerName="Ladislavs-MacBook-Air" outcome="Error" timestamp="2026-01-18T00:13:57.3930110+01:00">
        <Text>[xUnit.net 00:00:03.64]     BeDemo.Api.Tests.UsersControllerTests.GetUser_ShouldReturnUser_WhenValidId [FAIL]</Text>
      </RunInfo>
      <RunInfo computerName="Ladislavs-MacBook-Air" outcome="Error" timestamp="2026-01-18T00:13:57.5696920+01:00">
        <Text>[xUnit.net 00:00:03.82]     BeDemo.Api.Tests.PageTypesControllerTests.UpdatePageType_ShouldReturnOk_WhenValidData [FAIL]</Text>
      </RunInfo>
      <RunInfo computerName="Ladislavs-MacBook-Air" outcome="Error" timestamp="2026-01-18T00:13:57.5698640+01:00">
        <Text>[xUnit.net 00:00:03.82]     BeDemo.Api.Tests.PagesControllerTests.CreatePage_ShouldReturnCreated_WhenValidData [FAIL]</Text>
      </RunInfo>
      <RunInfo computerName="Ladislavs-MacBook-Air" outcome="Error" timestamp="2026-01-18T00:13:57.8249710+01:00">
        <Text>[xUnit.net 00:00:04.07]     BeDemo.Api.Tests.FacesControllerTests.UpdateFace_ShouldReturnOk_WhenValidData [FAIL]</Text>
      </RunInfo>
    </RunInfos>
  </ResultSummary>
</TestRun>