<?xml version="1.0" encoding="utf-8"?>
<TestRun id="d8d297d4-2417-4c95-9bcf-a6d25b4793d0" name="@Ladislavs-MacBook-Air 2026-01-17 16:15:24" xmlns="http://microsoft.com/schemas/VisualStudio/TeamTest/2010">
  <Times creation="2026-01-17T16:15:24.0302790+01:00" queuing="2026-01-17T16:15:24.0302790+01:00" start="2026-01-17T16:15:23.6466070+01:00" finish="2026-01-17T16:15:28.5028970+01:00" />
  <TestSettings name="default" id="d302c41c-4ea7-4a8f-bb86-e2c01200703f">
    <Deployment runDeploymentRoot="_Ladislavs-MacBook-Air_2026-01-17_16_15_24" />
  </TestSettings>
  <Results>
    <UnitTestResult executionId="7584a9d8-f1de-481e-ab54-b5811fc01383" testId="4d63093f-5051-0201-fe2b-4dee3037a761" testName="BeDemo.Api.Tests.SecurityEdgeCaseTests.Token_ShouldFail_WhenSignatureAlgorithmIsInvalid" computerName="Ladislavs-MacBook-Air" duration="00:00:00.0473960" startTime="2026-01-17T16:15:26.3127010+01:00" endTime="2026-01-17T16:15:26.3603070+01:00" testType="13cdc9d9-ddb5-4fa4-a97d-d965ccfc6d4b" outcome="Passed" testListId="8c84fa94-04c1-424b-9868-57a2d4851a1d" relativeResultsDirectory="7584a9d8-f1de-481e-ab54-b5811fc01383" />
    <UnitTestResult executionId="5b62276b-b80a-4bc9-a38d-5d9e607f12aa" testId="bd45ccd1-fb42-a5d5-21f4-42b292172a3c" testName="BeDemo.Api.Tests.SignalRHubTests.SignalRHub_ShouldRejectConnection_WhenNoToken" computerName="Ladislavs-MacBook-Air" duration="00:00:00.8186779" startTime="2026-01-17T16:15:23.9549160+01:00" endTime="2026-01-17T16:15:24.7794870+01:00" testType="13cdc9d9-ddb5-4fa4-a97d-d965ccfc6d4b" outcome="Passed" testListId="8c84fa94-04c1-424b-9868-57a2d4851a1d" relativeResultsDirectory="5b62276b-b80a-4bc9-a38d-5d9e607f12aa" />
    <UnitTestResult executionId="854d1781-071a-4d29-9fb0-c873aa2e4c23" testId="ad43171f-dba9-fff5-153f-fef9f3d45e2a" testName="BeDemo.Api.Tests.BoundaryValueTests.Register_ShouldSucceed_WhenPasswordIs8Chars" computerName="Ladislavs-MacBook-Air" duration="00:00:00.0411561" startTime="2026-01-17T16:15:26.7761210+01:00" endTime="2026-01-17T16:15:26.8170480+01:00" testType="13cdc9d9-ddb5-4fa4-a97d-d965ccfc6d4b" outcome="Passed" testListId="8c84fa94-04c1-424b-9868-57a2d4851a1d" relativeResultsDirectory="854d1781-071a-4d29-9fb0-c873aa2e4c23" />
    <UnitTestResult executionId="5fcc85ca-e436-4cad-8440-66d641be2000" testId="3a06076e-d129-1335-439f-dc4774144b90" testName="BeDemo.Api.Tests.OAuth2EdgeCaseTests.Token_ShouldFail_WhenUsernameIsMissing" computerName="Ladislavs-MacBook-Air" duration="00:00:00.0279677" startTime="2026-01-17T16:15:26.0779270+01:00" endTime="2026-01-17T16:15:26.1035110+01:00" testType="13cdc9d9-ddb5-4fa4-a97d-d965ccfc6d4b" outcome="Passed" testListId="8c84fa94-04c1-424b-9868-57a2d4851a1d" relativeResultsDirectory="5fcc85ca-e436-4cad-8440-66d641be2000" />
    <UnitTestResult executionId="7d5ec0a1-4df4-4fa0-9fc8-fc6fc42fdd4b" testId="d326248d-e7b4-157f-3662-79de92b7908b" testName="BeDemo.Api.Tests.LoginTests.Login_ShouldReturnUnauthorized_WhenPasswordIsEmpty" computerName="Ladislavs-MacBook-Air" duration="00:00:00.0143407" startTime="2026-01-17T16:15:26.0910790+01:00" endTime="2026-01-17T16:15:26.1068430+01:00" testType="13cdc9d9-ddb5-4fa4-a97d-d965ccfc6d4b" outcome="Passed" testListId="8c84fa94-04c1-424b-9868-57a2d4851a1d" relativeResultsDirectory="7d5ec0a1-4df4-4fa0-9fc8-fc6fc42fdd4b" />
    <UnitTestResult executionId="0eb0d786-0553-4b20-b29a-4fe6e5905d87" testId="6b61ed10-b2e6-5a87-f109-7ee83db71435" testName="BeDemo.Api.Tests.LoginTests.Login_ShouldReturnToken_WhenValidCredentials" computerName="Ladislavs-MacBook-Air" duration="00:00:00.2606160" startTime="2026-01-17T16:15:26.6130540+01:00" endTime="2026-01-17T16:15:26.8731780+01:00" testType="13cdc9d9-ddb5-4fa4-a97d-d965ccfc6d4b" outcome="Passed" testListId="8c84fa94-04c1-424b-9868-57a2d4851a1d" relativeResultsDirectory="0eb0d786-0553-4b20-b29a-4fe6e5905d87" />
    <UnitTestResult executionId="7625feca-53a3-4f1a-aa89-671c22a251c0" testId="df49578d-0bbc-e323-36d0-32f24b63052f" testName="BeDemo.Api.Tests.BoundaryValueTests.Register_ShouldHandleVeryLongFirstName" computerName="Ladislavs-MacBook-Air" duration="00:00:00.0424133" startTime="2026-01-17T16:15:26.6912320+01:00" endTime="2026-01-17T16:15:26.7336910+01:00" testType="13cdc9d9-ddb5-4fa4-a97d-d965ccfc6d4b" outcome="Passed" testListId="8c84fa94-04c1-424b-9868-57a2d4851a1d" relativeResultsDirectory="7625feca-53a3-4f1a-aa89-671c22a251c0" />
    <UnitTestResult executionId="eb410e65-6379-4869-8141-5f8af8531086" testId="206bf364-a51c-202d-de8d-3453257deb32" testName="BeDemo.Api.Tests.SecurityEdgeCaseTests.Token_ShouldFail_WhenRefreshTokenContainsXSS" computerName="Ladislavs-MacBook-Air" duration="00:00:00.0030889" startTime="2026-01-17T16:15:26.2357520+01:00" endTime="2026-01-17T16:15:26.2391100+01:00" testType="13cdc9d9-ddb5-4fa4-a97d-d965ccfc6d4b" outcome="Passed" testListId="8c84fa94-04c1-424b-9868-57a2d4851a1d" relativeResultsDirectory="eb410e65-6379-4869-8141-5f8af8531086" />
    <UnitTestResult executionId="4424ffcb-d994-4d2b-be5c-f3094cb9a765" testId="9f6e31ae-4326-4644-4004-9a56b262b461" testName="BeDemo.Api.Tests.OAuth2EdgeCaseTests.Register_ShouldFail_WhenEmailIsEmpty" computerName="Ladislavs-MacBook-Air" duration="00:00:00.0414993" startTime="2026-01-17T16:15:26.2654020+01:00" endTime="2026-01-17T16:15:26.3070770+01:00" testType="13cdc9d9-ddb5-4fa4-a97d-d965ccfc6d4b" outcome="Passed" testListId="8c84fa94-04c1-424b-9868-57a2d4851a1d" relativeResultsDirectory="4424ffcb-d994-4d2b-be5c-f3094cb9a765" />
    <UnitTestResult executionId="cfec14eb-1cdf-4b3a-9429-b44e691ceeba" testId="48639789-54d0-d328-c6a5-1abc70f3491d" testName="BeDemo.Api.Tests.BoundaryValueTests.Register_ShouldSucceed_WhenEmailIsMaxLength" computerName="Ladislavs-MacBook-Air" duration="00:00:00.0439695" startTime="2026-01-17T16:15:26.2299010+01:00" endTime="2026-01-17T16:15:26.2738060+01:00" testType="13cdc9d9-ddb5-4fa4-a97d-d965ccfc6d4b" outcome="Passed" testListId="8c84fa94-04c1-424b-9868-57a2d4851a1d" relativeResultsDirectory="cfec14eb-1cdf-4b3a-9429-b44e691ceeba" />
    <UnitTestResult executionId="b224ec6c-d080-4e9a-9fe5-47b9e81440c5" testId="4bf0eaa8-87da-6f70-1c92-8014eda2cfb5" testName="BeDemo.Api.Tests.LoginTests.Login_ShouldReturnBadRequest_WhenGrantTypeIsInvalid" computerName="Ladislavs-MacBook-Air" duration="00:00:00.0043496" startTime="2026-01-17T16:15:26.1070030+01:00" endTime="2026-01-17T16:15:26.1113770+01:00" testType="13cdc9d9-ddb5-4fa4-a97d-d965ccfc6d4b" outcome="Passed" testListId="8c84fa94-04c1-424b-9868-57a2d4851a1d" relativeResultsDirectory="b224ec6c-d080-4e9a-9fe5-47b9e81440c5" />
    <UnitTestResult executionId="c8f6a1d0-13c3-44b7-b451-2480d7810389" testId="ec4cd270-ede1-5c50-005e-b8d6e4fab83e" testName="BeDemo.Api.Tests.OAuth2EdgeCaseTests.Token_ShouldFail_WhenBodyIsEmpty" computerName="Ladislavs-MacBook-Air" duration="00:00:00.0026555" startTime="2026-01-17T16:15:26.3111570+01:00" endTime="2026-01-17T16:15:26.3126190+01:00" testType="13cdc9d9-ddb5-4fa4-a97d-d965ccfc6d4b" outcome="Passed" testListId="8c84fa94-04c1-424b-9868-57a2d4851a1d" relativeResultsDirectory="c8f6a1d0-13c3-44b7-b451-2480d7810389" />
    <UnitTestResult executionId="91e91dc6-8123-4080-9dbb-87fdbf3f93cd" testId="e1004d07-b1e1-124d-95d1-5530ad0abc6c" testName="BeDemo.Api.Tests.SecurityEdgeCaseTests.Token_ShouldFail_WhenNewlineInUsername" computerName="Ladislavs-MacBook-Air" duration="00:00:00.0048775" startTime="2026-01-17T16:15:26.3085350+01:00" endTime="2026-01-17T16:15:26.3124110+01:00" testType="13cdc9d9-ddb5-4fa4-a97d-d965ccfc6d4b" outcome="Passed" testListId="8c84fa94-04c1-424b-9868-57a2d4851a1d" relativeResultsDirectory="91e91dc6-8123-4080-9dbb-87fdbf3f93cd" />
    <UnitTestResult executionId="b50f5d16-b341-4bab-b984-f4aeb6543105" testId="4a98a8bd-c53b-387a-1805-df30252c9060" testName="BeDemo.Api.Tests.LoginTests.Login_ShouldReturnUnauthorized_WhenClientIdIsInvalid" computerName="Ladislavs-MacBook-Air" duration="00:00:00.0459924" startTime="2026-01-17T16:15:26.8732790+01:00" endTime="2026-01-17T16:15:26.9193180+01:00" testType="13cdc9d9-ddb5-4fa4-a97d-d965ccfc6d4b" outcome="Passed" testListId="8c84fa94-04c1-424b-9868-57a2d4851a1d" relativeResultsDirectory="b50f5d16-b341-4bab-b984-f4aeb6543105" />
    <UnitTestResult executionId="6406c0d1-0908-4739-8d04-481bbf1c3cfd" testId="3e67939c-6957-6c19-338f-75800142889b" testName="BeDemo.Api.Tests.SecurityEdgeCaseTests.Register_ShouldFail_WhenSQLInjectionInEmail" computerName="Ladislavs-MacBook-Air" duration="00:00:00.0416994" startTime="2026-01-17T16:15:26.2599000+01:00" endTime="2026-01-17T16:15:26.3002940+01:00" testType="13cdc9d9-ddb5-4fa4-a97d-d965ccfc6d4b" outcome="Passed" testListId="8c84fa94-04c1-424b-9868-57a2d4851a1d" relativeResultsDirectory="6406c0d1-0908-4739-8d04-481bbf1c3cfd" />
    <UnitTestResult executionId="81da7677-6bf3-4b97-a783-6819ba0ffad2" testId="8ab8e042-9c0b-80ae-0031-eb4bd6567b85" testName="BeDemo.Api.Tests.OAuth2EdgeCaseTests.Token_ShouldFail_WhenUsingGet" computerName="Ladislavs-MacBook-Air" duration="00:00:00.0008831" startTime="2026-01-17T16:15:26.2555380+01:00" endTime="2026-01-17T16:15:26.2564190+01:00" testType="13cdc9d9-ddb5-4fa4-a97d-d965ccfc6d4b" outcome="Passed" testListId="8c84fa94-04c1-424b-9868-57a2d4851a1d" relativeResultsDirectory="81da7677-6bf3-4b97-a783-6819ba0ffad2" />
    <UnitTestResult executionId="4ca980f4-1107-4932-b2c4-de8d5cc3cda9" testId="932b466c-acba-da55-2e4d-f4ae93df724a" testName="BeDemo.Api.Tests.OAuth2EdgeCaseTests.Token_ShouldFail_WhenClientIdIsMissing" computerName="Ladislavs-MacBook-Air" duration="00:00:00.0157609" startTime="2026-01-17T16:15:26.1691800+01:00" endTime="2026-01-17T16:15:26.1833500+01:00" testType="13cdc9d9-ddb5-4fa4-a97d-d965ccfc6d4b" outcome="Passed" testListId="8c84fa94-04c1-424b-9868-57a2d4851a1d" relativeResultsDirectory="4ca980f4-1107-4932-b2c4-de8d5cc3cda9" />
    <UnitTestResult executionId="a6e16577-5cf3-4d8d-86e0-d949e30fa68f" testId="e0977f53-7628-b613-78b3-aa371868cf19" testName="BeDemo.Api.Tests.SecurityEdgeCaseTests.Token_ShouldFail_WhenVeryLongClientId" computerName="Ladislavs-MacBook-Air" duration="00:00:00.0198336" startTime="2026-01-17T16:15:26.1156880+01:00" endTime="2026-01-17T16:15:26.1356930+01:00" testType="13cdc9d9-ddb5-4fa4-a97d-d965ccfc6d4b" outcome="Passed" testListId="8c84fa94-04c1-424b-9868-57a2d4851a1d" relativeResultsDirectory="a6e16577-5cf3-4d8d-86e0-d949e30fa68f" />
    <UnitTestResult executionId="4d0847e1-a920-4edf-9f37-35acecf3205c" testId="bef381be-0c65-567a-5cbd-8d4e5732351f" testName="BeDemo.Api.Tests.OAuth2ControllerTests.Register_ShouldReturnSuccess_WhenValidData" computerName="Ladislavs-MacBook-Air" duration="00:00:00.0693693" startTime="2026-01-17T16:15:26.1345110+01:00" endTime="2026-01-17T16:15:26.2053640+01:00" testType="13cdc9d9-ddb5-4fa4-a97d-d965ccfc6d4b" outcome="Passed" testListId="8c84fa94-04c1-424b-9868-57a2d4851a1d" relativeResultsDirectory="4d0847e1-a920-4edf-9f37-35acecf3205c" />
    <UnitTestResult executionId="3e9a3cd6-b018-46c9-a71c-64c44811d65b" testId="20d16c56-9721-f0ae-cf67-c72bcda857d9" testName="BeDemo.Api.Tests.SecurityEdgeCaseTests.Token_ShouldFail_WhenOnlyWhitespaceInPassword" computerName="Ladislavs-MacBook-Air" duration="00:00:00.0034067" startTime="2026-01-17T16:15:26.2447210+01:00" endTime="2026-01-17T16:15:26.2480090+01:00" testType="13cdc9d9-ddb5-4fa4-a97d-d965ccfc6d4b" outcome="Passed" testListId="8c84fa94-04c1-424b-9868-57a2d4851a1d" relativeResultsDirectory="3e9a3cd6-b018-46c9-a71c-64c44811d65b" />
    <UnitTestResult executionId="11804506-5564-4df2-8e7d-55282bc2be71" testId="d1f8f866-7978-53a0-48f0-223dd0556eb0" testName="BeDemo.Api.Tests.OAuth2EdgeCaseTests.Token_ShouldFail_WhenRefreshTokenIsExpired" computerName="Ladislavs-MacBook-Air" duration="00:00:00.0116118" startTime="2026-01-17T16:15:26.3770420+01:00" endTime="2026-01-17T16:15:26.3887020+01:00" testType="13cdc9d9-ddb5-4fa4-a97d-d965ccfc6d4b" outcome="Passed" testListId="8c84fa94-04c1-424b-9868-57a2d4851a1d" relativeResultsDirectory="11804506-5564-4df2-8e7d-55282bc2be71" />
    <UnitTestResult executionId="fd8fed4e-7681-4a74-8fb8-92c7475854cf" testId="0be46de9-683f-c785-a7c0-db38b52e2052" testName="BeDemo.Api.Tests.BoundaryValueTests.Register_ShouldHandleNullFirstName" computerName="Ladislavs-MacBook-Air" duration="00:00:00.0721050" startTime="2026-01-17T16:15:26.1575970+01:00" endTime="2026-01-17T16:15:26.2294640+01:00" testType="13cdc9d9-ddb5-4fa4-a97d-d965ccfc6d4b" outcome="Passed" testListId="8c84fa94-04c1-424b-9868-57a2d4851a1d" relativeResultsDirectory="fd8fed4e-7681-4a74-8fb8-92c7475854cf" />
    <UnitTestResult executionId="e468c9dd-da95-43b5-b452-fee61d9c1515" testId="632500c7-7bd7-e718-df01-0d87d623318b" testName="BeDemo.Api.Tests.SecurityEdgeCaseTests.Token_ShouldFail_WhenUnicodeNullInUsername" computerName="Ladislavs-MacBook-Air" duration="00:00:00.0027502" startTime="2026-01-17T16:15:26.3005160+01:00" endTime="2026-01-17T16:15:26.3073610+01:00" testType="13cdc9d9-ddb5-4fa4-a97d-d965ccfc6d4b" outcome="Failed" testListId="8c84fa94-04c1-424b-9868-57a2d4851a1d" relativeResultsDirectory="e468c9dd-da95-43b5-b452-fee61d9c1515">
      <Output>
        <ErrorInfo>
          <Message>Npgsql.PostgresException : 22021: invalid byte sequence for encoding "UTF8": 0x00</Message>
          <StackTrace>   at Npgsql.Internal.NpgsqlConnector.ReadMessageLong(Boolean async, DataRowLoadingMode dataRowLoadingMode, Boolean readingNotifications, Boolean isReadingPrependedMessage)
   at System.Runtime.CompilerServices.PoolingAsyncValueTaskMethodBuilder`1.StateMachineBox`1.System.Threading.Tasks.Sources.IValueTaskSource&lt;TResult&gt;.GetResult(Int16 token)
   at Npgsql.NpgsqlDataReader.NextResult(Boolean async, Boolean isConsuming, CancellationToken cancellationToken)
   at Npgsql.NpgsqlDataReader.NextResult(Boolean async, Boolean isConsuming, CancellationToken cancellationToken)
   at Npgsql.NpgsqlCommand.ExecuteReader(Boolean async, CommandBehavior behavior, CancellationToken cancellationToken)
   at Npgsql.NpgsqlCommand.ExecuteReader(Boolean async, CommandBehavior behavior, CancellationToken cancellationToken)
   at Npgsql.NpgsqlCommand.ExecuteDbDataReaderAsync(CommandBehavior behavior, CancellationToken cancellationToken)
   at Microsoft.EntityFrameworkCore.Storage.RelationalCommand.ExecuteReaderAsync(RelationalCommandParameterObject parameterObject, CancellationToken cancellationToken)
   at Microsoft.EntityFrameworkCore.Storage.RelationalCommand.ExecuteReaderAsync(RelationalCommandParameterObject parameterObject, CancellationToken cancellationToken)
   at Microsoft.EntityFrameworkCore.Query.Internal.SingleQueryingEnumerable`1.AsyncEnumerator.InitializeReaderAsync(AsyncEnumerator enumerator, CancellationToken cancellationToken)
   at Npgsql.EntityFrameworkCore.PostgreSQL.Storage.Internal.NpgsqlExecutionStrategy.ExecuteAsync[TState,TResult](TState state, Func`4 operation, Func`4 verifySucceeded, CancellationToken cancellationToken)
   at Microsoft.EntityFrameworkCore.Query.Internal.SingleQueryingEnumerable`1.AsyncEnumerator.MoveNextAsync()
   at Microsoft.EntityFrameworkCore.Query.ShapedQueryCompilingExpressionVisitor.SingleOrDefaultAsync[TSource](IAsyncEnumerable`1 asyncEnumerable, CancellationToken cancellationToken)
   at Microsoft.EntityFrameworkCore.Query.ShapedQueryCompilingExpressionVisitor.SingleOrDefaultAsync[TSource](IAsyncEnumerable`1 asyncEnumerable, CancellationToken cancellationToken)
   at Microsoft.AspNetCore.Identity.UserManager`1.FindByEmailAsync(String email)
   at BeDemo.Api.Services.OAuth2Service.GenerateTokenAsync(OAuth2TokenRequest request, UserManager`1 userManager) in /Users/ladislavkostolny/Soft/_mfai_demo/be_demo/BeDemo.Api/Services/OAuth2Service.cs:line 98
   at BeDemo.Api.Controllers.OAuth2Controller.Token(OAuth2TokenRequest request) in /Users/ladislavkostolny/Soft/_mfai_demo/be_demo/BeDemo.Api/Controllers/OAuth2Controller.cs:line 86
   at Microsoft.AspNetCore.Mvc.Infrastructure.ActionMethodExecutor.TaskOfIActionResultExecutor.Execute(ActionContext actionContext, IActionResultTypeMapper mapper, ObjectMethodExecutor executor, Object controller, Object[] arguments)
   at Microsoft.AspNetCore.Mvc.Infrastructure.ControllerActionInvoker.&lt;InvokeActionMethodAsync&gt;g__Awaited|12_0(ControllerActionInvoker invoker, ValueTask`1 actionResultValueTask)
   at Microsoft.AspNetCore.Mvc.Infrastructure.ControllerActionInvoker.&lt;InvokeNextActionFilterAsync&gt;g__Awaited|10_0(ControllerActionInvoker invoker, Task lastTask, State next, Scope scope, Object state, Boolean isCompleted)
   at Microsoft.AspNetCore.Mvc.Infrastructure.ControllerActionInvoker.Rethrow(ActionExecutedContextSealed context)
   at Microsoft.AspNetCore.Mvc.Infrastructure.ControllerActionInvoker.Next(State&amp; next, Scope&amp; scope, Object&amp; state, Boolean&amp; isCompleted)
   at Microsoft.AspNetCore.Mvc.Infrastructure.ControllerActionInvoker.&lt;InvokeInnerFilterAsync&gt;g__Awaited|13_0(ControllerActionInvoker invoker, Task lastTask, State next, Scope scope, Object state, Boolean isCompleted)
   at Microsoft.AspNetCore.Mvc.Infrastructure.ResourceInvoker.&lt;InvokeFilterPipelineAsync&gt;g__Awaited|20_0(ResourceInvoker invoker, Task lastTask, State next, Scope scope, Object state, Boolean isCompleted)
   at Microsoft.AspNetCore.Mvc.Infrastructure.ResourceInvoker.&lt;InvokeAsync&gt;g__Awaited|17_0(ResourceInvoker invoker, Task task, IDisposable scope)
   at Microsoft.AspNetCore.Mvc.Infrastructure.ResourceInvoker.&lt;InvokeAsync&gt;g__Awaited|17_0(ResourceInvoker invoker, Task task, IDisposable scope)
   at Microsoft.AspNetCore.Authorization.AuthorizationMiddleware.Invoke(HttpContext context)
   at Microsoft.AspNetCore.Authentication.AuthenticationMiddleware.Invoke(HttpContext context)
   at BeDemo.Api.Middlewares.OAuth2Middleware.InvokeAsync(HttpContext context) in /Users/ladislavkostolny/Soft/_mfai_demo/be_demo/BeDemo.Api/Middlewares/OAuth2Middleware.cs:line 133
   at Microsoft.AspNetCore.TestHost.HttpContextBuilder.&lt;&gt;c__DisplayClass23_0.&lt;&lt;SendAsync&gt;g__RunRequestAsync|0&gt;d.MoveNext()
--- End of stack trace from previous location ---
   at Microsoft.AspNetCore.TestHost.ClientHandler.SendAsync(HttpRequestMessage request, CancellationToken cancellationToken)
   at Microsoft.AspNetCore.Mvc.Testing.Handlers.CookieContainerHandler.SendAsync(HttpRequestMessage request, CancellationToken cancellationToken)
   at Microsoft.AspNetCore.Mvc.Testing.Handlers.RedirectHandler.SendAsync(HttpRequestMessage request, CancellationToken cancellationToken)
   at System.Net.Http.HttpClient.&lt;SendAsync&gt;g__Core|83_0(HttpRequestMessage request, HttpCompletionOption completionOption, CancellationTokenSource cts, Boolean disposeCts, CancellationTokenSource pendingRequestsCts, CancellationToken originalCancellationToken)
   at BeDemo.Api.Tests.SecurityEdgeCaseTests.Token_ShouldFail_WhenUnicodeNullInUsername() in /Users/ladislavkostolny/Soft/_mfai_demo/be_demo/BeDemo.Api.Tests/SecurityEdgeCaseTests.cs:line 82
--- End of stack trace from previous location ---</StackTrace>
        </ErrorInfo>
      </Output>
    </UnitTestResult>
    <UnitTestResult executionId="634bf1c1-8ef1-414b-a6e3-4b1d06675a97" testId="beab55a7-950b-800d-6eca-56de023a657c" testName="BeDemo.Api.Tests.OAuth2EdgeCaseTests.Token_ShouldFail_WhenPasswordIsMissing" computerName="Ladislavs-MacBook-Air" duration="00:00:00.0026097" startTime="2026-01-17T16:15:26.2626690+01:00" endTime="2026-01-17T16:15:26.2652610+01:00" testType="13cdc9d9-ddb5-4fa4-a97d-d965ccfc6d4b" outcome="Passed" testListId="8c84fa94-04c1-424b-9868-57a2d4851a1d" relativeResultsDirectory="634bf1c1-8ef1-414b-a6e3-4b1d06675a97" />
    <UnitTestResult executionId="feca37b5-03a8-4f78-afaf-6d2803c10844" testId="90447842-1df4-9018-0fb7-60da9e679047" testName="BeDemo.Api.Tests.OAuth2ControllerTests.Token_ShouldReturnUnauthorized_WhenInvalidCredentials" computerName="Ladislavs-MacBook-Air" duration="00:00:00.9822470" startTime="2026-01-17T16:15:23.9678480+01:00" endTime="2026-01-17T16:15:24.9504210+01:00" testType="13cdc9d9-ddb5-4fa4-a97d-d965ccfc6d4b" outcome="Passed" testListId="8c84fa94-04c1-424b-9868-57a2d4851a1d" relativeResultsDirectory="feca37b5-03a8-4f78-afaf-6d2803c10844" />
    <UnitTestResult executionId="789a979a-8e3e-4a81-af15-08351e9290cb" testId="8c0b67b7-70d8-7378-f869-29d862a04dad" testName="BeDemo.Api.Tests.LoginTests.Login_ShouldReturnToken_WhenEmailIsCaseInsensitive" computerName="Ladislavs-MacBook-Air" duration="00:00:00.2588427" startTime="2026-01-17T16:15:26.3530090+01:00" endTime="2026-01-17T16:15:26.6124460+01:00" testType="13cdc9d9-ddb5-4fa4-a97d-d965ccfc6d4b" outcome="Passed" testListId="8c84fa94-04c1-424b-9868-57a2d4851a1d" relativeResultsDirectory="789a979a-8e3e-4a81-af15-08351e9290cb" />
    <UnitTestResult executionId="41182e1a-32fd-4c9d-be56-9c64a904177b" testId="e697fdeb-60b4-e588-9b06-8b2da3bb1f21" testName="BeDemo.Api.Tests.OAuth2EdgeCaseTests.Register_ShouldFail_WhenEmailIsNull" computerName="Ladislavs-MacBook-Air" duration="00:00:00.0387961" startTime="2026-01-17T16:15:27.5432050+01:00" endTime="2026-01-17T16:15:27.5820970+01:00" testType="13cdc9d9-ddb5-4fa4-a97d-d965ccfc6d4b" outcome="Passed" testListId="8c84fa94-04c1-424b-9868-57a2d4851a1d" relativeResultsDirectory="41182e1a-32fd-4c9d-be56-9c64a904177b" />
    <UnitTestResult executionId="12b6e7cd-2236-4aac-bd46-8653a885da99" testId="13a61167-92f5-4a99-b674-4d883b57a8f2" testName="BeDemo.Api.Tests.SecurityEdgeCaseTests.Token_ShouldFail_WhenClientIdContainsSQLInjection" computerName="Ladislavs-MacBook-Air" duration="00:00:00.0145143" startTime="2026-01-17T16:15:26.1360060+01:00" endTime="2026-01-17T16:15:26.1504770+01:00" testType="13cdc9d9-ddb5-4fa4-a97d-d965ccfc6d4b" outcome="Passed" testListId="8c84fa94-04c1-424b-9868-57a2d4851a1d" relativeResultsDirectory="12b6e7cd-2236-4aac-bd46-8653a885da99" />
    <UnitTestResult executionId="a4e96340-0d0c-4af2-8f6d-d2645f0ace6e" testId="3ad4d443-7e7a-3d14-279b-a8d44bd87cdb" testName="BeDemo.Api.Tests.OAuth2EdgeCaseTests.Token_ShouldFail_WhenPasswordIsEmpty" computerName="Ladislavs-MacBook-Air" duration="00:00:00.0008686" startTime="2026-01-17T16:15:27.6717340+01:00" endTime="2026-01-17T16:15:27.6726040+01:00" testType="13cdc9d9-ddb5-4fa4-a97d-d965ccfc6d4b" outcome="Passed" testListId="8c84fa94-04c1-424b-9868-57a2d4851a1d" relativeResultsDirectory="a4e96340-0d0c-4af2-8f6d-d2645f0ace6e" />
    <UnitTestResult executionId="6bb73036-c026-445e-ad58-135a75c1488c" testId="f204facd-4eb5-f780-746c-47dae47d2a8b" testName="BeDemo.Api.Tests.SecurityEdgeCaseTests.Token_ShouldFail_WhenVeryLongClientSecret" computerName="Ladislavs-MacBook-Air" duration="00:00:00.0015636" startTime="2026-01-17T16:15:26.2481110+01:00" endTime="2026-01-17T16:15:26.2499540+01:00" testType="13cdc9d9-ddb5-4fa4-a97d-d965ccfc6d4b" outcome="Passed" testListId="8c84fa94-04c1-424b-9868-57a2d4851a1d" relativeResultsDirectory="6bb73036-c026-445e-ad58-135a75c1488c" />
    <UnitTestResult executionId="b621a613-4ec0-4683-9a8a-f3013c5e7f3e" testId="1176d4f8-b28c-a7b5-e473-310bf883e865" testName="BeDemo.Api.Tests.LoginTests.Login_ShouldReturnUnauthorized_WhenUsernameIsEmpty" computerName="Ladislavs-MacBook-Air" duration="00:00:00.0011100" startTime="2026-01-17T16:15:26.9610570+01:00" endTime="2026-01-17T16:15:26.9621580+01:00" testType="13cdc9d9-ddb5-4fa4-a97d-d965ccfc6d4b" outcome="Passed" testListId="8c84fa94-04c1-424b-9868-57a2d4851a1d" relativeResultsDirectory="b621a613-4ec0-4683-9a8a-f3013c5e7f3e" />
    <UnitTestResult executionId="0a989eb9-eae9-4d7a-b8a5-da92656286bb" testId="394b1a28-7f9a-aeb0-e17d-9dcdd5327c59" testName="BeDemo.Api.Tests.OAuth2EdgeCaseTests.Register_ShouldSucceed_WithSpecialCharactersInEmail" computerName="Ladislavs-MacBook-Air" duration="00:00:00.0632815" startTime="2026-01-17T16:15:26.1837800+01:00" endTime="2026-01-17T16:15:26.2472330+01:00" testType="13cdc9d9-ddb5-4fa4-a97d-d965ccfc6d4b" outcome="Passed" testListId="8c84fa94-04c1-424b-9868-57a2d4851a1d" relativeResultsDirectory="0a989eb9-eae9-4d7a-b8a5-da92656286bb" />
    <UnitTestResult executionId="0f37b9e5-e850-4574-b89c-7a5c129bd80c" testId="03022de5-45fc-4116-20b3-af4e0483a4d2" testName="BeDemo.Api.Tests.OAuth2ServiceTests.ValidateClientAsync_ShouldReturnFalse_WhenClientIdIsInvalid" computerName="Ladislavs-MacBook-Air" duration="00:00:00.0307159" startTime="2026-01-17T16:15:23.9543090+01:00" endTime="2026-01-17T16:15:23.9878410+01:00" testType="13cdc9d9-ddb5-4fa4-a97d-d965ccfc6d4b" outcome="Passed" testListId="8c84fa94-04c1-424b-9868-57a2d4851a1d" relativeResultsDirectory="0f37b9e5-e850-4574-b89c-7a5c129bd80c" />
    <UnitTestResult executionId="21a11886-ba3f-4a66-8699-2b857d47afe9" testId="9ae2d10a-adc5-532b-ed5d-391feee7b482" testName="BeDemo.Api.Tests.OAuth2EdgeCaseTests.Register_ShouldFail_WhenEmailInvalidFormat" computerName="Ladislavs-MacBook-Air" duration="00:00:00.1670590" startTime="2026-01-17T16:15:25.8774820+01:00" endTime="2026-01-17T16:15:26.0513190+01:00" testType="13cdc9d9-ddb5-4fa4-a97d-d965ccfc6d4b" outcome="Passed" testListId="8c84fa94-04c1-424b-9868-57a2d4851a1d" relativeResultsDirectory="21a11886-ba3f-4a66-8699-2b857d47afe9" />
    <UnitTestResult executionId="d77bbb8b-ac6f-41a2-b6c9-9dce2fde01b0" testId="069c1410-c368-b6fd-d67c-3ef747cf3e7b" testName="BeDemo.Api.Tests.OAuth2EdgeCaseTests.Register_ShouldFail_WhenPasswordNoSpecialChar" computerName="Ladislavs-MacBook-Air" duration="00:00:00.0027284" startTime="2026-01-17T16:15:26.2474440+01:00" endTime="2026-01-17T16:15:26.2512300+01:00" testType="13cdc9d9-ddb5-4fa4-a97d-d965ccfc6d4b" outcome="Passed" testListId="8c84fa94-04c1-424b-9868-57a2d4851a1d" relativeResultsDirectory="d77bbb8b-ac6f-41a2-b6c9-9dce2fde01b0" />
    <UnitTestResult executionId="1301285e-5bb4-44a4-897f-bc9917d6b04c" testId="e2215d5c-028a-3eab-26d3-5d70ec964e99" testName="BeDemo.Api.Tests.RefreshTokenEdgeCaseTests.Token_ShouldFail_WhenRefreshTokenIsAccessToken" computerName="Ladislavs-MacBook-Air" duration="00:00:01.1261090" startTime="2026-01-17T16:15:25.0539770+01:00" endTime="2026-01-17T16:15:26.1794330+01:00" testType="13cdc9d9-ddb5-4fa4-a97d-d965ccfc6d4b" outcome="Failed" testListId="8c84fa94-04c1-424b-9868-57a2d4851a1d" relativeResultsDirectory="1301285e-5bb4-44a4-897f-bc9917d6b04c">
      <Output>
        <ErrorInfo>
          <Message>Expected refreshResponse.StatusCode to be HttpStatusCode.Unauthorized {value: 401}, but found HttpStatusCode.OK {value: 200}.</Message>
          <StackTrace>   at FluentAssertions.Execution.LateBoundTestFramework.Throw(String message)
   at FluentAssertions.Execution.DefaultAssertionStrategy.HandleFailure(String message)
   at FluentAssertions.Execution.AssertionScope.AddPreFormattedFailure(String formattedFailureMessage)
   at FluentAssertions.Execution.AssertionChain.FailWith(Func`1 getFailureReason)
   at FluentAssertions.Execution.AssertionChain.FailWith(Func`1 getFailureReason)
   at FluentAssertions.Execution.AssertionChain.FailWith(String message, Object[] args)
   at FluentAssertions.Primitives.EnumAssertions`2.Be(TEnum expected, String because, Object[] becauseArgs)
   at BeDemo.Api.Tests.RefreshTokenEdgeCaseTests.Token_ShouldFail_WhenRefreshTokenIsAccessToken() in /Users/ladislavkostolny/Soft/_mfai_demo/be_demo/BeDemo.Api.Tests/RefreshTokenEdgeCaseTests.cs:line 105
--- End of stack trace from previous location ---</StackTrace>
        </ErrorInfo>
      </Output>
    </UnitTestResult>
    <UnitTestResult executionId="751ce12d-5f48-4a7c-af83-d6b65fb75a92" testId="0c0d516a-6402-a4e8-404e-2eb827eb7917" testName="BeDemo.Api.Tests.OAuth2EdgeCaseTests.Token_ShouldFail_WhenBodyIsInvalidJson" computerName="Ladislavs-MacBook-Air" duration="00:00:00.0020726" startTime="2026-01-17T16:15:26.3259960+01:00" endTime="2026-01-17T16:15:26.3280020+01:00" testType="13cdc9d9-ddb5-4fa4-a97d-d965ccfc6d4b" outcome="Passed" testListId="8c84fa94-04c1-424b-9868-57a2d4851a1d" relativeResultsDirectory="751ce12d-5f48-4a7c-af83-d6b65fb75a92" />
    <UnitTestResult executionId="df27f394-0b16-4734-8fb6-d487d182000d" testId="681ea70c-d8cf-8bd6-5a2b-0c6d4a24491f" testName="BeDemo.Api.Tests.RefreshTokenEdgeCaseTests.Token_ShouldFail_WhenRefreshTokenIsEmpty" computerName="Ladislavs-MacBook-Air" duration="00:00:00.0086924" startTime="2026-01-17T16:15:25.0448340+01:00" endTime="2026-01-17T16:15:25.0537980+01:00" testType="13cdc9d9-ddb5-4fa4-a97d-d965ccfc6d4b" outcome="Passed" testListId="8c84fa94-04c1-424b-9868-57a2d4851a1d" relativeResultsDirectory="df27f394-0b16-4734-8fb6-d487d182000d" />
    <UnitTestResult executionId="b67a1e93-0bfd-450b-a577-a68e41c0e32f" testId="553c2140-1ba8-605e-6928-e87d9340b9dc" testName="BeDemo.Api.Tests.OAuth2EdgeCaseTests.Token_ShouldFail_WhenClientIdIsWrong" computerName="Ladislavs-MacBook-Air" duration="00:00:00.0018435" startTime="2026-01-17T16:15:26.3246440+01:00" endTime="2026-01-17T16:15:26.3257070+01:00" testType="13cdc9d9-ddb5-4fa4-a97d-d965ccfc6d4b" outcome="Passed" testListId="8c84fa94-04c1-424b-9868-57a2d4851a1d" relativeResultsDirectory="b67a1e93-0bfd-450b-a577-a68e41c0e32f" />
    <UnitTestResult executionId="4a0702ee-09a4-4f64-adf0-e4775f0672b6" testId="941c1740-bc3b-b22f-245d-91c5ab870317" testName="BeDemo.Api.Tests.SecurityEdgeCaseTests.Register_ShouldFail_WhenEmailContainsNullByte" computerName="Ladislavs-MacBook-Air" duration="00:00:00.0476991" startTime="2026-01-17T16:15:26.3726140+01:00" endTime="2026-01-17T16:15:26.4252850+01:00" testType="13cdc9d9-ddb5-4fa4-a97d-d965ccfc6d4b" outcome="Failed" testListId="8c84fa94-04c1-424b-9868-57a2d4851a1d" relativeResultsDirectory="4a0702ee-09a4-4f64-adf0-e4775f0672b6">
      <Output>
        <ErrorInfo>
          <Message>Npgsql.PostgresException : 22021: invalid byte sequence for encoding "UTF8": 0x00</Message>
          <StackTrace>   at Npgsql.Internal.NpgsqlConnector.ReadMessageLong(Boolean async, DataRowLoadingMode dataRowLoadingMode, Boolean readingNotifications, Boolean isReadingPrependedMessage)
   at System.Runtime.CompilerServices.PoolingAsyncValueTaskMethodBuilder`1.StateMachineBox`1.System.Threading.Tasks.Sources.IValueTaskSource&lt;TResult&gt;.GetResult(Int16 token)
   at Npgsql.NpgsqlDataReader.NextResult(Boolean async, Boolean isConsuming, CancellationToken cancellationToken)
   at Npgsql.NpgsqlDataReader.NextResult(Boolean async, Boolean isConsuming, CancellationToken cancellationToken)
   at Npgsql.NpgsqlCommand.ExecuteReader(Boolean async, CommandBehavior behavior, CancellationToken cancellationToken)
   at Npgsql.NpgsqlCommand.ExecuteReader(Boolean async, CommandBehavior behavior, CancellationToken cancellationToken)
   at Npgsql.NpgsqlCommand.ExecuteDbDataReaderAsync(CommandBehavior behavior, CancellationToken cancellationToken)
   at Microsoft.EntityFrameworkCore.Storage.RelationalCommand.ExecuteReaderAsync(RelationalCommandParameterObject parameterObject, CancellationToken cancellationToken)
   at Microsoft.EntityFrameworkCore.Storage.RelationalCommand.ExecuteReaderAsync(RelationalCommandParameterObject parameterObject, CancellationToken cancellationToken)
   at Microsoft.EntityFrameworkCore.Query.Internal.SingleQueryingEnumerable`1.AsyncEnumerator.InitializeReaderAsync(AsyncEnumerator enumerator, CancellationToken cancellationToken)
   at Npgsql.EntityFrameworkCore.PostgreSQL.Storage.Internal.NpgsqlExecutionStrategy.ExecuteAsync[TState,TResult](TState state, Func`4 operation, Func`4 verifySucceeded, CancellationToken cancellationToken)
   at Microsoft.EntityFrameworkCore.Query.Internal.SingleQueryingEnumerable`1.AsyncEnumerator.MoveNextAsync()
   at Microsoft.EntityFrameworkCore.Query.ShapedQueryCompilingExpressionVisitor.SingleOrDefaultAsync[TSource](IAsyncEnumerable`1 asyncEnumerable, CancellationToken cancellationToken)
   at Microsoft.EntityFrameworkCore.Query.ShapedQueryCompilingExpressionVisitor.SingleOrDefaultAsync[TSource](IAsyncEnumerable`1 asyncEnumerable, CancellationToken cancellationToken)
   at Microsoft.AspNetCore.Identity.UserManager`1.FindByEmailAsync(String email)
   at Microsoft.AspNetCore.Identity.UserValidator`1.ValidateEmail(UserManager`1 manager, TUser user, List`1 errors)
   at Microsoft.AspNetCore.Identity.UserValidator`1.ValidateAsync(UserManager`1 manager, TUser user)
   at Microsoft.AspNetCore.Identity.UserManager`1.ValidateUserAsync(TUser user)
   at Microsoft.AspNetCore.Identity.UserManager`1.CreateCoreAsync(TUser user)
   at Microsoft.AspNetCore.Identity.UserManager`1.CreateAsync(TUser user)
   at Microsoft.AspNetCore.Identity.UserManager`1.CreateAsync(TUser user, String password)
   at BeDemo.Api.Controllers.OAuth2Controller.Register(OAuth2RegisterModel model) in /Users/ladislavkostolny/Soft/_mfai_demo/be_demo/BeDemo.Api/Controllers/OAuth2Controller.cs:line 138
   at Microsoft.AspNetCore.Mvc.Infrastructure.ActionMethodExecutor.TaskOfIActionResultExecutor.Execute(ActionContext actionContext, IActionResultTypeMapper mapper, ObjectMethodExecutor executor, Object controller, Object[] arguments)
   at Microsoft.AspNetCore.Mvc.Infrastructure.ControllerActionInvoker.&lt;InvokeActionMethodAsync&gt;g__Awaited|12_0(ControllerActionInvoker invoker, ValueTask`1 actionResultValueTask)
   at Microsoft.AspNetCore.Mvc.Infrastructure.ControllerActionInvoker.&lt;InvokeNextActionFilterAsync&gt;g__Awaited|10_0(ControllerActionInvoker invoker, Task lastTask, State next, Scope scope, Object state, Boolean isCompleted)
   at Microsoft.AspNetCore.Mvc.Infrastructure.ControllerActionInvoker.Rethrow(ActionExecutedContextSealed context)
   at Microsoft.AspNetCore.Mvc.Infrastructure.ControllerActionInvoker.Next(State&amp; next, Scope&amp; scope, Object&amp; state, Boolean&amp; isCompleted)
   at Microsoft.AspNetCore.Mvc.Infrastructure.ControllerActionInvoker.&lt;InvokeInnerFilterAsync&gt;g__Awaited|13_0(ControllerActionInvoker invoker, Task lastTask, State next, Scope scope, Object state, Boolean isCompleted)
   at Microsoft.AspNetCore.Mvc.Infrastructure.ResourceInvoker.&lt;InvokeFilterPipelineAsync&gt;g__Awaited|20_0(ResourceInvoker invoker, Task lastTask, State next, Scope scope, Object state, Boolean isCompleted)
   at Microsoft.AspNetCore.Mvc.Infrastructure.ResourceInvoker.&lt;InvokeAsync&gt;g__Awaited|17_0(ResourceInvoker invoker, Task task, IDisposable scope)
   at Microsoft.AspNetCore.Mvc.Infrastructure.ResourceInvoker.&lt;InvokeAsync&gt;g__Awaited|17_0(ResourceInvoker invoker, Task task, IDisposable scope)
   at Microsoft.AspNetCore.Authorization.AuthorizationMiddleware.Invoke(HttpContext context)
   at Microsoft.AspNetCore.Authentication.AuthenticationMiddleware.Invoke(HttpContext context)
   at BeDemo.Api.Middlewares.OAuth2Middleware.InvokeAsync(HttpContext context) in /Users/ladislavkostolny/Soft/_mfai_demo/be_demo/BeDemo.Api/Middlewares/OAuth2Middleware.cs:line 133
   at Microsoft.AspNetCore.TestHost.HttpContextBuilder.&lt;&gt;c__DisplayClass23_0.&lt;&lt;SendAsync&gt;g__RunRequestAsync|0&gt;d.MoveNext()
--- End of stack trace from previous location ---
   at Microsoft.AspNetCore.TestHost.ClientHandler.SendAsync(HttpRequestMessage request, CancellationToken cancellationToken)
   at Microsoft.AspNetCore.Mvc.Testing.Handlers.CookieContainerHandler.SendAsync(HttpRequestMessage request, CancellationToken cancellationToken)
   at Microsoft.AspNetCore.Mvc.Testing.Handlers.RedirectHandler.SendAsync(HttpRequestMessage request, CancellationToken cancellationToken)
   at System.Net.Http.HttpClient.&lt;SendAsync&gt;g__Core|83_0(HttpRequestMessage request, HttpCompletionOption completionOption, CancellationTokenSource cts, Boolean disposeCts, CancellationTokenSource pendingRequestsCts, CancellationToken originalCancellationToken)
   at BeDemo.Api.Tests.SecurityEdgeCaseTests.Register_ShouldFail_WhenEmailContainsNullByte() in /Users/ladislavkostolny/Soft/_mfai_demo/be_demo/BeDemo.Api.Tests/SecurityEdgeCaseTests.cs:line 180
--- End of stack trace from previous location ---</StackTrace>
        </ErrorInfo>
      </Output>
    </UnitTestResult>
    <UnitTestResult executionId="b8258c51-8f83-413b-bf0b-d12a44ad790f" testId="93cc06bc-e582-27a1-fd6e-26acf5bebc4a" testName="BeDemo.Api.Tests.BoundaryValueTests.Token_ShouldHandleWhitespaceInUsername" computerName="Ladislavs-MacBook-Air" duration="00:00:00.6099474" startTime="2026-01-17T16:15:25.4950100+01:00" endTime="2026-01-17T16:15:26.1048930+01:00" testType="13cdc9d9-ddb5-4fa4-a97d-d965ccfc6d4b" outcome="Passed" testListId="8c84fa94-04c1-424b-9868-57a2d4851a1d" relativeResultsDirectory="b8258c51-8f83-413b-bf0b-d12a44ad790f" />
    <UnitTestResult executionId="a724d7ba-f0bf-41ea-a3a5-ff3ba4270e0a" testId="34d582c0-8e69-0225-01f2-c30a064a2778" testName="BeDemo.Api.Tests.OAuth2EdgeCaseTests.Register_ShouldFail_WhenPasswordTooShort" computerName="Ladislavs-MacBook-Air" duration="00:00:00.0033771" startTime="2026-01-17T16:15:27.4956760+01:00" endTime="2026-01-17T16:15:27.4988550+01:00" testType="13cdc9d9-ddb5-4fa4-a97d-d965ccfc6d4b" outcome="Passed" testListId="8c84fa94-04c1-424b-9868-57a2d4851a1d" relativeResultsDirectory="a724d7ba-f0bf-41ea-a3a5-ff3ba4270e0a" />
    <UnitTestResult executionId="cdc0c57b-5e55-479d-8061-b1d1cd7581f6" testId="3eb50bed-3460-23b4-1a68-8e1076a4f8c5" testName="BeDemo.Api.Tests.BoundaryValueTests.Register_ShouldFail_WhenPasswordIs3Chars" computerName="Ladislavs-MacBook-Air" duration="00:00:00.0013387" startTime="2026-01-17T16:15:26.6896990+01:00" endTime="2026-01-17T16:15:26.6911480+01:00" testType="13cdc9d9-ddb5-4fa4-a97d-d965ccfc6d4b" outcome="Passed" testListId="8c84fa94-04c1-424b-9868-57a2d4851a1d" relativeResultsDirectory="cdc0c57b-5e55-479d-8061-b1d1cd7581f6" />
    <UnitTestResult executionId="62b3a10c-dd40-48d6-9f57-917fac8b6196" testId="248ac77b-2240-aa8d-c818-d2d5401345d1" testName="BeDemo.Api.Tests.OAuth2EdgeCaseTests.Token_ShouldFail_WhenUsingPut" computerName="Ladislavs-MacBook-Air" duration="00:00:00.0043505" startTime="2026-01-17T16:15:27.4926630+01:00" endTime="2026-01-17T16:15:27.4951600+01:00" testType="13cdc9d9-ddb5-4fa4-a97d-d965ccfc6d4b" outcome="Passed" testListId="8c84fa94-04c1-424b-9868-57a2d4851a1d" relativeResultsDirectory="62b3a10c-dd40-48d6-9f57-917fac8b6196" />
    <UnitTestResult executionId="8bddf42e-6393-4c34-ae07-d24314957cdc" testId="61004bd3-7945-f10f-c40e-c4b71a4c3406" testName="BeDemo.Api.Tests.OAuth2ServiceTests.ValidateRequestSignature_ShouldReturnFalse_WhenAlgorithmIsMissing" computerName="Ladislavs-MacBook-Air" duration="00:00:00.0011317" startTime="2026-01-17T16:15:24.0046450+01:00" endTime="2026-01-17T16:15:24.0046650+01:00" testType="13cdc9d9-ddb5-4fa4-a97d-d965ccfc6d4b" outcome="Passed" testListId="8c84fa94-04c1-424b-9868-57a2d4851a1d" relativeResultsDirectory="8bddf42e-6393-4c34-ae07-d24314957cdc" />
    <UnitTestResult executionId="b264a3f2-647d-429f-b02d-86fbf29495eb" testId="abd68b5c-26ed-cc48-8bca-7a414a78b714" testName="BeDemo.Api.Tests.OAuth2EdgeCaseTests.Register_ShouldFail_WhenPasswordIsEmpty" computerName="Ladislavs-MacBook-Air" duration="00:00:00.0020391" startTime="2026-01-17T16:15:26.3072990+01:00" endTime="2026-01-17T16:15:26.3093810+01:00" testType="13cdc9d9-ddb5-4fa4-a97d-d965ccfc6d4b" outcome="Passed" testListId="8c84fa94-04c1-424b-9868-57a2d4851a1d" relativeResultsDirectory="b264a3f2-647d-429f-b02d-86fbf29495eb" />
    <UnitTestResult executionId="b0453424-36d3-4a96-b078-eb447b514ec0" testId="6a021ca1-142c-3447-03b8-e66ed4dc1d3a" testName="BeDemo.Api.Tests.OAuth2EdgeCaseTests.Token_ShouldFail_WhenGrantTypeIsEmpty" computerName="Ladislavs-MacBook-Air" duration="00:00:00.0036807" startTime="2026-01-17T16:15:27.6668740+01:00" endTime="2026-01-17T16:15:27.6705900+01:00" testType="13cdc9d9-ddb5-4fa4-a97d-d965ccfc6d4b" outcome="Passed" testListId="8c84fa94-04c1-424b-9868-57a2d4851a1d" relativeResultsDirectory="b0453424-36d3-4a96-b078-eb447b514ec0" />
    <UnitTestResult executionId="f5bede3e-7fc7-4030-a150-048a25bb4419" testId="a77d4cec-7ddf-eff3-f1be-591f94465637" testName="BeDemo.Api.Tests.OAuth2EdgeCaseTests.Token_ShouldFail_WhenUsingDelete" computerName="Ladislavs-MacBook-Air" duration="00:00:00.0205043" startTime="2026-01-17T16:15:26.0514610+01:00" endTime="2026-01-17T16:15:26.0778350+01:00" testType="13cdc9d9-ddb5-4fa4-a97d-d965ccfc6d4b" outcome="Passed" testListId="8c84fa94-04c1-424b-9868-57a2d4851a1d" relativeResultsDirectory="f5bede3e-7fc7-4030-a150-048a25bb4419" />
    <UnitTestResult executionId="41201716-8ddc-481a-be13-24dd6f16a654" testId="1c5ca153-c848-7fbb-38bf-4c3792602e49" testName="BeDemo.Api.Tests.BoundaryValueTests.Token_ShouldHandleWhitespaceInPassword" computerName="Ladislavs-MacBook-Air" duration="00:00:01.5384655" startTime="2026-01-17T16:15:23.9549000+01:00" endTime="2026-01-17T16:15:25.4948830+01:00" testType="13cdc9d9-ddb5-4fa4-a97d-d965ccfc6d4b" outcome="Passed" testListId="8c84fa94-04c1-424b-9868-57a2d4851a1d" relativeResultsDirectory="41201716-8ddc-481a-be13-24dd6f16a654" />
    <UnitTestResult executionId="77ed47e2-50e5-446b-801b-537f2a374e08" testId="7f8010fd-2b9b-1f53-0bd7-d4813f97f3c1" testName="BeDemo.Api.Tests.OAuth2ServiceTests.ValidateClientAsync_ShouldReturnTrue_WhenCredentialsAreValid" computerName="Ladislavs-MacBook-Air" duration="00:00:00.0002367" startTime="2026-01-17T16:15:24.0047760+01:00" endTime="2026-01-17T16:15:24.0047950+01:00" testType="13cdc9d9-ddb5-4fa4-a97d-d965ccfc6d4b" outcome="Passed" testListId="8c84fa94-04c1-424b-9868-57a2d4851a1d" relativeResultsDirectory="77ed47e2-50e5-446b-801b-537f2a374e08" />
    <UnitTestResult executionId="910d623c-f1dd-4599-a27c-c1984bdbbf2c" testId="4e432996-f856-374e-cffe-2bb04eb5d8a9" testName="BeDemo.Api.Tests.RefreshTokenEdgeCaseTests.Token_ShouldFail_WhenRefreshTokenIsUsedTwice" computerName="Ladislavs-MacBook-Air" duration="00:00:00.1108915" startTime="2026-01-17T16:15:26.1806140+01:00" endTime="2026-01-17T16:15:26.2903820+01:00" testType="13cdc9d9-ddb5-4fa4-a97d-d965ccfc6d4b" outcome="Passed" testListId="8c84fa94-04c1-424b-9868-57a2d4851a1d" relativeResultsDirectory="910d623c-f1dd-4599-a27c-c1984bdbbf2c" />
    <UnitTestResult executionId="a56e3e30-74f4-4a7a-b2ae-b4a86e5c1fc0" testId="7b0870b3-ab8f-74f6-2bd2-de07a4e6f178" testName="BeDemo.Api.Tests.OAuth2EdgeCaseTests.Token_ShouldFail_WhenGrantTypeIsInvalid" computerName="Ladislavs-MacBook-Air" duration="00:00:00.0021525" startTime="2026-01-17T16:15:26.2600110+01:00" endTime="2026-01-17T16:15:26.2623450+01:00" testType="13cdc9d9-ddb5-4fa4-a97d-d965ccfc6d4b" outcome="Passed" testListId="8c84fa94-04c1-424b-9868-57a2d4851a1d" relativeResultsDirectory="a56e3e30-74f4-4a7a-b2ae-b4a86e5c1fc0" />
    <UnitTestResult executionId="1eb76616-c0a4-47dc-93ac-1374839b0c71" testId="9b3e3fd9-3c71-c3cb-2395-8b78f390a0d0" testName="BeDemo.Api.Tests.BoundaryValueTests.Token_ShouldSucceed_WithMinimalValidRequest" computerName="Ladislavs-MacBook-Air" duration="00:00:00.2539935" startTime="2026-01-17T16:15:26.3676050+01:00" endTime="2026-01-17T16:15:26.6201660+01:00" testType="13cdc9d9-ddb5-4fa4-a97d-d965ccfc6d4b" outcome="Passed" testListId="8c84fa94-04c1-424b-9868-57a2d4851a1d" relativeResultsDirectory="1eb76616-c0a4-47dc-93ac-1374839b0c71" />
    <UnitTestResult executionId="27f37894-62ac-41a9-80e1-68b1883f78dc" testId="eb5336b9-2965-01b3-95b0-0a1c601372f4" testName="BeDemo.Api.Tests.OAuth2EdgeCaseTests.Register_ShouldFail_WhenUsingGet" computerName="Ladislavs-MacBook-Air" duration="00:00:00.0013262" startTime="2026-01-17T16:15:26.3230260+01:00" endTime="2026-01-17T16:15:26.3235950+01:00" testType="13cdc9d9-ddb5-4fa4-a97d-d965ccfc6d4b" outcome="Passed" testListId="8c84fa94-04c1-424b-9868-57a2d4851a1d" relativeResultsDirectory="27f37894-62ac-41a9-80e1-68b1883f78dc" />
    <UnitTestResult executionId="58dd43ed-7122-4d7a-a7dc-65e003ec4bb9" testId="9b1c8145-819a-5148-f831-df52a0c647d1" testName="BeDemo.Api.Tests.SecurityEdgeCaseTests.Token_ShouldFail_WhenPathTraversalInUsername" computerName="Ladislavs-MacBook-Air" duration="00:00:00.0330594" startTime="2026-01-17T16:15:26.0777740+01:00" endTime="2026-01-17T16:15:26.1063160+01:00" testType="13cdc9d9-ddb5-4fa4-a97d-d965ccfc6d4b" outcome="Passed" testListId="8c84fa94-04c1-424b-9868-57a2d4851a1d" relativeResultsDirectory="58dd43ed-7122-4d7a-a7dc-65e003ec4bb9" />
    <UnitTestResult executionId="dc239b7e-56b0-46be-b7fc-ccbc862e9285" testId="258ef17e-10dc-2d37-a3d2-2e28b81f8a6e" testName="BeDemo.Api.Tests.LoginTests.Login_ShouldReturnUnauthorized_WhenClientSecretIsInvalid" computerName="Ladislavs-MacBook-Air" duration="00:00:00.0414850" startTime="2026-01-17T16:15:26.9194230+01:00" endTime="2026-01-17T16:15:26.9609610+01:00" testType="13cdc9d9-ddb5-4fa4-a97d-d965ccfc6d4b" outcome="Passed" testListId="8c84fa94-04c1-424b-9868-57a2d4851a1d" relativeResultsDirectory="dc239b7e-56b0-46be-b7fc-ccbc862e9285" />
    <UnitTestResult executionId="f7de45f4-f51f-4868-8562-db391400f5d8" testId="0e178cbe-6ecb-db9b-ca48-4a832a2e8646" testName="BeDemo.Api.Tests.OAuth2ControllerTests.Token_ShouldReturnUnauthorized_WhenInvalidClient" computerName="Ladislavs-MacBook-Air" duration="00:00:00.0110103" startTime="2026-01-17T16:15:26.2055160+01:00" endTime="2026-01-17T16:15:26.2158770+01:00" testType="13cdc9d9-ddb5-4fa4-a97d-d965ccfc6d4b" outcome="Passed" testListId="8c84fa94-04c1-424b-9868-57a2d4851a1d" relativeResultsDirectory="f7de45f4-f51f-4868-8562-db391400f5d8" />
    <UnitTestResult executionId="002269d4-1ded-4a53-a4fb-63d3ea7e43f1" testId="ca6861d5-5c7a-ab22-0fa0-c2e95e472f17" testName="BeDemo.Api.Tests.BoundaryValueTests.Token_ShouldHandleWhitespaceOnlyInUsername" computerName="Ladislavs-MacBook-Air" duration="00:00:00.0053791" startTime="2026-01-17T16:15:26.2750570+01:00" endTime="2026-01-17T16:15:26.2794030+01:00" testType="13cdc9d9-ddb5-4fa4-a97d-d965ccfc6d4b" outcome="Passed" testListId="8c84fa94-04c1-424b-9868-57a2d4851a1d" relativeResultsDirectory="002269d4-1ded-4a53-a4fb-63d3ea7e43f1" />
    <UnitTestResult executionId="59bc0cb1-1545-4149-a82c-3b989fd62ba5" testId="af4eaedc-02a2-ebc2-3a4e-3f5879ccc678" testName="BeDemo.Api.Tests.OAuth2EdgeCaseTests.Register_ShouldFail_WhenEmailAlreadyExists" computerName="Ladislavs-MacBook-Air" duration="00:00:01.1009817" startTime="2026-01-17T16:15:26.3889990+01:00" endTime="2026-01-17T16:15:27.4904770+01:00" testType="13cdc9d9-ddb5-4fa4-a97d-d965ccfc6d4b" outcome="Passed" testListId="8c84fa94-04c1-424b-9868-57a2d4851a1d" relativeResultsDirectory="59bc0cb1-1545-4149-a82c-3b989fd62ba5" />
    <UnitTestResult executionId="5404fbc4-cd2a-4079-84f0-eb5069b22010" testId="422733fd-f5e2-e3b5-eee1-0eb795fbb8bb" testName="BeDemo.Api.Tests.OAuth2EdgeCaseTests.Token_ShouldFail_WhenClientSecretIsMissing" computerName="Ladislavs-MacBook-Air" duration="00:00:00.0009782" startTime="2026-01-17T16:15:27.5407950+01:00" endTime="2026-01-17T16:15:27.5418280+01:00" testType="13cdc9d9-ddb5-4fa4-a97d-d965ccfc6d4b" outcome="Passed" testListId="8c84fa94-04c1-424b-9868-57a2d4851a1d" relativeResultsDirectory="5404fbc4-cd2a-4079-84f0-eb5069b22010" />
    <UnitTestResult executionId="6b16fefe-c72c-40a9-a15c-dbb9ed4b90c5" testId="5ef5866e-cc31-a396-73fe-699306420890" testName="BeDemo.Api.Tests.OAuth2EdgeCaseTests.Register_ShouldFail_WhenPasswordNoDigit" computerName="Ladislavs-MacBook-Air" duration="00:00:00.8336894" startTime="2026-01-17T16:15:25.0438310+01:00" endTime="2026-01-17T16:15:25.8772400+01:00" testType="13cdc9d9-ddb5-4fa4-a97d-d965ccfc6d4b" outcome="Passed" testListId="8c84fa94-04c1-424b-9868-57a2d4851a1d" relativeResultsDirectory="6b16fefe-c72c-40a9-a15c-dbb9ed4b90c5" />
    <UnitTestResult executionId="3ab6f4e8-12d2-4432-96e1-e356bad75e71" testId="2f9df05e-853f-a2e5-1d73-e4bba8a13444" testName="BeDemo.Api.Tests.OAuth2EdgeCaseTests.Register_ShouldSucceed_WithEmptyOptionalFields" computerName="Ladislavs-MacBook-Air" duration="00:00:00.0417035" startTime="2026-01-17T16:15:27.4989830+01:00" endTime="2026-01-17T16:15:27.5406960+01:00" testType="13cdc9d9-ddb5-4fa4-a97d-d965ccfc6d4b" outcome="Passed" testListId="8c84fa94-04c1-424b-9868-57a2d4851a1d" relativeResultsDirectory="3ab6f4e8-12d2-4432-96e1-e356bad75e71" />
    <UnitTestResult executionId="9c2d7501-11a1-408e-bdc0-3e2b09ad9cc0" testId="87f9ff42-b06f-d82f-d3b9-1a395e5394c7" testName="BeDemo.Api.Tests.BoundaryValueTests.Register_ShouldHandleVeryLongLastName" computerName="Ladislavs-MacBook-Air" duration="00:00:00.0519942" startTime="2026-01-17T16:15:26.1062130+01:00" endTime="2026-01-17T16:15:26.1572490+01:00" testType="13cdc9d9-ddb5-4fa4-a97d-d965ccfc6d4b" outcome="Passed" testListId="8c84fa94-04c1-424b-9868-57a2d4851a1d" relativeResultsDirectory="9c2d7501-11a1-408e-bdc0-3e2b09ad9cc0" />
    <UnitTestResult executionId="b2364aec-0942-4447-a49f-c6f16f508ab0" testId="73719a0a-d7bc-c129-d828-1259248b9c14" testName="BeDemo.Api.Tests.SecurityEdgeCaseTests.Token_ShouldFail_WhenRefreshTokenContainsSQLInjection" computerName="Ladislavs-MacBook-Air" duration="00:00:00.0063236" startTime="2026-01-17T16:15:26.2209120+01:00" endTime="2026-01-17T16:15:26.2273950+01:00" testType="13cdc9d9-ddb5-4fa4-a97d-d965ccfc6d4b" outcome="Passed" testListId="8c84fa94-04c1-424b-9868-57a2d4851a1d" relativeResultsDirectory="b2364aec-0942-4447-a49f-c6f16f508ab0" />
    <UnitTestResult executionId="c91e52e1-e0c5-4262-90c8-a28915a3534a" testId="66129a78-91be-f9ef-0c60-e6626fa03ffb" testName="BeDemo.Api.Tests.OAuth2EdgeCaseTests.Token_ShouldFail_WhenClientSecretIsWrong" computerName="Ladislavs-MacBook-Air" duration="00:00:00.7911603" startTime="2026-01-17T16:15:23.9674340+01:00" endTime="2026-01-17T16:15:24.7623010+01:00" testType="13cdc9d9-ddb5-4fa4-a97d-d965ccfc6d4b" outcome="Passed" testListId="8c84fa94-04c1-424b-9868-57a2d4851a1d" relativeResultsDirectory="c91e52e1-e0c5-4262-90c8-a28915a3534a" />
    <UnitTestResult executionId="61fa24f3-643d-4de0-9ea3-149d1f4075e0" testId="5f9c0248-2484-e7b3-f056-8154ad3c1ce5" testName="BeDemo.Api.Tests.OAuth2EdgeCaseTests.Register_ShouldHandleConcurrentRegistrations" computerName="Ladislavs-MacBook-Air" duration="00:00:00.0844940" startTime="2026-01-17T16:15:27.5822200+01:00" endTime="2026-01-17T16:15:27.6667650+01:00" testType="13cdc9d9-ddb5-4fa4-a97d-d965ccfc6d4b" outcome="Passed" testListId="8c84fa94-04c1-424b-9868-57a2d4851a1d" relativeResultsDirectory="61fa24f3-643d-4de0-9ea3-149d1f4075e0" />
    <UnitTestResult executionId="bf8d5ccb-3c3b-4738-ae04-9365d6c9dfd4" testId="f1e928d9-c1e5-1098-ba78-68eee86ad92a" testName="BeDemo.Api.Tests.OAuth2EdgeCaseTests.Register_ShouldSucceed_WithUnicodeInName" computerName="Ladislavs-MacBook-Air" duration="00:00:00.0559418" startTime="2026-01-17T16:15:26.1108330+01:00" endTime="2026-01-17T16:15:26.1664790+01:00" testType="13cdc9d9-ddb5-4fa4-a97d-d965ccfc6d4b" outcome="Passed" testListId="8c84fa94-04c1-424b-9868-57a2d4851a1d" relativeResultsDirectory="bf8d5ccb-3c3b-4738-ae04-9365d6c9dfd4" />
    <UnitTestResult executionId="e80d0645-e45c-462b-b593-5b5fb665d900" testId="f60f2f2d-0a8b-ff01-a494-72305f899711" testName="BeDemo.Api.Tests.OAuth2EdgeCaseTests.Token_ShouldFail_WhenGrantTypeIsNull" computerName="Ladislavs-MacBook-Air" duration="00:00:00.0049971" startTime="2026-01-17T16:15:26.2514680+01:00" endTime="2026-01-17T16:15:26.2554360+01:00" testType="13cdc9d9-ddb5-4fa4-a97d-d965ccfc6d4b" outcome="Passed" testListId="8c84fa94-04c1-424b-9868-57a2d4851a1d" relativeResultsDirectory="e80d0645-e45c-462b-b593-5b5fb665d900" />
    <UnitTestResult executionId="efb99170-e850-4855-94c3-3e09489428ad" testId="dd7f38ca-a597-8449-3cd4-6076d1a52cc2" testName="BeDemo.Api.Tests.OAuth2EdgeCaseTests.Token_ShouldHandleVeryLongUsername" computerName="Ladislavs-MacBook-Air" duration="00:00:00.0042119" startTime="2026-01-17T16:15:26.3127440+01:00" endTime="2026-01-17T16:15:26.3168940+01:00" testType="13cdc9d9-ddb5-4fa4-a97d-d965ccfc6d4b" outcome="Passed" testListId="8c84fa94-04c1-424b-9868-57a2d4851a1d" relativeResultsDirectory="efb99170-e850-4855-94c3-3e09489428ad" />
    <UnitTestResult executionId="cf9a7795-12ca-4340-8972-5e2fcac3e934" testId="72a5a6c0-a9cd-3d52-fa44-20dedbeab272" testName="BeDemo.Api.Tests.OAuth2EdgeCaseTests.Token_ShouldFail_WhenBodyIsNotJson" computerName="Ladislavs-MacBook-Air" duration="00:00:00.0060032" startTime="2026-01-17T16:15:26.1037770+01:00" endTime="2026-01-17T16:15:26.1099960+01:00" testType="13cdc9d9-ddb5-4fa4-a97d-d965ccfc6d4b" outcome="Passed" testListId="8c84fa94-04c1-424b-9868-57a2d4851a1d" relativeResultsDirectory="cf9a7795-12ca-4340-8972-5e2fcac3e934" />
    <UnitTestResult executionId="e480977d-6831-443c-8386-6febba31188a" testId="4ad509c9-3108-aedd-3781-7273c6a0b73d" testName="BeDemo.Api.Tests.SecurityEdgeCaseTests.Token_ShouldFail_WhenTabInUsername" computerName="Ladislavs-MacBook-Air" duration="00:00:00.0051755" startTime="2026-01-17T16:15:26.2275170+01:00" endTime="2026-01-17T16:15:26.2329690+01:00" testType="13cdc9d9-ddb5-4fa4-a97d-d965ccfc6d4b" outcome="Passed" testListId="8c84fa94-04c1-424b-9868-57a2d4851a1d" relativeResultsDirectory="e480977d-6831-443c-8386-6febba31188a" />
    <UnitTestResult executionId="5eb07969-bd42-445c-8dba-358022f6b918" testId="00ee0e05-4cfc-343a-8119-14d8cdb54f8b" testName="BeDemo.Api.Tests.OAuth2ServiceTests.ValidateClientAsync_ShouldReturnFalse_WhenClientSecretIsNull" computerName="Ladislavs-MacBook-Air" duration="00:00:00.0005807" startTime="2026-01-17T16:15:23.9919150+01:00" endTime="2026-01-17T16:15:23.9919490+01:00" testType="13cdc9d9-ddb5-4fa4-a97d-d965ccfc6d4b" outcome="Passed" testListId="8c84fa94-04c1-424b-9868-57a2d4851a1d" relativeResultsDirectory="5eb07969-bd42-445c-8dba-358022f6b918" />
    <UnitTestResult executionId="b6080e21-f94d-4bcd-8fee-92464d322073" testId="f64d640c-0979-54c1-b903-40c87034cd3d" testName="BeDemo.Api.Tests.LoginTests.Login_ShouldReturnUnauthorized_WhenInvalidEmail" computerName="Ladislavs-MacBook-Air" duration="00:00:00.1185034" startTime="2026-01-17T16:15:25.9363840+01:00" endTime="2026-01-17T16:15:26.0580310+01:00" testType="13cdc9d9-ddb5-4fa4-a97d-d965ccfc6d4b" outcome="Passed" testListId="8c84fa94-04c1-424b-9868-57a2d4851a1d" relativeResultsDirectory="b6080e21-f94d-4bcd-8fee-92464d322073" />
    <UnitTestResult executionId="c9228975-7ddb-4e1d-a96e-126b767f9bbb" testId="384e61b4-0443-093d-255d-9d211bfe03f9" testName="BeDemo.Api.Tests.LoginTests.Login_ShouldReturnTokenWithCorrectStructure" computerName="Ladislavs-MacBook-Air" duration="00:00:00.2410554" startTime="2026-01-17T16:15:26.1125480+01:00" endTime="2026-01-17T16:15:26.3527830+01:00" testType="13cdc9d9-ddb5-4fa4-a97d-d965ccfc6d4b" outcome="Passed" testListId="8c84fa94-04c1-424b-9868-57a2d4851a1d" relativeResultsDirectory="c9228975-7ddb-4e1d-a96e-126b767f9bbb" />
    <UnitTestResult executionId="eeb2b597-345a-4a93-9aa5-653ed9f1bb54" testId="0af52962-7642-bf14-fa62-feee72dcf859" testName="BeDemo.Api.Tests.AuthControllerTests.Register_ShouldReturnBadRequest_WhenEmailIsMissing" computerName="Ladislavs-MacBook-Air" duration="00:00:00.0508397" startTime="2026-01-17T16:15:26.5639320+01:00" endTime="2026-01-17T16:15:26.6155430+01:00" testType="13cdc9d9-ddb5-4fa4-a97d-d965ccfc6d4b" outcome="Passed" testListId="8c84fa94-04c1-424b-9868-57a2d4851a1d" relativeResultsDirectory="eeb2b597-345a-4a93-9aa5-653ed9f1bb54" />
    <UnitTestResult executionId="ff9fcc28-60d6-439f-8b2b-27963dbb0802" testId="fa94cbbd-5fdb-f231-199e-b2f82486c040" testName="BeDemo.Api.Tests.SecurityEdgeCaseTests.Token_ShouldFail_WhenOnlyWhitespaceInUsername" computerName="Ladislavs-MacBook-Air" duration="00:00:00.0060769" startTime="2026-01-17T16:15:26.3659930+01:00" endTime="2026-01-17T16:15:26.3723230+01:00" testType="13cdc9d9-ddb5-4fa4-a97d-d965ccfc6d4b" outcome="Passed" testListId="8c84fa94-04c1-424b-9868-57a2d4851a1d" relativeResultsDirectory="ff9fcc28-60d6-439f-8b2b-27963dbb0802" />
    <UnitTestResult executionId="103bd429-b51f-4fcd-b579-ed6588d50bdd" testId="92b4023b-4a7c-a6f0-f9dc-a911170638ac" testName="BeDemo.Api.Tests.SecurityEdgeCaseTests.Register_ShouldFail_WhenXSSInEmail" computerName="Ladislavs-MacBook-Air" duration="00:00:00.0387445" startTime="2026-01-17T16:15:26.4285220+01:00" endTime="2026-01-17T16:15:26.4671530+01:00" testType="13cdc9d9-ddb5-4fa4-a97d-d965ccfc6d4b" outcome="Passed" testListId="8c84fa94-04c1-424b-9868-57a2d4851a1d" relativeResultsDirectory="103bd429-b51f-4fcd-b579-ed6588d50bdd" />
    <UnitTestResult executionId="f480909e-5340-4cc2-a504-b339cfe57b54" testId="2d00fd86-4a83-0e68-b385-9dc5d689d4d5" testName="BeDemo.Api.Tests.SecurityEdgeCaseTests.Token_ShouldFail_WhenCarriageReturnInUsername" computerName="Ladislavs-MacBook-Air" duration="00:00:00.0053404" startTime="2026-01-17T16:15:26.3604210+01:00" endTime="2026-01-17T16:15:26.3657250+01:00" testType="13cdc9d9-ddb5-4fa4-a97d-d965ccfc6d4b" outcome="Passed" testListId="8c84fa94-04c1-424b-9868-57a2d4851a1d" relativeResultsDirectory="f480909e-5340-4cc2-a504-b339cfe57b54" />
    <UnitTestResult executionId="438f9b9f-d7c4-4bc6-8321-201372971d16" testId="4ae48faa-4e89-3eab-565e-c0f0cce04d12" testName="BeDemo.Api.Tests.OAuth2ControllerTests.Token_ShouldReturnToken_WhenValidCredentials" computerName="Ladislavs-MacBook-Air" duration="00:00:01.1834901" startTime="2026-01-17T16:15:24.9508730+01:00" endTime="2026-01-17T16:15:26.1342820+01:00" testType="13cdc9d9-ddb5-4fa4-a97d-d965ccfc6d4b" outcome="Passed" testListId="8c84fa94-04c1-424b-9868-57a2d4851a1d" relativeResultsDirectory="438f9b9f-d7c4-4bc6-8321-201372971d16" />
    <UnitTestResult executionId="fb0b8117-7b2a-4f19-9fce-6d4d14ef2cf3" testId="213d759b-b131-2007-a86a-a6a66745c36e" testName="BeDemo.Api.Tests.OAuth2EdgeCaseTests.Register_ShouldFail_WhenPasswordIsNull" computerName="Ladislavs-MacBook-Air" duration="00:00:00.0031200" startTime="2026-01-17T16:15:26.2566210+01:00" endTime="2026-01-17T16:15:26.2599450+01:00" testType="13cdc9d9-ddb5-4fa4-a97d-d965ccfc6d4b" outcome="Passed" testListId="8c84fa94-04c1-424b-9868-57a2d4851a1d" relativeResultsDirectory="fb0b8117-7b2a-4f19-9fce-6d4d14ef2cf3" />
    <UnitTestResult executionId="ffe81cd2-4c1f-4899-8763-61580f7a9424" testId="94370591-f72c-6071-2712-0d1ad308e3be" testName="BeDemo.Api.Tests.SecurityEdgeCaseTests.Token_ShouldFail_WhenClientSecretContainsSQLInjection" computerName="Ladislavs-MacBook-Air" duration="00:00:00.0018163" startTime="2026-01-17T16:15:26.1125730+01:00" endTime="2026-01-17T16:15:26.1154600+01:00" testType="13cdc9d9-ddb5-4fa4-a97d-d965ccfc6d4b" outcome="Passed" testListId="8c84fa94-04c1-424b-9868-57a2d4851a1d" relativeResultsDirectory="ffe81cd2-4c1f-4899-8763-61580f7a9424" />
    <UnitTestResult executionId="74ad95d7-d28f-4a6f-ab56-6f36cf899863" testId="f3855a03-888f-d695-5d68-90c0b4869293" testName="BeDemo.Api.Tests.BoundaryValueTests.Token_ShouldHandleWhitespaceOnlyInPassword" computerName="Ladislavs-MacBook-Air" duration="00:00:00.0031658" startTime="2026-01-17T16:15:26.6863700+01:00" endTime="2026-01-17T16:15:26.6895970+01:00" testType="13cdc9d9-ddb5-4fa4-a97d-d965ccfc6d4b" outcome="Passed" testListId="8c84fa94-04c1-424b-9868-57a2d4851a1d" relativeResultsDirectory="74ad95d7-d28f-4a6f-ab56-6f36cf899863" />
    <UnitTestResult executionId="1c85e087-3a98-4bcf-a1cd-946a67f30954" testId="2de3572a-c693-f39b-648c-88e68660ddf5" testName="BeDemo.Api.Tests.OAuth2EdgeCaseTests.Register_ShouldFail_WhenPasswordNoUppercase" computerName="Ladislavs-MacBook-Air" duration="00:00:00.0011507" startTime="2026-01-17T16:15:27.5419200+01:00" endTime="2026-01-17T16:15:27.5431210+01:00" testType="13cdc9d9-ddb5-4fa4-a97d-d965ccfc6d4b" outcome="Passed" testListId="8c84fa94-04c1-424b-9868-57a2d4851a1d" relativeResultsDirectory="1c85e087-3a98-4bcf-a1cd-946a67f30954" />
    <UnitTestResult executionId="dab23b88-5480-4038-b8eb-2c0053198f40" testId="ed00adf0-0336-5b31-11c7-77c3cf2e003b" testName="BeDemo.Api.Tests.SecurityEdgeCaseTests.Token_ShouldFail_WhenNullByteInUsername" computerName="Ladislavs-MacBook-Air" duration="00:00:00.0058232" startTime="2026-01-17T16:15:26.2511030+01:00" endTime="2026-01-17T16:15:26.2584680+01:00" testType="13cdc9d9-ddb5-4fa4-a97d-d965ccfc6d4b" outcome="Failed" testListId="8c84fa94-04c1-424b-9868-57a2d4851a1d" relativeResultsDirectory="dab23b88-5480-4038-b8eb-2c0053198f40">
      <Output>
        <ErrorInfo>
          <Message>Npgsql.PostgresException : 22021: invalid byte sequence for encoding "UTF8": 0x00</Message>
          <StackTrace>   at Npgsql.Internal.NpgsqlConnector.ReadMessageLong(Boolean async, DataRowLoadingMode dataRowLoadingMode, Boolean readingNotifications, Boolean isReadingPrependedMessage)
   at System.Runtime.CompilerServices.PoolingAsyncValueTaskMethodBuilder`1.StateMachineBox`1.System.Threading.Tasks.Sources.IValueTaskSource&lt;TResult&gt;.GetResult(Int16 token)
   at Npgsql.NpgsqlDataReader.NextResult(Boolean async, Boolean isConsuming, CancellationToken cancellationToken)
   at Npgsql.NpgsqlDataReader.NextResult(Boolean async, Boolean isConsuming, CancellationToken cancellationToken)
   at Npgsql.NpgsqlCommand.ExecuteReader(Boolean async, CommandBehavior behavior, CancellationToken cancellationToken)
   at Npgsql.NpgsqlCommand.ExecuteReader(Boolean async, CommandBehavior behavior, CancellationToken cancellationToken)
   at Npgsql.NpgsqlCommand.ExecuteDbDataReaderAsync(CommandBehavior behavior, CancellationToken cancellationToken)
   at Microsoft.EntityFrameworkCore.Storage.RelationalCommand.ExecuteReaderAsync(RelationalCommandParameterObject parameterObject, CancellationToken cancellationToken)
   at Microsoft.EntityFrameworkCore.Storage.RelationalCommand.ExecuteReaderAsync(RelationalCommandParameterObject parameterObject, CancellationToken cancellationToken)
   at Microsoft.EntityFrameworkCore.Query.Internal.SingleQueryingEnumerable`1.AsyncEnumerator.InitializeReaderAsync(AsyncEnumerator enumerator, CancellationToken cancellationToken)
   at Npgsql.EntityFrameworkCore.PostgreSQL.Storage.Internal.NpgsqlExecutionStrategy.ExecuteAsync[TState,TResult](TState state, Func`4 operation, Func`4 verifySucceeded, CancellationToken cancellationToken)
   at Microsoft.EntityFrameworkCore.Query.Internal.SingleQueryingEnumerable`1.AsyncEnumerator.MoveNextAsync()
   at Microsoft.EntityFrameworkCore.Query.ShapedQueryCompilingExpressionVisitor.SingleOrDefaultAsync[TSource](IAsyncEnumerable`1 asyncEnumerable, CancellationToken cancellationToken)
   at Microsoft.EntityFrameworkCore.Query.ShapedQueryCompilingExpressionVisitor.SingleOrDefaultAsync[TSource](IAsyncEnumerable`1 asyncEnumerable, CancellationToken cancellationToken)
   at Microsoft.AspNetCore.Identity.UserManager`1.FindByEmailAsync(String email)
   at BeDemo.Api.Services.OAuth2Service.GenerateTokenAsync(OAuth2TokenRequest request, UserManager`1 userManager) in /Users/ladislavkostolny/Soft/_mfai_demo/be_demo/BeDemo.Api/Services/OAuth2Service.cs:line 98
   at BeDemo.Api.Controllers.OAuth2Controller.Token(OAuth2TokenRequest request) in /Users/ladislavkostolny/Soft/_mfai_demo/be_demo/BeDemo.Api/Controllers/OAuth2Controller.cs:line 86
   at Microsoft.AspNetCore.Mvc.Infrastructure.ActionMethodExecutor.TaskOfIActionResultExecutor.Execute(ActionContext actionContext, IActionResultTypeMapper mapper, ObjectMethodExecutor executor, Object controller, Object[] arguments)
   at Microsoft.AspNetCore.Mvc.Infrastructure.ControllerActionInvoker.&lt;InvokeActionMethodAsync&gt;g__Awaited|12_0(ControllerActionInvoker invoker, ValueTask`1 actionResultValueTask)
   at Microsoft.AspNetCore.Mvc.Infrastructure.ControllerActionInvoker.&lt;InvokeNextActionFilterAsync&gt;g__Awaited|10_0(ControllerActionInvoker invoker, Task lastTask, State next, Scope scope, Object state, Boolean isCompleted)
   at Microsoft.AspNetCore.Mvc.Infrastructure.ControllerActionInvoker.Rethrow(ActionExecutedContextSealed context)
   at Microsoft.AspNetCore.Mvc.Infrastructure.ControllerActionInvoker.Next(State&amp; next, Scope&amp; scope, Object&amp; state, Boolean&amp; isCompleted)
   at Microsoft.AspNetCore.Mvc.Infrastructure.ControllerActionInvoker.&lt;InvokeInnerFilterAsync&gt;g__Awaited|13_0(ControllerActionInvoker invoker, Task lastTask, State next, Scope scope, Object state, Boolean isCompleted)
   at Microsoft.AspNetCore.Mvc.Infrastructure.ResourceInvoker.&lt;InvokeFilterPipelineAsync&gt;g__Awaited|20_0(ResourceInvoker invoker, Task lastTask, State next, Scope scope, Object state, Boolean isCompleted)
   at Microsoft.AspNetCore.Mvc.Infrastructure.ResourceInvoker.&lt;InvokeAsync&gt;g__Awaited|17_0(ResourceInvoker invoker, Task task, IDisposable scope)
   at Microsoft.AspNetCore.Mvc.Infrastructure.ResourceInvoker.&lt;InvokeAsync&gt;g__Awaited|17_0(ResourceInvoker invoker, Task task, IDisposable scope)
   at Microsoft.AspNetCore.Authorization.AuthorizationMiddleware.Invoke(HttpContext context)
   at Microsoft.AspNetCore.Authentication.AuthenticationMiddleware.Invoke(HttpContext context)
   at BeDemo.Api.Middlewares.OAuth2Middleware.InvokeAsync(HttpContext context) in /Users/ladislavkostolny/Soft/_mfai_demo/be_demo/BeDemo.Api/Middlewares/OAuth2Middleware.cs:line 133
   at Microsoft.AspNetCore.TestHost.HttpContextBuilder.&lt;&gt;c__DisplayClass23_0.&lt;&lt;SendAsync&gt;g__RunRequestAsync|0&gt;d.MoveNext()
--- End of stack trace from previous location ---
   at Microsoft.AspNetCore.TestHost.ClientHandler.SendAsync(HttpRequestMessage request, CancellationToken cancellationToken)
   at Microsoft.AspNetCore.Mvc.Testing.Handlers.CookieContainerHandler.SendAsync(HttpRequestMessage request, CancellationToken cancellationToken)
   at Microsoft.AspNetCore.Mvc.Testing.Handlers.RedirectHandler.SendAsync(HttpRequestMessage request, CancellationToken cancellationToken)
   at System.Net.Http.HttpClient.&lt;SendAsync&gt;g__Core|83_0(HttpRequestMessage request, HttpCompletionOption completionOption, CancellationTokenSource cts, Boolean disposeCts, CancellationTokenSource pendingRequestsCts, CancellationToken originalCancellationToken)
   at BeDemo.Api.Tests.SecurityEdgeCaseTests.Token_ShouldFail_WhenNullByteInUsername() in /Users/ladislavkostolny/Soft/_mfai_demo/be_demo/BeDemo.Api.Tests/SecurityEdgeCaseTests.cs:line 74
--- End of stack trace from previous location ---</StackTrace>
        </ErrorInfo>
      </Output>
    </UnitTestResult>
    <UnitTestResult executionId="af78cc83-f420-4bfa-a84d-9a76fa5ab412" testId="4cbcd354-167a-bc90-87e5-bfb17ca55087" testName="BeDemo.Api.Tests.OAuth2EdgeCaseTests.Token_ShouldFail_WhenBodyIsNull" computerName="Ladislavs-MacBook-Air" duration="00:00:00.0009777" startTime="2026-01-17T16:15:27.6706820+01:00" endTime="2026-01-17T16:15:27.6716590+01:00" testType="13cdc9d9-ddb5-4fa4-a97d-d965ccfc6d4b" outcome="Passed" testListId="8c84fa94-04c1-424b-9868-57a2d4851a1d" relativeResultsDirectory="af78cc83-f420-4bfa-a84d-9a76fa5ab412" />
    <UnitTestResult executionId="14e6cb37-9d6c-4c63-b8af-19d0fa195785" testId="a4f9ebeb-eadd-cd94-3d81-eb54e712fe1d" testName="BeDemo.Api.Tests.BoundaryValueTests.Register_ShouldSucceed_WhenEmailIsMinLength" computerName="Ladislavs-MacBook-Air" duration="00:00:00.0421449" startTime="2026-01-17T16:15:26.2804040+01:00" endTime="2026-01-17T16:15:26.3219930+01:00" testType="13cdc9d9-ddb5-4fa4-a97d-d965ccfc6d4b" outcome="Failed" testListId="8c84fa94-04c1-424b-9868-57a2d4851a1d" relativeResultsDirectory="14e6cb37-9d6c-4c63-b8af-19d0fa195785">
      <Output>
        <ErrorInfo>
          <Message>Expected response.StatusCode to be HttpStatusCode.OK {value: 200}, but found HttpStatusCode.BadRequest {value: 400}.</Message>
          <StackTrace>   at FluentAssertions.Execution.LateBoundTestFramework.Throw(String message)
   at FluentAssertions.Execution.DefaultAssertionStrategy.HandleFailure(String message)
   at FluentAssertions.Execution.AssertionScope.AddPreFormattedFailure(String formattedFailureMessage)
   at FluentAssertions.Execution.AssertionChain.FailWith(Func`1 getFailureReason)
   at FluentAssertions.Execution.AssertionChain.FailWith(Func`1 getFailureReason)
   at FluentAssertions.Execution.AssertionChain.FailWith(String message, Object[] args)
   at FluentAssertions.Primitives.EnumAssertions`2.Be(TEnum expected, String because, Object[] becauseArgs)
   at BeDemo.Api.Tests.BoundaryValueTests.Register_ShouldSucceed_WhenEmailIsMinLength() in /Users/ladislavkostolny/Soft/_mfai_demo/be_demo/BeDemo.Api.Tests/BoundaryValueTests.cs:line 74
--- End of stack trace from previous location ---</StackTrace>
        </ErrorInfo>
      </Output>
    </UnitTestResult>
    <UnitTestResult executionId="2b7382be-2dd0-422e-ae04-b76e07448d46" testId="a3692cc7-38d1-f657-3738-129323dcfac2" testName="BeDemo.Api.Tests.AuthControllerTests.Register_ShouldReturnSuccess_WhenValidData" computerName="Ladislavs-MacBook-Air" duration="00:00:01.0712927" startTime="2026-01-17T16:15:23.9549080+01:00" endTime="2026-01-17T16:15:25.0264800+01:00" testType="13cdc9d9-ddb5-4fa4-a97d-d965ccfc6d4b" outcome="Passed" testListId="8c84fa94-04c1-424b-9868-57a2d4851a1d" relativeResultsDirectory="2b7382be-2dd0-422e-ae04-b76e07448d46" />
    <UnitTestResult executionId="1cc47146-ba86-47e3-aee9-8bf61fc3d339" testId="8d056611-c2fc-a9a3-18f9-91e0970132cc" testName="BeDemo.Api.Tests.OAuth2ServiceTests.ValidateRequestSignature_ShouldReturnFalse_WhenSignatureIsMissing" computerName="Ladislavs-MacBook-Air" duration="00:00:00.0018710" startTime="2026-01-17T16:15:24.0045630+01:00" endTime="2026-01-17T16:15:24.0045850+01:00" testType="13cdc9d9-ddb5-4fa4-a97d-d965ccfc6d4b" outcome="Passed" testListId="8c84fa94-04c1-424b-9868-57a2d4851a1d" relativeResultsDirectory="1cc47146-ba86-47e3-aee9-8bf61fc3d339" />
    <UnitTestResult executionId="b508c26c-516b-4381-9fb0-2bba543d16a9" testId="5f70d346-9ebb-5559-78ce-ce4aa2c5e656" testName="BeDemo.Api.Tests.SecurityEdgeCaseTests.Token_ShouldFail_WhenXSSInUsername" computerName="Ladislavs-MacBook-Air" duration="00:00:00.0049138" startTime="2026-01-17T16:15:26.2394630+01:00" endTime="2026-01-17T16:15:26.2444940+01:00" testType="13cdc9d9-ddb5-4fa4-a97d-d965ccfc6d4b" outcome="Passed" testListId="8c84fa94-04c1-424b-9868-57a2d4851a1d" relativeResultsDirectory="b508c26c-516b-4381-9fb0-2bba543d16a9" />
    <UnitTestResult executionId="809310c6-6b86-42ef-8080-36c5c8c32c6a" testId="a258fe32-1643-858e-afd2-25e921f14b86" testName="BeDemo.Api.Tests.SecurityEdgeCaseTests.Token_ShouldFail_WhenGrantTypeContainsSQLInjection" computerName="Ladislavs-MacBook-Air" duration="00:00:00.0022186" startTime="2026-01-17T16:15:26.2333090+01:00" endTime="2026-01-17T16:15:26.2355020+01:00" testType="13cdc9d9-ddb5-4fa4-a97d-d965ccfc6d4b" outcome="Passed" testListId="8c84fa94-04c1-424b-9868-57a2d4851a1d" relativeResultsDirectory="809310c6-6b86-42ef-8080-36c5c8c32c6a" />
    <UnitTestResult executionId="572dbf43-252b-4db9-af7b-dc26ec3c212e" testId="ca1c3cc8-4f47-c3c6-dd57-a405850a04ea" testName="BeDemo.Api.Tests.SecurityEdgeCaseTests.Token_ShouldFail_WhenCommandInjectionInUsername" computerName="Ladislavs-MacBook-Air" duration="00:00:00.0062154" startTime="2026-01-17T16:15:26.1064920+01:00" endTime="2026-01-17T16:15:26.1115730+01:00" testType="13cdc9d9-ddb5-4fa4-a97d-d965ccfc6d4b" outcome="Passed" testListId="8c84fa94-04c1-424b-9868-57a2d4851a1d" relativeResultsDirectory="572dbf43-252b-4db9-af7b-dc26ec3c212e" />
    <UnitTestResult executionId="a48197c1-5a4e-4aa1-933b-73c7aa9ea06a" testId="b0f8bea1-e80b-2daf-e042-2bc9a5704b7c" testName="BeDemo.Api.Tests.OAuth2EdgeCaseTests.Token_ShouldFail_WhenRefreshTokenIsInvalid" computerName="Ladislavs-MacBook-Air" duration="00:00:00.0017273" startTime="2026-01-17T16:15:26.3203680+01:00" endTime="2026-01-17T16:15:26.3228830+01:00" testType="13cdc9d9-ddb5-4fa4-a97d-d965ccfc6d4b" outcome="Passed" testListId="8c84fa94-04c1-424b-9868-57a2d4851a1d" relativeResultsDirectory="a48197c1-5a4e-4aa1-933b-73c7aa9ea06a" />
    <UnitTestResult executionId="675aed4e-dcf7-437a-a507-c653b7788616" testId="9354cc4e-0e8e-2803-5a59-d09017159726" testName="BeDemo.Api.Tests.PerformanceEdgeCaseTests.Register_ShouldHandleRapidSequentialRegistrations" computerName="Ladislavs-MacBook-Air" duration="00:00:02.3371565" startTime="2026-01-17T16:15:26.1084910+01:00" endTime="2026-01-17T16:15:28.4457170+01:00" testType="13cdc9d9-ddb5-4fa4-a97d-d965ccfc6d4b" outcome="Passed" testListId="8c84fa94-04c1-424b-9868-57a2d4851a1d" relativeResultsDirectory="675aed4e-dcf7-437a-a507-c653b7788616" />
    <UnitTestResult executionId="e294b5dc-43db-44a4-9189-35a45d62dcf9" testId="b78947ab-3304-1df8-65e2-1e403687c1be" testName="BeDemo.Api.Tests.BoundaryValueTests.Register_ShouldSucceed_WhenPasswordIs255Chars" computerName="Ladislavs-MacBook-Air" duration="00:00:00.0659302" startTime="2026-01-17T16:15:26.6203060+01:00" endTime="2026-01-17T16:15:26.6862650+01:00" testType="13cdc9d9-ddb5-4fa4-a97d-d965ccfc6d4b" outcome="Passed" testListId="8c84fa94-04c1-424b-9868-57a2d4851a1d" relativeResultsDirectory="e294b5dc-43db-44a4-9189-35a45d62dcf9" />
    <UnitTestResult executionId="e17854c0-924c-4b8d-a741-af7481dbcc68" testId="9e6c249b-cb7a-9694-c72d-099bade9e42f" testName="BeDemo.Api.Tests.BoundaryValueTests.Register_ShouldHandleNullLastName" computerName="Ladislavs-MacBook-Air" duration="00:00:00.0473974" startTime="2026-01-17T16:15:26.8603230+01:00" endTime="2026-01-17T16:15:26.9078170+01:00" testType="13cdc9d9-ddb5-4fa4-a97d-d965ccfc6d4b" outcome="Passed" testListId="8c84fa94-04c1-424b-9868-57a2d4851a1d" relativeResultsDirectory="e17854c0-924c-4b8d-a741-af7481dbcc68" />
    <UnitTestResult executionId="0e8c7ef4-c33e-4c10-bccb-a416e364fc4f" testId="d783165e-ba7a-2cb1-788e-dce62da3c639" testName="BeDemo.Api.Tests.SecurityEdgeCaseTests.Token_ShouldFail_WhenVeryLongGrantType" computerName="Ladislavs-MacBook-Air" duration="00:00:00.0028241" startTime="2026-01-17T16:15:26.4268760+01:00" endTime="2026-01-17T16:15:26.4283220+01:00" testType="13cdc9d9-ddb5-4fa4-a97d-d965ccfc6d4b" outcome="Passed" testListId="8c84fa94-04c1-424b-9868-57a2d4851a1d" relativeResultsDirectory="0e8c7ef4-c33e-4c10-bccb-a416e364fc4f" />
    <UnitTestResult executionId="a73ee2f9-8f4a-4220-a72f-3156ac498a95" testId="b5a8b446-e1ea-5f3c-7ed5-530ef8cf95c1" testName="BeDemo.Api.Tests.OAuth2EdgeCaseTests.Token_ShouldFail_WhenRefreshTokenIsMissing" computerName="Ladislavs-MacBook-Air" duration="00:00:00.0029511" startTime="2026-01-17T16:15:26.3171180+01:00" endTime="2026-01-17T16:15:26.3202580+01:00" testType="13cdc9d9-ddb5-4fa4-a97d-d965ccfc6d4b" outcome="Passed" testListId="8c84fa94-04c1-424b-9868-57a2d4851a1d" relativeResultsDirectory="a73ee2f9-8f4a-4220-a72f-3156ac498a95" />
    <UnitTestResult executionId="15b8acfc-a8cb-4e64-be8d-afb839251357" testId="8851343f-4a90-52b5-bbd9-318f97377cb0" testName="BeDemo.Api.Tests.RefreshTokenEdgeCaseTests.Token_ShouldFail_WhenRefreshTokenIsRandomString" computerName="Ladislavs-MacBook-Air" duration="00:00:00.1099706" startTime="2026-01-17T16:15:24.9322050+01:00" endTime="2026-01-17T16:15:25.0439780+01:00" testType="13cdc9d9-ddb5-4fa4-a97d-d965ccfc6d4b" outcome="Passed" testListId="8c84fa94-04c1-424b-9868-57a2d4851a1d" relativeResultsDirectory="15b8acfc-a8cb-4e64-be8d-afb839251357" />
    <UnitTestResult executionId="db983c54-8e9b-41d1-9ad3-7ed0a87da357" testId="2003559c-3fd9-4642-4900-69c80e4b4852" testName="BeDemo.Api.Tests.OAuth2EdgeCaseTests.Register_ShouldFail_WhenPasswordNoLowercase" computerName="Ladislavs-MacBook-Air" duration="00:00:00.0008262" startTime="2026-01-17T16:15:27.6736640+01:00" endTime="2026-01-17T16:15:27.6745260+01:00" testType="13cdc9d9-ddb5-4fa4-a97d-d965ccfc6d4b" outcome="Passed" testListId="8c84fa94-04c1-424b-9868-57a2d4851a1d" relativeResultsDirectory="db983c54-8e9b-41d1-9ad3-7ed0a87da357" />
    <UnitTestResult executionId="721d5abf-e92c-4b85-bd08-4b6720092677" testId="950cea3a-9380-102b-e104-8b0a02cf2944" testName="BeDemo.Api.Tests.LoginTests.Login_ShouldReturnUnauthorized_WhenInvalidPassword" computerName="Ladislavs-MacBook-Air" duration="00:00:01.9414665" startTime="2026-01-17T16:15:24.0054460+01:00" endTime="2026-01-17T16:15:25.9358170+01:00" testType="13cdc9d9-ddb5-4fa4-a97d-d965ccfc6d4b" outcome="Passed" testListId="8c84fa94-04c1-424b-9868-57a2d4851a1d" relativeResultsDirectory="721d5abf-e92c-4b85-bd08-4b6720092677" />
    <UnitTestResult executionId="7d84d327-5522-4436-bd62-b1f4d9d6fe61" testId="894925a1-0df3-c832-a62b-08f16e1c3d4c" testName="BeDemo.Api.Tests.OAuth2ServiceTests.ValidateClientAsync_ShouldReturnFalse_WhenClientIdIsNull" computerName="Ladislavs-MacBook-Air" duration="00:00:00.0002019" startTime="2026-01-17T16:15:24.0043630+01:00" endTime="2026-01-17T16:15:24.0044070+01:00" testType="13cdc9d9-ddb5-4fa4-a97d-d965ccfc6d4b" outcome="Passed" testListId="8c84fa94-04c1-424b-9868-57a2d4851a1d" relativeResultsDirectory="7d84d327-5522-4436-bd62-b1f4d9d6fe61" />
    <UnitTestResult executionId="c63279c7-9448-4936-b95b-70a654c89a3b" testId="df683d7b-fe86-0587-6342-ba5192a25ab5" testName="BeDemo.Api.Tests.BoundaryValueTests.Register_ShouldSucceed_WhenPasswordIs7Chars" computerName="Ladislavs-MacBook-Air" duration="00:00:00.0436967" startTime="2026-01-17T16:15:26.3227930+01:00" endTime="2026-01-17T16:15:26.3661150+01:00" testType="13cdc9d9-ddb5-4fa4-a97d-d965ccfc6d4b" outcome="Passed" testListId="8c84fa94-04c1-424b-9868-57a2d4851a1d" relativeResultsDirectory="c63279c7-9448-4936-b95b-70a654c89a3b" />
    <UnitTestResult executionId="d8e82dec-0408-4ca6-a1c5-ebae43d3cf7b" testId="22faf87f-1aca-03fb-cca0-c2469fb1d633" testName="BeDemo.Api.Tests.OAuth2ServiceTests.ValidateClientAsync_ShouldReturnFalse_WhenClientSecretIsInvalid" computerName="Ladislavs-MacBook-Air" duration="00:00:00.0002007" startTime="2026-01-17T16:15:24.0047130+01:00" endTime="2026-01-17T16:15:24.0047320+01:00" testType="13cdc9d9-ddb5-4fa4-a97d-d965ccfc6d4b" outcome="Passed" testListId="8c84fa94-04c1-424b-9868-57a2d4851a1d" relativeResultsDirectory="d8e82dec-0408-4ca6-a1c5-ebae43d3cf7b" />
    <UnitTestResult executionId="9d885ca1-0da6-474c-aecf-6c9e97875879" testId="f69f873a-bbf7-0f6e-9c5a-650b98e64db6" testName="BeDemo.Api.Tests.PerformanceEdgeCaseTests.Register_ShouldHandle100ConcurrentRegistrations" computerName="Ladislavs-MacBook-Air" duration="00:00:01.0627247" startTime="2026-01-17T16:15:25.0451140+01:00" endTime="2026-01-17T16:15:26.1083770+01:00" testType="13cdc9d9-ddb5-4fa4-a97d-d965ccfc6d4b" outcome="Passed" testListId="8c84fa94-04c1-424b-9868-57a2d4851a1d" relativeResultsDirectory="9d885ca1-0da6-474c-aecf-6c9e97875879" />
    <UnitTestResult executionId="07fdcecf-3849-49ac-9948-3a51130ef9f3" testId="7bc62d9c-f40d-7239-c0db-0f7b0b540921" testName="BeDemo.Api.Tests.AuthControllerTests.Register_ShouldReturnBadRequest_WhenPasswordIsMissing" computerName="Ladislavs-MacBook-Air" duration="00:00:00.0043879" startTime="2026-01-17T16:15:26.6160860+01:00" endTime="2026-01-17T16:15:26.6203490+01:00" testType="13cdc9d9-ddb5-4fa4-a97d-d965ccfc6d4b" outcome="Passed" testListId="8c84fa94-04c1-424b-9868-57a2d4851a1d" relativeResultsDirectory="07fdcecf-3849-49ac-9948-3a51130ef9f3" />
    <UnitTestResult executionId="266df7be-adc2-4612-ab09-36d79d949c91" testId="bf4008c5-8f98-49b7-9920-0c0b75ef5322" testName="BeDemo.Api.Tests.SecurityEdgeCaseTests.Token_ShouldFail_WhenSignatureIsInvalidBase64" computerName="Ladislavs-MacBook-Air" duration="00:00:00.0699951" startTime="2026-01-17T16:15:26.1507070+01:00" endTime="2026-01-17T16:15:26.2207840+01:00" testType="13cdc9d9-ddb5-4fa4-a97d-d965ccfc6d4b" outcome="Passed" testListId="8c84fa94-04c1-424b-9868-57a2d4851a1d" relativeResultsDirectory="266df7be-adc2-4612-ab09-36d79d949c91" />
    <UnitTestResult executionId="87e8125a-e423-490a-b58f-83e1faa9745d" testId="34a8ac08-0a0e-6223-6ef6-3d167e3865ee" testName="BeDemo.Api.Tests.OAuth2EdgeCaseTests.Register_ShouldSucceed_WhenPasswordVeryLong" computerName="Ladislavs-MacBook-Air" duration="00:00:00.0484884" startTime="2026-01-17T16:15:26.3281790+01:00" endTime="2026-01-17T16:15:26.3768290+01:00" testType="13cdc9d9-ddb5-4fa4-a97d-d965ccfc6d4b" outcome="Passed" testListId="8c84fa94-04c1-424b-9868-57a2d4851a1d" relativeResultsDirectory="87e8125a-e423-490a-b58f-83e1faa9745d" />
[...]
[16:15:26 INF] User registered successfully: test_eee931a5-1332-42da-bf34-8d61ca2b5ebc@test.com
[16:15:26 INF] User registered successfully: test_756b07f7-924e-4fd4-84be-4c970bcb0cc0@test.com
[16:15:26 INF] User registered successfully: test_756b07f7-924e-4fd4-84be-4c970bcb0cc0@test.com
[16:15:26 WRN] Invalid username/email or password for user: test@test.com
[16:15:26 WRN] Invalid username/email or password for user: test@test.com
[16:15:26 WRN] Token generation failed for grant type: password
[16:15:26 WRN] Token generation failed for grant type: password
[16:15:26 INF] User registered successfully: test_919587d5-7910-43e1-8422-435325e60bb0@test.com
[16:15:26 INF] User registered successfully: test_919587d5-7910-43e1-8422-435325e60bb0@test.com
[16:15:26 WRN] User registration failed: test_f0a14fee-24e5-4346-b647-eca07f274dec@test.com, Errors: Passwords must be at least 4 characters., Passwords must have at least one non alphanumeric character.
[16:15:26 WRN] User registration failed: test_f0a14fee-24e5-4346-b647-eca07f274dec@test.com, Errors: Passwords must be at least 4 characters., Passwords must have at least one non alphanumeric character.
[16:15:26 INF] User registered successfully: test_3796deec-0f6a-4ef9-851d-a2b4bd1dd1dc@test.com
[16:15:26 INF] User registered successfully: test_3796deec-0f6a-4ef9-851d-a2b4bd1dd1dc@test.com
[16:15:26 INF] User registered successfully: test_d989fb62-1f78-4c06-a6f3-5c45f02989c5@test.com
[16:15:26 INF] User registered successfully: test_d989fb62-1f78-4c06-a6f3-5c45f02989c5@test.com
[16:15:26 INF] User registered successfully: test_b01e219f-c8b7-4960-8a4d-e815fe9d5332@test.com
[16:15:26 INF] User registered successfully: test_b01e219f-c8b7-4960-8a4d-e815fe9d5332@test.com
[16:15:26 INF] User registered successfully: test_cf889126-5e3a-43e9-8b8e-4d96cfde9878@test.com
[16:15:26 INF] User registered successfully: test_cf889126-5e3a-43e9-8b8e-4d96cfde9878@test.com
[16:15:26 INF] User registered successfully: test_c2f58247-a90a-49fa-b3f3-188f9826ce7d@test.com
[16:15:26 INF] User registered successfully: test_c2f58247-a90a-49fa-b3f3-188f9826ce7d@test.com
[16:15:26 INF] User registered successfully: test_63597541-2a80-4696-9d15-841e696c1a08@test.com
[16:15:26 INF] User registered successfully: test_63597541-2a80-4696-9d15-841e696c1a08@test.com
[16:15:26 INF] User registered successfully: test_8381095c-8d05-446e-a534-8098fbae2bd5@test.com
[16:15:26 INF] User registered successfully: test_8381095c-8d05-446e-a534-8098fbae2bd5@test.com
[16:15:26 INF] User registered successfully: test_694ac23a-f316-4423-b3b6-d054673c7460@test.com
[16:15:26 INF] User registered successfully: test_694ac23a-f316-4423-b3b6-d054673c7460@test.com
[16:15:26 INF] Token generated successfully for grant type: password
[16:15:26 INF] Token generated successfully for grant type: password
[16:15:26 INF] User registered successfully: test_09afbc64-56eb-4809-8a93-19c979cf7743@test.com
[16:15:26 INF] User registered successfully: test_09afbc64-56eb-4809-8a93-19c979cf7743@test.com
[16:15:26 INF] User registered successfully: test_181d3a44-dc76-4c4e-86c9-eecfd584b5e5@test.com
[16:15:26 INF] User registered successfully: test_181d3a44-dc76-4c4e-86c9-eecfd584b5e5@test.com
[16:15:26 INF] User registered successfully: test_f68190aa-3def-4336-ae31-ac6a2fdb21ff@test.com
[16:15:26 INF] User registered successfully: test_f68190aa-3def-4336-ae31-ac6a2fdb21ff@test.com
[16:15:26 WRN] Invalid client credentials for client: invalid-client
[16:15:26 WRN] Invalid client credentials for client: invalid-client
[16:15:26 INF] User registered successfully: test_d8793407-c9fa-492a-be8b-855acb0f060f@test.com
[16:15:26 INF] User registered successfully: test_d8793407-c9fa-492a-be8b-855acb0f060f@test.com
[16:15:26 INF] User registered successfully: test_0c5e269c-0575-4ea8-92b8-45b84e7975c9@test.com
[16:15:26 INF] User registered successfully: test_0c5e269c-0575-4ea8-92b8-45b84e7975c9@test.com
[16:15:26 WRN] Invalid client credentials for client: be-demo-client
[16:15:26 WRN] Invalid client credentials for client: be-demo-client
[16:15:26 WRN] Password grant type missing username or password
[16:15:26 WRN] Password grant type missing username or password
[16:15:26 WRN] Token generation failed for grant type: password
[16:15:26 WRN] Token generation failed for grant type: password
[16:15:26 INF] User registered successfully: test_e7ccb8fc-09b2-4cd6-a725-9e850301b1ce@test.com
[16:15:26 INF] User registered successfully: test_e7ccb8fc-09b2-4cd6-a725-9e850301b1ce@test.com
[16:15:27 INF] User registered successfully: test_c86b56e9-709b-4e75-9dc5-a343ac9c7934@test.com
[16:15:27 INF] User registered successfully: test_c86b56e9-709b-4e75-9dc5-a343ac9c7934@test.com
[16:15:27 INF] User registered successfully: test_0b945673-bb1d-4568-a5a0-2815dd4f9a88@test.com
[16:15:27 INF] User registered successfully: test_0b945673-bb1d-4568-a5a0-2815dd4f9a88@test.com
[16:15:27 INF] User registered successfully: test_377423cd-5f93-4058-9af1-88bffd810fa1@test.com
[16:15:27 INF] User registered successfully: test_377423cd-5f93-4058-9af1-88bffd810fa1@test.com
[16:15:27 INF] User registered successfully: test_4a9094d1-2be7-4afa-b898-ee2278dec199@test.com
[16:15:27 INF] User registered successfully: test_4a9094d1-2be7-4afa-b898-ee2278dec199@test.com
[16:15:27 INF] User registered successfully: test_3f1b6bb7-edf6-482e-83a6-7652ae5bc5c2@test.com
[16:15:27 INF] User registered successfully: test_3f1b6bb7-edf6-482e-83a6-7652ae5bc5c2@test.com
[16:15:27 INF] User registered successfully: test_ab34783f-a81e-4a69-9ab3-f36bfb119012@test.com
[16:15:27 INF] User registered successfully: test_ab34783f-a81e-4a69-9ab3-f36bfb119012@test.com
[16:15:27 INF] User registered successfully: test_90637d2a-cacd-46e6-b4d1-31c426c8e060@test.com
[16:15:27 INF] User registered successfully: test_90637d2a-cacd-46e6-b4d1-31c426c8e060@test.com
[16:15:27 INF] User registered successfully: test_de90936c-4773-4012-bda4-8e9140c90852@test.com
[16:15:27 INF] User registered successfully: test_de90936c-4773-4012-bda4-8e9140c90852@test.com
[16:15:27 INF] User registered successfully: test_a8a071e6-e38e-4b1f-8d53-98b1ea3902a5@test.com
[16:15:27 INF] User registered successfully: test_a8a071e6-e38e-4b1f-8d53-98b1ea3902a5@test.com
[16:15:27 INF] User registered successfully: test_9b5fe3bb-9be6-4bdd-8226-f6a6b0b55d2c@test.com
[16:15:27 INF] User registered successfully: test_9b5fe3bb-9be6-4bdd-8226-f6a6b0b55d2c@test.com
[16:15:27 INF] User registered successfully: test_757087e3-efa9-4f39-9cae-ef80362c6f93@test.com
[16:15:27 INF] User registered successfully: test_757087e3-efa9-4f39-9cae-ef80362c6f93@test.com
[16:15:27 WRN] User registration failed: test_41a06887-aaaf-47ed-82a5-32e08f87ccc0@test.com, Errors: Username 'test_41a06887-aaaf-47ed-82a5-32e08f87ccc0@test.com' is already taken., Email 'test_41a06887-aaaf-47ed-82a5-32e08f87ccc0@test.com' is already taken.
[16:15:27 WRN] User registration failed: test_41a06887-aaaf-47ed-82a5-32e08f87ccc0@test.com, Errors: Username 'test_41a06887-aaaf-47ed-82a5-32e08f87ccc0@test.com' is already taken., Email 'test_41a06887-aaaf-47ed-82a5-32e08f87ccc0@test.com' is already taken.
[16:15:27 WRN] User registration failed: test@test.com, Errors: Passwords must be at least 4 characters., Passwords must have at least one non alphanumeric character.
[16:15:27 WRN] User registration failed: test@test.com, Errors: Passwords must be at least 4 characters., Passwords must have at least one non alphanumeric character.
[16:15:27 INF] User registered successfully: test_a8d1f3ee-a09d-467b-a65f-9dc350f7f1d8@test.com
[16:15:27 INF] User registered successfully: test_a8d1f3ee-a09d-467b-a65f-9dc350f7f1d8@test.com
[16:15:27 INF] User registered successfully: test_c1c17e03-ffd5-4f4e-bba2-09a0b92678f6@test.com
[16:15:27 INF] User registered successfully: test_c1c17e03-ffd5-4f4e-bba2-09a0b92678f6@test.com
[16:15:27 WRN] Invalid client credentials for client: be-demo-client
[16:15:27 WRN] Invalid client credentials for client: be-demo-client
[16:15:27 WRN] User registration failed: test@test.com, Errors: Passwords must have at least one uppercase ('A'-'Z').
[16:15:27 WRN] User registration failed: test@test.com, Errors: Passwords must have at least one uppercase ('A'-'Z').
[16:15:27 INF] User registered successfully: test_0d07876f-40a5-4565-9b08-53ce48225662@test.com
[16:15:27 INF] User registered successfully: test_0d07876f-40a5-4565-9b08-53ce48225662@test.com
[16:15:27 WRN] User registration failed: , Errors: Username '' is invalid, can only contain letters or digits., Email '' is invalid.
[16:15:27 WRN] User registration failed: , Errors: Username '' is invalid, can only contain letters or digits., Email '' is invalid.
[16:15:27 INF] User registered successfully: test_4b1061df-63c1-43c7-83e5-792dceb7c71b@test.com
[16:15:27 INF] User registered successfully: test_4b1061df-63c1-43c7-83e5-792dceb7c71b@test.com
[16:15:27 INF] User registered successfully: test_bb513050-fbbf-45a1-b090-e8a332d68a0b@test.com
[16:15:27 INF] User registered successfully: test_bb513050-fbbf-45a1-b090-e8a332d68a0b@test.com
[16:15:27 INF] User registered successfully: test_0a4e20e9-4d7c-4ed5-989d-77a87a5f4344@test.com
[16:15:27 INF] User registered successfully: test_0a4e20e9-4d7c-4ed5-989d-77a87a5f4344@test.com
[16:15:27 INF] User registered successfully: test_1a11df2c-0657-4672-88a0-727131482df1@test.com
[16:15:27 INF] User registered successfully: test_1a11df2c-0657-4672-88a0-727131482df1@test.com
[16:15:27 INF] User registered successfully: test_91f4740d-0de0-4050-8ee0-73d92083a3f1@test.com
[16:15:27 INF] User registered successfully: test_91f4740d-0de0-4050-8ee0-73d92083a3f1@test.com
[16:15:27 INF] User registered successfully: test_4bc4e40d-0fc7-4655-b66d-910b0c864f6a@test.com
[16:15:27 INF] User registered successfully: test_4bc4e40d-0fc7-4655-b66d-910b0c864f6a@test.com
[16:15:27 INF] User registered successfully: test_99be6030-cc8a-4820-bad4-e6ff218809f2@test.com
[16:15:27 INF] User registered successfully: test_99be6030-cc8a-4820-bad4-e6ff218809f2@test.com
[16:15:27 INF] User registered successfully: test_6d2b889f-d804-4b7d-aaec-8491ce03034f@test.com
[16:15:27 INF] User registered successfully: test_6d2b889f-d804-4b7d-aaec-8491ce03034f@test.com
[16:15:27 INF] User registered successfully: test_cc17a062-605b-48ba-b0b8-de4d60f5038f@test.com
[16:15:27 INF] User registered successfully: test_cc17a062-605b-48ba-b0b8-de4d60f5038f@test.com
[16:15:27 INF] User registered successfully: test_cc14d77f-2a0c-4b98-8333-9dc2dbfa1f1b@test.com
[16:15:27 INF] User registered successfully: test_cc14d77f-2a0c-4b98-8333-9dc2dbfa1f1b@test.com
[16:15:27 INF] User registered successfully: test_5930ad01-d40e-4f8d-bdb8-adbddc6f468d@test.com
[16:15:27 INF] User registered successfully: test_5930ad01-d40e-4f8d-bdb8-adbddc6f468d@test.com
[16:15:27 INF] User registered successfully: test_892dcaab-0e5c-45f3-9d22-c2d03c672e24@test.com
[16:15:27 INF] User registered successfully: test_892dcaab-0e5c-45f3-9d22-c2d03c672e24@test.com
[16:15:27 ERR] Error processing OAuth2 request
System.Text.Json.JsonException: The input does not contain any JSON tokens. Expected the input to start with a valid JSON token, when isFinalBlock is true. Path: $ | LineNumber: 0 | BytePositionInLine: 0.
 ---&gt; System.Text.Json.JsonReaderException: The input does not contain any JSON tokens. Expected the input to start with a valid JSON token, when isFinalBlock is true. LineNumber: 0 | BytePositionInLine: 0.
   at System.Text.Json.ThrowHelper.ThrowJsonReaderException(Utf8JsonReader&amp; json, ExceptionResource resource, Byte nextByte, ReadOnlySpan`1 bytes)
   at System.Text.Json.Utf8JsonReader.Read()
   at System.Text.Json.Serialization.JsonConverter`1.ReadCore(Utf8JsonReader&amp; reader, T&amp; value, JsonSerializerOptions options, ReadStack&amp; state)
   --- End of inner exception stack trace ---
   at System.Text.Json.ThrowHelper.ReThrowWithPath(ReadStack&amp; state, JsonReaderException ex)
   at System.Text.Json.Serialization.JsonConverter`1.ReadCore(Utf8JsonReader&amp; reader, T&amp; value, JsonSerializerOptions options, ReadStack&amp; state)
   at System.Text.Json.Serialization.Metadata.JsonTypeInfo`1.Deserialize(Utf8JsonReader&amp; reader, ReadStack&amp; state)
   at System.Text.Json.JsonSerializer.ReadFromSpan[TValue](ReadOnlySpan`1 utf8Json, JsonTypeInfo`1 jsonTypeInfo, Nullable`1 actualByteCount)
   at System.Text.Json.JsonSerializer.ReadFromSpan[TValue](ReadOnlySpan`1 json, JsonTypeInfo`1 jsonTypeInfo)
   at BeDemo.Api.Middlewares.OAuth2Middleware.InvokeAsync(HttpContext context) in /Users/ladislavkostolny/Soft/_mfai_demo/be_demo/BeDemo.Api/Middlewares/OAuth2Middleware.cs:line 65
[16:15:27 ERR] Error processing OAuth2 request
System.Text.Json.JsonException: The input does not contain any JSON tokens. Expected the input to start with a valid JSON token, when isFinalBlock is true. Path: $ | LineNumber: 0 | BytePositionInLine: 0.
 ---&gt; System.Text.Json.JsonReaderException: The input does not contain any JSON tokens. Expected the input to start with a valid JSON token, when isFinalBlock is true. LineNumber: 0 | BytePositionInLine: 0.
   at System.Text.Json.ThrowHelper.ThrowJsonReaderException(Utf8JsonReader&amp; json, ExceptionResource resource, Byte nextByte, ReadOnlySpan`1 bytes)
   at System.Text.Json.Utf8JsonReader.Read()
   at System.Text.Json.Serialization.JsonConverter`1.ReadCore(Utf8JsonReader&amp; reader, T&amp; value, JsonSerializerOptions options, ReadStack&amp; state)
   --- End of inner exception stack trace ---
   at System.Text.Json.ThrowHelper.ReThrowWithPath(ReadStack&amp; state, JsonReaderException ex)
   at System.Text.Json.Serialization.JsonConverter`1.ReadCore(Utf8JsonReader&amp; reader, T&amp; value, JsonSerializerOptions options, ReadStack&amp; state)
   at System.Text.Json.Serialization.Metadata.JsonTypeInfo`1.Deserialize(Utf8JsonReader&amp; reader, ReadStack&amp; state)
   at System.Text.Json.JsonSerializer.ReadFromSpan[TValue](ReadOnlySpan`1 utf8Json, JsonTypeInfo`1 jsonTypeInfo, Nullable`1 actualByteCount)
   at System.Text.Json.JsonSerializer.ReadFromSpan[TValue](ReadOnlySpan`1 json, JsonTypeInfo`1 jsonTypeInfo)
   at BeDemo.Api.Middlewares.OAuth2Middleware.InvokeAsync(HttpContext context) in /Users/ladislavkostolny/Soft/_mfai_demo/be_demo/BeDemo.Api/Middlewares/OAuth2Middleware.cs:line 65
[16:15:27 WRN] Password grant type missing username or password
[16:15:27 WRN] Password grant type missing username or password
[16:15:27 WRN] Token generation failed for grant type: password
[16:15:27 WRN] Token generation failed for grant type: password
[16:15:27 WRN] Password grant type missing username or password
[16:15:27 WRN] Password grant type missing username or password
[16:15:27 WRN] Token generation failed for grant type: password
[16:15:27 WRN] Token generation failed for grant type: password
[16:15:27 WRN] User registration failed: test@test.com, Errors: Passwords must have at least one lowercase ('a'-'z').
[16:15:27 WRN] User registration failed: test@test.com, Errors: Passwords must have at least one lowercase ('a'-'z').
[16:15:27 INF] User registered successfully: test_2809c83a-c329-413e-8fa2-05a8e0c4bc5e@test.com
[16:15:27 INF] User registered successfully: test_2809c83a-c329-413e-8fa2-05a8e0c4bc5e@test.com
[16:15:27 INF] User registered successfully: test_a094bfb7-2eb1-422e-bba8-1f864f3aa149@test.com
[16:15:27 INF] User registered successfully: test_a094bfb7-2eb1-422e-bba8-1f864f3aa149@test.com
[16:15:27 INF] User registered successfully: test_38f12cf2-3b6c-4359-93b0-e8a70b1f0d7a@test.com
[16:15:27 INF] User registered successfully: test_38f12cf2-3b6c-4359-93b0-e8a70b1f0d7a@test.com
[16:15:27 INF] User registered successfully: test_7b2fa3ff-75c0-422c-86b8-13d323d772e2@test.com
[16:15:27 INF] User registered successfully: test_7b2fa3ff-75c0-422c-86b8-13d323d772e2@test.com
[16:15:27 INF] User registered successfully: test_0d7032d0-f477-4b27-aa21-c6aea84715eb@test.com
[16:15:27 INF] User registered successfully: test_0d7032d0-f477-4b27-aa21-c6aea84715eb@test.com
[16:15:27 INF] User registered successfully: test_3db7f4d1-cdce-453b-bc86-c2b2755826f0@test.com
[16:15:27 INF] User registered successfully: test_3db7f4d1-cdce-453b-bc86-c2b2755826f0@test.com
[16:15:27 INF] User registered successfully: test_1d9affa9-b485-42f3-8af0-acaa1db9769c@test.com
[16:15:27 INF] User registered successfully: test_1d9affa9-b485-42f3-8af0-acaa1db9769c@test.com
[16:15:28 INF] User registered successfully: test_ae126f95-c5dc-4058-8462-f28ef10ed91c@test.com
[16:15:28 INF] User registered successfully: test_ae126f95-c5dc-4058-8462-f28ef10ed91c@test.com
[16:15:28 INF] User registered successfully: test_9ea3621b-7dac-4fe1-ac1f-fb9501451988@test.com
[16:15:28 INF] User registered successfully: test_9ea3621b-7dac-4fe1-ac1f-fb9501451988@test.com
[16:15:28 INF] User registered successfully: test_3b1299c4-e11c-44da-9f9a-c79b019ac65a@test.com
[16:15:28 INF] User registered successfully: test_3b1299c4-e11c-44da-9f9a-c79b019ac65a@test.com
[16:15:28 INF] User registered successfully: test_4900cd89-8551-4fa2-bc97-96277363c79c@test.com
[16:15:28 INF] User registered successfully: test_4900cd89-8551-4fa2-bc97-96277363c79c@test.com
[16:15:28 INF] User registered successfully: test_5ddfb70d-984d-4dec-9b17-2108fb209458@test.com
[16:15:28 INF] User registered successfully: test_5ddfb70d-984d-4dec-9b17-2108fb209458@test.com
[16:15:28 INF] User registered successfully: test_fcd9ab57-40be-4cab-a456-24efdda947a6@test.com
[16:15:28 INF] User registered successfully: test_fcd9ab57-40be-4cab-a456-24efdda947a6@test.com
[16:15:28 INF] User registered successfully: test_88c1089a-015a-4dde-adcc-36741fb5b508@test.com
[16:15:28 INF] User registered successfully: test_88c1089a-015a-4dde-adcc-36741fb5b508@test.com
[16:15:28 INF] User registered successfully: test_83065bce-c48b-4234-a4c7-96ad2c361829@test.com
[16:15:28 INF] User registered successfully: test_83065bce-c48b-4234-a4c7-96ad2c361829@test.com
[16:15:28 INF] User registered successfully: test_753738f5-1d35-4e65-a3c5-e47faaef42a9@test.com
[16:15:28 INF] User registered successfully: test_753738f5-1d35-4e65-a3c5-e47faaef42a9@test.com
[xUnit.net 00:00:04.57]   Finished:    BeDemo.Api.Tests
</StdOut>
    </Output>
    <RunInfos>
      <RunInfo computerName="Ladislavs-MacBook-Air" outcome="Error" timestamp="2026-01-17T16:15:26.0764990+01:00">
        <Text>[xUnit.net 00:00:02.20]     BeDemo.Api.Tests.SecurityEdgeCaseTests.Token_ShouldFail_WhenSignatureIsEmpty [FAIL]</Text>
      </RunInfo>
      <RunInfo computerName="Ladislavs-MacBook-Air" outcome="Error" timestamp="2026-01-17T16:15:26.1798550+01:00">
        <Text>[xUnit.net 00:00:02.30]     BeDemo.Api.Tests.RefreshTokenEdgeCaseTests.Token_ShouldFail_WhenRefreshTokenIsAccessToken [FAIL]</Text>
      </RunInfo>
      <RunInfo computerName="Ladislavs-MacBook-Air" outcome="Error" timestamp="2026-01-17T16:15:26.2591570+01:00">
        <Text>[xUnit.net 00:00:02.38]     BeDemo.Api.Tests.SecurityEdgeCaseTests.Token_ShouldFail_WhenNullByteInUsername [FAIL]</Text>
      </RunInfo>
      <RunInfo computerName="Ladislavs-MacBook-Air" outcome="Error" timestamp="2026-01-17T16:15:26.3078250+01:00">
        <Text>[xUnit.net 00:00:02.43]     BeDemo.Api.Tests.SecurityEdgeCaseTests.Token_ShouldFail_WhenUnicodeNullInUsername [FAIL]</Text>
      </RunInfo>
      <RunInfo computerName="Ladislavs-MacBook-Air" outcome="Error" timestamp="2026-01-17T16:15:26.3226000+01:00">
        <Text>[xUnit.net 00:00:02.44]     BeDemo.Api.Tests.BoundaryValueTests.Register_ShouldSucceed_WhenEmailIsMinLength [FAIL]</Text>
      </RunInfo>
      <RunInfo computerName="Ladislavs-MacBook-Air" outcome="Error" timestamp="2026-01-17T16:15:26.4259070+01:00">
        <Text>[xUnit.net 00:00:02.55]     BeDemo.Api.Tests.SecurityEdgeCaseTests.Register_ShouldFail_WhenEmailContainsNullByte [FAIL]</Text>
      </RunInfo>
    </RunInfos>
  </ResultSummary>
</TestRun>